CRITICAL - 2024-04-15 03:01:20 --> Undefined variable $events
in APPPATH\Views\user\Buy_Ticket_Event.php on line 108.
 1 APPPATH\Views\user\Buy_Ticket_Event.php(108): CodeIgniter\Debug\Exceptions->errorHandler(2, 'Undefined variable $events', 'C:\\laragon\\www\\DWCC2\\app\\Views\\user\\Buy_Ticket_Event.php', 108)
 2 SYSTEMPATH\View\View.php(228): include('C:\\laragon\\www\\DWCC2\\app\\Views\\user\\Buy_Ticket_Event.php')
 3 SYSTEMPATH\View\View.php(231): CodeIgniter\View\View->CodeIgniter\View\{closure}()
 4 SYSTEMPATH\Common.php(1190): CodeIgniter\View\View->render('user/Buy_Ticket_Event', [], true)
 5 APPPATH\Controllers\UserController.php(275): view('user/Buy_Ticket_Event', [...])
 6 SYSTEMPATH\CodeIgniter.php(942): App\Controllers\UserController->showAvailableTickets('4')
 7 SYSTEMPATH\CodeIgniter.php(502): CodeIgniter\CodeIgniter->runController(Object(App\Controllers\UserController))
 8 SYSTEMPATH\CodeIgniter.php(361): CodeIgniter\CodeIgniter->handleRequest(null, Object(Config\Cache), false)
 9 FCPATH\index.php(79): CodeIgniter\CodeIgniter->run()
10 SYSTEMPATH\Commands\Server\rewrite.php(47): require_once('C:\\laragon\\www\\DWCC2\\public\\index.php')
CRITICAL - 2024-04-15 03:03:23 --> Undefined variable $userType
in APPPATH\Views\user\Buy_Ticket_Event.php on line 109.
 1 APPPATH\Views\user\Buy_Ticket_Event.php(109): CodeIgniter\Debug\Exceptions->errorHandler(2, 'Undefined variable $userType', 'C:\\laragon\\www\\DWCC2\\app\\Views\\user\\Buy_Ticket_Event.php', 109)
 2 SYSTEMPATH\View\View.php(228): include('C:\\laragon\\www\\DWCC2\\app\\Views\\user\\Buy_Ticket_Event.php')
 3 SYSTEMPATH\View\View.php(231): CodeIgniter\View\View->CodeIgniter\View\{closure}()
 4 SYSTEMPATH\Common.php(1190): CodeIgniter\View\View->render('user/Buy_Ticket_Event', [], true)
 5 APPPATH\Controllers\UserController.php(275): view('user/Buy_Ticket_Event', [...])
 6 SYSTEMPATH\CodeIgniter.php(942): App\Controllers\UserController->showAvailableTickets('4')
 7 SYSTEMPATH\CodeIgniter.php(502): CodeIgniter\CodeIgniter->runController(Object(App\Controllers\UserController))
 8 SYSTEMPATH\CodeIgniter.php(361): CodeIgniter\CodeIgniter->handleRequest(null, Object(Config\Cache), false)
 9 FCPATH\index.php(79): CodeIgniter\CodeIgniter->run()
10 SYSTEMPATH\Commands\Server\rewrite.php(47): require_once('C:\\laragon\\www\\DWCC2\\public\\index.php')
CRITICAL - 2024-04-15 03:03:33 --> Undefined variable $events
in APPPATH\Views\user\Buy_Ticket_Event.php on line 108.
 1 APPPATH\Views\user\Buy_Ticket_Event.php(108): CodeIgniter\Debug\Exceptions->errorHandler(2, 'Undefined variable $events', 'C:\\laragon\\www\\DWCC2\\app\\Views\\user\\Buy_Ticket_Event.php', 108)
 2 SYSTEMPATH\View\View.php(228): include('C:\\laragon\\www\\DWCC2\\app\\Views\\user\\Buy_Ticket_Event.php')
 3 SYSTEMPATH\View\View.php(231): CodeIgniter\View\View->CodeIgniter\View\{closure}()
 4 SYSTEMPATH\Common.php(1190): CodeIgniter\View\View->render('user/Buy_Ticket_Event', [], true)
 5 APPPATH\Controllers\UserController.php(275): view('user/Buy_Ticket_Event', [...])
 6 SYSTEMPATH\CodeIgniter.php(942): App\Controllers\UserController->showAvailableTickets('4')
 7 SYSTEMPATH\CodeIgniter.php(502): CodeIgniter\CodeIgniter->runController(Object(App\Controllers\UserController))
 8 SYSTEMPATH\CodeIgniter.php(361): CodeIgniter\CodeIgniter->handleRequest(null, Object(Config\Cache), false)
 9 FCPATH\index.php(79): CodeIgniter\CodeIgniter->run()
10 SYSTEMPATH\Commands\Server\rewrite.php(47): require_once('C:\\laragon\\www\\DWCC2\\public\\index.php')
CRITICAL - 2024-04-15 03:03:35 --> Undefined variable $events
in APPPATH\Views\user\Buy_Ticket_Event.php on line 108.
 1 APPPATH\Views\user\Buy_Ticket_Event.php(108): CodeIgniter\Debug\Exceptions->errorHandler(2, 'Undefined variable $events', 'C:\\laragon\\www\\DWCC2\\app\\Views\\user\\Buy_Ticket_Event.php', 108)
 2 SYSTEMPATH\View\View.php(228): include('C:\\laragon\\www\\DWCC2\\app\\Views\\user\\Buy_Ticket_Event.php')
 3 SYSTEMPATH\View\View.php(231): CodeIgniter\View\View->CodeIgniter\View\{closure}()
 4 SYSTEMPATH\Common.php(1190): CodeIgniter\View\View->render('user/Buy_Ticket_Event', [], true)
 5 APPPATH\Controllers\UserController.php(275): view('user/Buy_Ticket_Event', [...])
 6 SYSTEMPATH\CodeIgniter.php(942): App\Controllers\UserController->showAvailableTickets('4')
 7 SYSTEMPATH\CodeIgniter.php(502): CodeIgniter\CodeIgniter->runController(Object(App\Controllers\UserController))
 8 SYSTEMPATH\CodeIgniter.php(361): CodeIgniter\CodeIgniter->handleRequest(null, Object(Config\Cache), false)
 9 FCPATH\index.php(79): CodeIgniter\CodeIgniter->run()
10 SYSTEMPATH\Commands\Server\rewrite.php(47): require_once('C:\\laragon\\www\\DWCC2\\public\\index.php')
CRITICAL - 2024-04-15 03:22:23 --> ini_set(): Session ini settings cannot be changed when a session is active
in SYSTEMPATH\Session\Handlers\FileHandler.php on line 72.
 1 [internal function]: CodeIgniter\Debug\Exceptions->errorHandler(2, 'ini_set(): Session ini settings cannot be changed when a session is active', 'C:\\laragon\\www\\DWCC2\\system\\Session\\Handlers\\FileHandler.php', 72)
 2 SYSTEMPATH\Session\Handlers\FileHandler.php(72): ini_set('session.save_path', 'C:\\laragon\\www\\DWCC2\\writable\\session')
 3 SYSTEMPATH\Config\Services.php(686): CodeIgniter\Session\Handlers\FileHandler->__construct(Object(Config\Session), '::1')
 4 SYSTEMPATH\Config\BaseService.php(258): CodeIgniter\Config\Services::session(Object(Config\Session), false)
 5 SYSTEMPATH\Config\BaseService.php(199): CodeIgniter\Config\BaseService::__callStatic('session', [...])
 6 SYSTEMPATH\Config\Services.php(664): CodeIgniter\Config\BaseService::getSharedInstance('session', null)
 7 SYSTEMPATH\Config\BaseService.php(258): CodeIgniter\Config\Services::session()
 8 SYSTEMPATH\Common.php(996): CodeIgniter\Config\BaseService::__callStatic('session', [])
 9 SYSTEMPATH\CodeIgniter.php(1069): session()
10 SYSTEMPATH\CodeIgniter.php(549): CodeIgniter\CodeIgniter->storePreviousURL(Object(CodeIgniter\HTTP\SiteURI))
11 SYSTEMPATH\CodeIgniter.php(361): CodeIgniter\CodeIgniter->handleRequest(null, Object(Config\Cache), false)
12 FCPATH\index.php(79): CodeIgniter\CodeIgniter->run()
13 SYSTEMPATH\Commands\Server\rewrite.php(47): require_once('C:\\laragon\\www\\DWCC2\\public\\index.php')
CRITICAL - 2024-04-15 04:44:50 --> Undefined array key "Username"
in APPPATH\Controllers\UserController.php on line 184.
 1 APPPATH\Controllers\UserController.php(184): CodeIgniter\Debug\Exceptions->errorHandler(2, 'Undefined array key "Username"', 'C:\\laragon\\www\\DWCC2\\app\\Controllers\\UserController.php', 184)
 2 SYSTEMPATH\CodeIgniter.php(942): App\Controllers\UserController->viewSessionData()
 3 SYSTEMPATH\CodeIgniter.php(502): CodeIgniter\CodeIgniter->runController(Object(App\Controllers\UserController))
 4 SYSTEMPATH\CodeIgniter.php(361): CodeIgniter\CodeIgniter->handleRequest(null, Object(Config\Cache), false)
 5 FCPATH\index.php(79): CodeIgniter\CodeIgniter->run()
 6 SYSTEMPATH\Commands\Server\rewrite.php(47): require_once('C:\\laragon\\www\\DWCC2\\public\\index.php')
CRITICAL - 2024-04-15 04:45:14 --> Undefined array key "Username"
in APPPATH\Controllers\UserController.php on line 185.
 1 APPPATH\Controllers\UserController.php(185): CodeIgniter\Debug\Exceptions->errorHandler(2, 'Undefined array key "Username"', 'C:\\laragon\\www\\DWCC2\\app\\Controllers\\UserController.php', 185)
 2 SYSTEMPATH\CodeIgniter.php(942): App\Controllers\UserController->viewSessionData()
 3 SYSTEMPATH\CodeIgniter.php(502): CodeIgniter\CodeIgniter->runController(Object(App\Controllers\UserController))
 4 SYSTEMPATH\CodeIgniter.php(361): CodeIgniter\CodeIgniter->handleRequest(null, Object(Config\Cache), false)
 5 FCPATH\index.php(79): CodeIgniter\CodeIgniter->run()
 6 SYSTEMPATH\Commands\Server\rewrite.php(47): require_once('C:\\laragon\\www\\DWCC2\\public\\index.php')
CRITICAL - 2024-04-15 04:49:45 --> Undefined array key "TicketTypeID"
in APPPATH\Views\user\Buy_Ticket_Event.php on line 115.
 1 APPPATH\Views\user\Buy_Ticket_Event.php(115): CodeIgniter\Debug\Exceptions->errorHandler(2, 'Undefined array key "TicketTypeID"', 'C:\\laragon\\www\\DWCC2\\app\\Views\\user\\Buy_Ticket_Event.php', 115)
 2 SYSTEMPATH\View\View.php(228): include('C:\\laragon\\www\\DWCC2\\app\\Views\\user\\Buy_Ticket_Event.php')
 3 SYSTEMPATH\View\View.php(231): CodeIgniter\View\View->CodeIgniter\View\{closure}()
 4 SYSTEMPATH\Common.php(1190): CodeIgniter\View\View->render('user/Buy_Ticket_Event', [], true)
 5 APPPATH\Controllers\UserController.php(301): view('user/Buy_Ticket_Event', [...])
 6 SYSTEMPATH\CodeIgniter.php(942): App\Controllers\UserController->showAvailableTickets('4')
 7 SYSTEMPATH\CodeIgniter.php(502): CodeIgniter\CodeIgniter->runController(Object(App\Controllers\UserController))
 8 SYSTEMPATH\CodeIgniter.php(361): CodeIgniter\CodeIgniter->handleRequest(null, Object(Config\Cache), false)
 9 FCPATH\index.php(79): CodeIgniter\CodeIgniter->run()
10 SYSTEMPATH\Commands\Server\rewrite.php(47): require_once('C:\\laragon\\www\\DWCC2\\public\\index.php')
CRITICAL - 2024-04-15 04:50:10 --> Undefined array key "TicketTypeID"
in APPPATH\Views\user\Buy_Ticket_Event.php on line 115.
 1 APPPATH\Views\user\Buy_Ticket_Event.php(115): CodeIgniter\Debug\Exceptions->errorHandler(2, 'Undefined array key "TicketTypeID"', 'C:\\laragon\\www\\DWCC2\\app\\Views\\user\\Buy_Ticket_Event.php', 115)
 2 SYSTEMPATH\View\View.php(228): include('C:\\laragon\\www\\DWCC2\\app\\Views\\user\\Buy_Ticket_Event.php')
 3 SYSTEMPATH\View\View.php(231): CodeIgniter\View\View->CodeIgniter\View\{closure}()
 4 SYSTEMPATH\Common.php(1190): CodeIgniter\View\View->render('user/Buy_Ticket_Event', [], true)
 5 APPPATH\Controllers\UserController.php(301): view('user/Buy_Ticket_Event', [...])
 6 SYSTEMPATH\CodeIgniter.php(942): App\Controllers\UserController->showAvailableTickets('4')
 7 SYSTEMPATH\CodeIgniter.php(502): CodeIgniter\CodeIgniter->runController(Object(App\Controllers\UserController))
 8 SYSTEMPATH\CodeIgniter.php(361): CodeIgniter\CodeIgniter->handleRequest(null, Object(Config\Cache), false)
 9 FCPATH\index.php(79): CodeIgniter\CodeIgniter->run()
10 SYSTEMPATH\Commands\Server\rewrite.php(47): require_once('C:\\laragon\\www\\DWCC2\\public\\index.php')
CRITICAL - 2024-04-15 15:21:48 --> Trying to access array offset on value of type null
in APPPATH\Controllers\UserController.php on line 210.
 1 APPPATH\Controllers\UserController.php(210): CodeIgniter\Debug\Exceptions->errorHandler(2, 'Trying to access array offset on value of type null', 'C:\\laragon\\www\\DWCC2\\app\\Controllers\\UserController.php', 210)
 2 SYSTEMPATH\CodeIgniter.php(942): App\Controllers\UserController->stud_displayEvents()
 3 SYSTEMPATH\CodeIgniter.php(502): CodeIgniter\CodeIgniter->runController(Object(App\Controllers\UserController))
 4 SYSTEMPATH\CodeIgniter.php(361): CodeIgniter\CodeIgniter->handleRequest(null, Object(Config\Cache), false)
 5 FCPATH\index.php(79): CodeIgniter\CodeIgniter->run()
 6 SYSTEMPATH\Commands\Server\rewrite.php(47): require_once('C:\\laragon\\www\\DWCC2\\public\\index.php')
CRITICAL - 2024-04-15 16:03:25 --> Class "App\Controllers\TicketPurchaseModel" not found
in APPPATH\Controllers\UserController.php on line 342.
 1 SYSTEMPATH\CodeIgniter.php(942): App\Controllers\UserController->buyTicket('25')
 2 SYSTEMPATH\CodeIgniter.php(502): CodeIgniter\CodeIgniter->runController(Object(App\Controllers\UserController))
 3 SYSTEMPATH\CodeIgniter.php(361): CodeIgniter\CodeIgniter->handleRequest(null, Object(Config\Cache), false)
 4 FCPATH\index.php(79): CodeIgniter\CodeIgniter->run()
 5 SYSTEMPATH\Commands\Server\rewrite.php(47): require_once('C:\\laragon\\www\\DWCC2\\public\\index.php')
ERROR - 2024-04-15 16:03:35 --> mysqli_sql_exception: Cannot add or update a child row: a foreign key constraint fails (`ticketing`.`ticketpurchases`, CONSTRAINT `ticketpurchases_ibfk_2` FOREIGN KEY (`TicketID`) REFERENCES `tickets` (`TicketID`)) in C:\laragon\www\DWCC2\system\Database\MySQLi\Connection.php:306
Stack trace:
#0 C:\laragon\www\DWCC2\system\Database\MySQLi\Connection.php(306): mysqli->query('INSERT INTO `ti...', 0)
#1 C:\laragon\www\DWCC2\system\Database\BaseConnection.php(693): CodeIgniter\Database\MySQLi\Connection->execute('INSERT INTO `ti...')
#2 C:\laragon\www\DWCC2\system\Database\BaseConnection.php(607): CodeIgniter\Database\BaseConnection->simpleQuery('INSERT INTO `ti...')
#3 C:\laragon\www\DWCC2\system\Database\BaseBuilder.php(2308): CodeIgniter\Database\BaseConnection->query('INSERT INTO `ti...', Array, false)
#4 C:\laragon\www\DWCC2\system\Model.php(319): CodeIgniter\Database\BaseBuilder->insert()
#5 C:\laragon\www\DWCC2\system\BaseModel.php(788): CodeIgniter\Model->doInsert(Array)
#6 C:\laragon\www\DWCC2\system\Model.php(715): CodeIgniter\BaseModel->insert(Array, true)
#7 C:\laragon\www\DWCC2\app\Controllers\UserController.php(356): CodeIgniter\Model->insert(Array)
#8 C:\laragon\www\DWCC2\system\CodeIgniter.php(942): App\Controllers\UserController->buyTicket('25')
#9 C:\laragon\www\DWCC2\system\CodeIgniter.php(502): CodeIgniter\CodeIgniter->runController(Object(App\Controllers\UserController))
#10 C:\laragon\www\DWCC2\system\CodeIgniter.php(361): CodeIgniter\CodeIgniter->handleRequest(NULL, Object(Config\Cache), false)
#11 C:\laragon\www\DWCC2\public\index.php(79): CodeIgniter\CodeIgniter->run()
#12 C:\laragon\www\DWCC2\system\Commands\Server\rewrite.php(47): require_once('C:\\laragon\\www\\...')
#13 {main}
CRITICAL - 2024-04-15 16:03:35 --> Cannot add or update a child row: a foreign key constraint fails (`ticketing`.`ticketpurchases`, CONSTRAINT `ticketpurchases_ibfk_2` FOREIGN KEY (`TicketID`) REFERENCES `tickets` (`TicketID`))
in SYSTEMPATH\Database\BaseConnection.php on line 647.
 1 SYSTEMPATH\Database\BaseBuilder.php(2308): CodeIgniter\Database\BaseConnection->query('INSERT INTO `ticketpurchases` (`UserID`, `TicketID`, `TicketTypeID`, `EventID`, `PurchaseDate`, `Quantity`, `Status`) VALUES (:UserID:, :TicketID:, :TicketTypeID:, :EventID:, :PurchaseDate:, :Quantity:, :Status:)', [...], false)
 2 SYSTEMPATH\Model.php(319): CodeIgniter\Database\BaseBuilder->insert()
 3 SYSTEMPATH\BaseModel.php(788): CodeIgniter\Model->doInsert([...])
 4 SYSTEMPATH\Model.php(715): CodeIgniter\BaseModel->insert([...], true)
 5 APPPATH\Controllers\UserController.php(356): CodeIgniter\Model->insert([...])
 6 SYSTEMPATH\CodeIgniter.php(942): App\Controllers\UserController->buyTicket('25')
 7 SYSTEMPATH\CodeIgniter.php(502): CodeIgniter\CodeIgniter->runController(Object(App\Controllers\UserController))
 8 SYSTEMPATH\CodeIgniter.php(361): CodeIgniter\CodeIgniter->handleRequest(null, Object(Config\Cache), false)
 9 FCPATH\index.php(79): CodeIgniter\CodeIgniter->run()
10 SYSTEMPATH\Commands\Server\rewrite.php(47): require_once('C:\\laragon\\www\\DWCC2\\public\\index.php')
CRITICAL - 2024-04-15 16:34:42 --> Class "App\Controllers\TicketPurchaseModel" not found
in APPPATH\Controllers\UserController.php on line 342.
 1 SYSTEMPATH\CodeIgniter.php(942): App\Controllers\UserController->buyTicket('28')
 2 SYSTEMPATH\CodeIgniter.php(502): CodeIgniter\CodeIgniter->runController(Object(App\Controllers\UserController))
 3 SYSTEMPATH\CodeIgniter.php(361): CodeIgniter\CodeIgniter->handleRequest(null, Object(Config\Cache), false)
 4 FCPATH\index.php(79): CodeIgniter\CodeIgniter->run()
 5 SYSTEMPATH\Commands\Server\rewrite.php(47): require_once('C:\\laragon\\www\\DWCC2\\public\\index.php')
CRITICAL - 2024-04-15 17:42:17 --> Undefined variable $ticketTypeID
in APPPATH\Views\user\Buy_Ticket_Event.php on line 108.
 1 APPPATH\Views\user\Buy_Ticket_Event.php(108): CodeIgniter\Debug\Exceptions->errorHandler(2, 'Undefined variable $ticketTypeID', 'C:\\laragon\\www\\DWCC2\\app\\Views\\user\\Buy_Ticket_Event.php', 108)
 2 SYSTEMPATH\View\View.php(228): include('C:\\laragon\\www\\DWCC2\\app\\Views\\user\\Buy_Ticket_Event.php')
 3 SYSTEMPATH\View\View.php(231): CodeIgniter\View\View->CodeIgniter\View\{closure}()
 4 SYSTEMPATH\Common.php(1190): CodeIgniter\View\View->render('user/Buy_Ticket_Event', [], true)
 5 APPPATH\Controllers\UserController.php(310): view('user/Buy_Ticket_Event')
 6 SYSTEMPATH\CodeIgniter.php(942): App\Controllers\UserController->buyTicket('25')
 7 SYSTEMPATH\CodeIgniter.php(502): CodeIgniter\CodeIgniter->runController(Object(App\Controllers\UserController))
 8 SYSTEMPATH\CodeIgniter.php(361): CodeIgniter\CodeIgniter->handleRequest(null, Object(Config\Cache), false)
 9 FCPATH\index.php(79): CodeIgniter\CodeIgniter->run()
10 SYSTEMPATH\Commands\Server\rewrite.php(47): require_once('C:\\laragon\\www\\DWCC2\\public\\index.php')
