CRITICAL - 2024-04-18 04:39:45 --> Trying to access array offset on value of type null
in APPPATH\Controllers\UserController.php on line 210.
 1 APPPATH\Controllers\UserController.php(210): CodeIgniter\Debug\Exceptions->errorHandler(2, 'Trying to access array offset on value of type null', 'C:\\laragon\\www\\DWCC2\\app\\Controllers\\UserController.php', 210)
 2 SYSTEMPATH\CodeIgniter.php(942): App\Controllers\UserController->stud_displayEvents()
 3 SYSTEMPATH\CodeIgniter.php(502): CodeIgniter\CodeIgniter->runController(Object(App\Controllers\UserController))
 4 SYSTEMPATH\CodeIgniter.php(361): CodeIgniter\CodeIgniter->handleRequest(null, Object(Config\Cache), false)
 5 FCPATH\index.php(79): CodeIgniter\CodeIgniter->run()
 6 SYSTEMPATH\Commands\Server\rewrite.php(47): require_once('C:\\laragon\\www\\DWCC2\\public\\index.php')
CRITICAL - 2024-04-18 06:42:13 --> Attempt to assign property "Status" on array
in APPPATH\Controllers\ScannerController.php on line 37.
 1 SYSTEMPATH\CodeIgniter.php(942): App\Controllers\ScannerController->validateQRCode()
 2 SYSTEMPATH\CodeIgniter.php(502): CodeIgniter\CodeIgniter->runController(Object(App\Controllers\ScannerController))
 3 SYSTEMPATH\CodeIgniter.php(361): CodeIgniter\CodeIgniter->handleRequest(null, Object(Config\Cache), false)
 4 FCPATH\index.php(79): CodeIgniter\CodeIgniter->run()
 5 SYSTEMPATH\Commands\Server\rewrite.php(47): require_once('C:\\laragon\\www\\DWCC2\\public\\index.php')
CRITICAL - 2024-04-18 06:42:48 --> Attempt to assign property "Status" on array
in APPPATH\Controllers\ScannerController.php on line 37.
 1 SYSTEMPATH\CodeIgniter.php(942): App\Controllers\ScannerController->validateQRCode()
 2 SYSTEMPATH\CodeIgniter.php(502): CodeIgniter\CodeIgniter->runController(Object(App\Controllers\ScannerController))
 3 SYSTEMPATH\CodeIgniter.php(361): CodeIgniter\CodeIgniter->handleRequest(null, Object(Config\Cache), false)
 4 FCPATH\index.php(79): CodeIgniter\CodeIgniter->run()
 5 SYSTEMPATH\Commands\Server\rewrite.php(47): require_once('C:\\laragon\\www\\DWCC2\\public\\index.php')
CRITICAL - 2024-04-18 06:45:37 --> Call to undefined method stdClass::save()
in APPPATH\Controllers\ScannerController.php on line 42.
 1 SYSTEMPATH\CodeIgniter.php(942): App\Controllers\ScannerController->validateQRCode()
 2 SYSTEMPATH\CodeIgniter.php(502): CodeIgniter\CodeIgniter->runController(Object(App\Controllers\ScannerController))
 3 SYSTEMPATH\CodeIgniter.php(361): CodeIgniter\CodeIgniter->handleRequest(null, Object(Config\Cache), false)
 4 FCPATH\index.php(79): CodeIgniter\CodeIgniter->run()
 5 SYSTEMPATH\Commands\Server\rewrite.php(47): require_once('C:\\laragon\\www\\DWCC2\\public\\index.php')
CRITICAL - 2024-04-18 06:46:49 --> Call to undefined method stdClass::insert()
in APPPATH\Controllers\ScannerController.php on line 42.
 1 SYSTEMPATH\CodeIgniter.php(942): App\Controllers\ScannerController->validateQRCode()
 2 SYSTEMPATH\CodeIgniter.php(502): CodeIgniter\CodeIgniter->runController(Object(App\Controllers\ScannerController))
 3 SYSTEMPATH\CodeIgniter.php(361): CodeIgniter\CodeIgniter->handleRequest(null, Object(Config\Cache), false)
 4 FCPATH\index.php(79): CodeIgniter\CodeIgniter->run()
 5 SYSTEMPATH\Commands\Server\rewrite.php(47): require_once('C:\\laragon\\www\\DWCC2\\public\\index.php')
CRITICAL - 2024-04-18 06:48:08 --> Class "App\Controllers\QRModel" not found
in APPPATH\Controllers\ScannerController.php on line 23.
 1 SYSTEMPATH\CodeIgniter.php(942): App\Controllers\ScannerController->validateQRCode()
 2 SYSTEMPATH\CodeIgniter.php(502): CodeIgniter\CodeIgniter->runController(Object(App\Controllers\ScannerController))
 3 SYSTEMPATH\CodeIgniter.php(361): CodeIgniter\CodeIgniter->handleRequest(null, Object(Config\Cache), false)
 4 FCPATH\index.php(79): CodeIgniter\CodeIgniter->run()
 5 SYSTEMPATH\Commands\Server\rewrite.php(47): require_once('C:\\laragon\\www\\DWCC2\\public\\index.php')
CRITICAL - 2024-04-18 06:48:41 --> Attempt to assign property "Status" on array
in APPPATH\Controllers\ScannerController.php on line 38.
 1 SYSTEMPATH\CodeIgniter.php(942): App\Controllers\ScannerController->validateQRCode()
 2 SYSTEMPATH\CodeIgniter.php(502): CodeIgniter\CodeIgniter->runController(Object(App\Controllers\ScannerController))
 3 SYSTEMPATH\CodeIgniter.php(361): CodeIgniter\CodeIgniter->handleRequest(null, Object(Config\Cache), false)
 4 FCPATH\index.php(79): CodeIgniter\CodeIgniter->run()
 5 SYSTEMPATH\Commands\Server\rewrite.php(47): require_once('C:\\laragon\\www\\DWCC2\\public\\index.php')
CRITICAL - 2024-04-18 06:49:56 --> Call to undefined method stdClass::save()
in APPPATH\Controllers\ScannerController.php on line 42.
 1 SYSTEMPATH\CodeIgniter.php(942): App\Controllers\ScannerController->validateQRCode()
 2 SYSTEMPATH\CodeIgniter.php(502): CodeIgniter\CodeIgniter->runController(Object(App\Controllers\ScannerController))
 3 SYSTEMPATH\CodeIgniter.php(361): CodeIgniter\CodeIgniter->handleRequest(null, Object(Config\Cache), false)
 4 FCPATH\index.php(79): CodeIgniter\CodeIgniter->run()
 5 SYSTEMPATH\Commands\Server\rewrite.php(47): require_once('C:\\laragon\\www\\DWCC2\\public\\index.php')
CRITICAL - 2024-04-18 06:50:53 --> Undefined array key "id"
in APPPATH\Controllers\ScannerController.php on line 38.
 1 APPPATH\Controllers\ScannerController.php(38): CodeIgniter\Debug\Exceptions->errorHandler(2, 'Undefined array key "id"', 'C:\\laragon\\www\\DWCC2\\app\\Controllers\\ScannerController.php', 38)
 2 SYSTEMPATH\CodeIgniter.php(942): App\Controllers\ScannerController->validateQRCode()
 3 SYSTEMPATH\CodeIgniter.php(502): CodeIgniter\CodeIgniter->runController(Object(App\Controllers\ScannerController))
 4 SYSTEMPATH\CodeIgniter.php(361): CodeIgniter\CodeIgniter->handleRequest(null, Object(Config\Cache), false)
 5 FCPATH\index.php(79): CodeIgniter\CodeIgniter->run()
 6 SYSTEMPATH\Commands\Server\rewrite.php(47): require_once('C:\\laragon\\www\\DWCC2\\public\\index.php')
CRITICAL - 2024-04-18 07:08:28 --> Undefined property: stdClass::$purchaseId
in APPPATH\Controllers\ScannerController.php on line 18.
 1 APPPATH\Controllers\ScannerController.php(18): CodeIgniter\Debug\Exceptions->errorHandler(2, 'Undefined property: stdClass::$purchaseId', 'C:\\laragon\\www\\DWCC2\\app\\Controllers\\ScannerController.php', 18)
 2 SYSTEMPATH\CodeIgniter.php(942): App\Controllers\ScannerController->validateQRCode()
 3 SYSTEMPATH\CodeIgniter.php(502): CodeIgniter\CodeIgniter->runController(Object(App\Controllers\ScannerController))
 4 SYSTEMPATH\CodeIgniter.php(361): CodeIgniter\CodeIgniter->handleRequest(null, Object(Config\Cache), false)
 5 FCPATH\index.php(79): CodeIgniter\CodeIgniter->run()
 6 SYSTEMPATH\Commands\Server\rewrite.php(47): require_once('C:\\laragon\\www\\DWCC2\\public\\index.php')
CRITICAL - 2024-04-18 08:53:38 --> Undefined property: stdClass::$purchaseId
in APPPATH\Controllers\ScannerController.php on line 22.
 1 APPPATH\Controllers\ScannerController.php(22): CodeIgniter\Debug\Exceptions->errorHandler(2, 'Undefined property: stdClass::$purchaseId', 'C:\\laragon\\www\\DWCC2\\app\\Controllers\\ScannerController.php', 22)
 2 SYSTEMPATH\CodeIgniter.php(942): App\Controllers\ScannerController->validateQRCode()
 3 SYSTEMPATH\CodeIgniter.php(502): CodeIgniter\CodeIgniter->runController(Object(App\Controllers\ScannerController))
 4 SYSTEMPATH\CodeIgniter.php(361): CodeIgniter\CodeIgniter->handleRequest(null, Object(Config\Cache), false)
 5 FCPATH\index.php(79): CodeIgniter\CodeIgniter->run()
 6 SYSTEMPATH\Commands\Server\rewrite.php(47): require_once('C:\\laragon\\www\\DWCC2\\public\\index.php')
CRITICAL - 2024-04-18 08:53:45 --> Undefined property: stdClass::$purchaseId
in APPPATH\Controllers\ScannerController.php on line 22.
 1 APPPATH\Controllers\ScannerController.php(22): CodeIgniter\Debug\Exceptions->errorHandler(2, 'Undefined property: stdClass::$purchaseId', 'C:\\laragon\\www\\DWCC2\\app\\Controllers\\ScannerController.php', 22)
 2 SYSTEMPATH\CodeIgniter.php(942): App\Controllers\ScannerController->validateQRCode()
 3 SYSTEMPATH\CodeIgniter.php(502): CodeIgniter\CodeIgniter->runController(Object(App\Controllers\ScannerController))
 4 SYSTEMPATH\CodeIgniter.php(361): CodeIgniter\CodeIgniter->handleRequest(null, Object(Config\Cache), false)
 5 FCPATH\index.php(79): CodeIgniter\CodeIgniter->run()
 6 SYSTEMPATH\Commands\Server\rewrite.php(47): require_once('C:\\laragon\\www\\DWCC2\\public\\index.php')
CRITICAL - 2024-04-18 08:59:45 --> Attempt to read property "EventID" on array
in APPPATH\Controllers\ScannerController.php on line 52.
 1 APPPATH\Controllers\ScannerController.php(52): CodeIgniter\Debug\Exceptions->errorHandler(2, 'Attempt to read property "EventID" on array', 'C:\\laragon\\www\\DWCC2\\app\\Controllers\\ScannerController.php', 52)
 2 SYSTEMPATH\CodeIgniter.php(942): App\Controllers\ScannerController->validateQRCode()
 3 SYSTEMPATH\CodeIgniter.php(502): CodeIgniter\CodeIgniter->runController(Object(App\Controllers\ScannerController))
 4 SYSTEMPATH\CodeIgniter.php(361): CodeIgniter\CodeIgniter->handleRequest(null, Object(Config\Cache), false)
 5 FCPATH\index.php(79): CodeIgniter\CodeIgniter->run()
 6 SYSTEMPATH\Commands\Server\rewrite.php(47): require_once('C:\\laragon\\www\\DWCC2\\public\\index.php')
CRITICAL - 2024-04-18 09:16:42 --> Attempt to read property "PurchaseID" on array
in APPPATH\Controllers\ScannerController.php on line 33.
 1 APPPATH\Controllers\ScannerController.php(33): CodeIgniter\Debug\Exceptions->errorHandler(2, 'Attempt to read property "PurchaseID" on array', 'C:\\laragon\\www\\DWCC2\\app\\Controllers\\ScannerController.php', 33)
 2 SYSTEMPATH\CodeIgniter.php(942): App\Controllers\ScannerController->validateQRCode()
 3 SYSTEMPATH\CodeIgniter.php(502): CodeIgniter\CodeIgniter->runController(Object(App\Controllers\ScannerController))
 4 SYSTEMPATH\CodeIgniter.php(361): CodeIgniter\CodeIgniter->handleRequest(null, Object(Config\Cache), false)
 5 FCPATH\index.php(79): CodeIgniter\CodeIgniter->run()
 6 SYSTEMPATH\Commands\Server\rewrite.php(47): require_once('C:\\laragon\\www\\DWCC2\\public\\index.php')
CRITICAL - 2024-04-18 09:18:58 --> Attempt to read property "PurchaseID" on array
in APPPATH\Controllers\ScannerController.php on line 33.
 1 APPPATH\Controllers\ScannerController.php(33): CodeIgniter\Debug\Exceptions->errorHandler(2, 'Attempt to read property "PurchaseID" on array', 'C:\\laragon\\www\\DWCC2\\app\\Controllers\\ScannerController.php', 33)
 2 SYSTEMPATH\CodeIgniter.php(942): App\Controllers\ScannerController->validateQRCode()
 3 SYSTEMPATH\CodeIgniter.php(502): CodeIgniter\CodeIgniter->runController(Object(App\Controllers\ScannerController))
 4 SYSTEMPATH\CodeIgniter.php(361): CodeIgniter\CodeIgniter->handleRequest(null, Object(Config\Cache), false)
 5 FCPATH\index.php(79): CodeIgniter\CodeIgniter->run()
 6 SYSTEMPATH\Commands\Server\rewrite.php(47): require_once('C:\\laragon\\www\\DWCC2\\public\\index.php')
CRITICAL - 2024-04-18 09:21:51 --> Attempt to read property "EventID" on array
in APPPATH\Controllers\ScannerController.php on line 52.
 1 APPPATH\Controllers\ScannerController.php(52): CodeIgniter\Debug\Exceptions->errorHandler(2, 'Attempt to read property "EventID" on array', 'C:\\laragon\\www\\DWCC2\\app\\Controllers\\ScannerController.php', 52)
 2 SYSTEMPATH\CodeIgniter.php(942): App\Controllers\ScannerController->validateQRCode()
 3 SYSTEMPATH\CodeIgniter.php(502): CodeIgniter\CodeIgniter->runController(Object(App\Controllers\ScannerController))
 4 SYSTEMPATH\CodeIgniter.php(361): CodeIgniter\CodeIgniter->handleRequest(null, Object(Config\Cache), false)
 5 FCPATH\index.php(79): CodeIgniter\CodeIgniter->run()
 6 SYSTEMPATH\Commands\Server\rewrite.php(47): require_once('C:\\laragon\\www\\DWCC2\\public\\index.php')
CRITICAL - 2024-04-18 10:02:49 --> Undefined variable $events
in APPPATH\Views\users\event.php on line 89.
 1 APPPATH\Views\users\event.php(89): CodeIgniter\Debug\Exceptions->errorHandler(2, 'Undefined variable $events', 'C:\\laragon\\www\\DWCC2\\app\\Views\\users\\event.php', 89)
 2 SYSTEMPATH\View\View.php(228): include('C:\\laragon\\www\\DWCC2\\app\\Views\\users\\event.php')
 3 SYSTEMPATH\View\View.php(231): CodeIgniter\View\View->CodeIgniter\View\{closure}()
 4 SYSTEMPATH\Common.php(1190): CodeIgniter\View\View->render('users/event', [], true)
 5 APPPATH\Controllers\UserController.php(23): view('users/event')
 6 SYSTEMPATH\CodeIgniter.php(942): App\Controllers\UserController->showEvent()
 7 SYSTEMPATH\CodeIgniter.php(502): CodeIgniter\CodeIgniter->runController(Object(App\Controllers\UserController))
 8 SYSTEMPATH\CodeIgniter.php(361): CodeIgniter\CodeIgniter->handleRequest(null, Object(Config\Cache), false)
 9 FCPATH\index.php(79): CodeIgniter\CodeIgniter->run()
10 SYSTEMPATH\Commands\Server\rewrite.php(47): require_once('C:\\laragon\\www\\DWCC2\\public\\index.php')
CRITICAL - 2024-04-18 10:10:54 --> Undefined variable $events
in APPPATH\Views\user\event.php on line 89.
 1 APPPATH\Views\user\event.php(89): CodeIgniter\Debug\Exceptions->errorHandler(2, 'Undefined variable $events', 'C:\\laragon\\www\\DWCC2\\app\\Views\\user\\event.php', 89)
 2 SYSTEMPATH\View\View.php(228): include('C:\\laragon\\www\\DWCC2\\app\\Views\\user\\event.php')
 3 SYSTEMPATH\View\View.php(231): CodeIgniter\View\View->CodeIgniter\View\{closure}()
 4 SYSTEMPATH\Common.php(1190): CodeIgniter\View\View->render('user/event', [], true)
 5 APPPATH\Controllers\UserController.php(23): view('user/event')
 6 SYSTEMPATH\CodeIgniter.php(942): App\Controllers\UserController->showEvent()
 7 SYSTEMPATH\CodeIgniter.php(502): CodeIgniter\CodeIgniter->runController(Object(App\Controllers\UserController))
 8 SYSTEMPATH\CodeIgniter.php(361): CodeIgniter\CodeIgniter->handleRequest(null, Object(Config\Cache), false)
 9 FCPATH\index.php(79): CodeIgniter\CodeIgniter->run()
10 SYSTEMPATH\Commands\Server\rewrite.php(47): require_once('C:\\laragon\\www\\DWCC2\\public\\index.php')
CRITICAL - 2024-04-18 10:12:29 --> Undefined array key "Image"
in APPPATH\Views\user\event.php on line 97.
 1 APPPATH\Views\user\event.php(97): CodeIgniter\Debug\Exceptions->errorHandler(2, 'Undefined array key "Image"', 'C:\\laragon\\www\\DWCC2\\app\\Views\\user\\event.php', 97)
 2 SYSTEMPATH\View\View.php(228): include('C:\\laragon\\www\\DWCC2\\app\\Views\\user\\event.php')
 3 SYSTEMPATH\View\View.php(231): CodeIgniter\View\View->CodeIgniter\View\{closure}()
 4 SYSTEMPATH\Common.php(1190): CodeIgniter\View\View->render('user/event', [], true)
 5 APPPATH\Controllers\UserController.php(236): view('user/event', [...])
 6 SYSTEMPATH\CodeIgniter.php(942): App\Controllers\UserController->stud_displayEvents()
 7 SYSTEMPATH\CodeIgniter.php(502): CodeIgniter\CodeIgniter->runController(Object(App\Controllers\UserController))
 8 SYSTEMPATH\CodeIgniter.php(361): CodeIgniter\CodeIgniter->handleRequest(null, Object(Config\Cache), false)
 9 FCPATH\index.php(79): CodeIgniter\CodeIgniter->run()
10 SYSTEMPATH\Commands\Server\rewrite.php(47): require_once('C:\\laragon\\www\\DWCC2\\public\\index.php')
CRITICAL - 2024-04-18 10:12:59 --> Undefined array key "SpeakerName"
in APPPATH\Views\user\event.php on line 102.
 1 APPPATH\Views\user\event.php(102): CodeIgniter\Debug\Exceptions->errorHandler(2, 'Undefined array key "SpeakerName"', 'C:\\laragon\\www\\DWCC2\\app\\Views\\user\\event.php', 102)
 2 SYSTEMPATH\View\View.php(228): include('C:\\laragon\\www\\DWCC2\\app\\Views\\user\\event.php')
 3 SYSTEMPATH\View\View.php(231): CodeIgniter\View\View->CodeIgniter\View\{closure}()
 4 SYSTEMPATH\Common.php(1190): CodeIgniter\View\View->render('user/event', [], true)
 5 APPPATH\Controllers\UserController.php(236): view('user/event', [...])
 6 SYSTEMPATH\CodeIgniter.php(942): App\Controllers\UserController->stud_displayEvents()
 7 SYSTEMPATH\CodeIgniter.php(502): CodeIgniter\CodeIgniter->runController(Object(App\Controllers\UserController))
 8 SYSTEMPATH\CodeIgniter.php(361): CodeIgniter\CodeIgniter->handleRequest(null, Object(Config\Cache), false)
 9 FCPATH\index.php(79): CodeIgniter\CodeIgniter->run()
10 SYSTEMPATH\Commands\Server\rewrite.php(47): require_once('C:\\laragon\\www\\DWCC2\\public\\index.php')
ERROR - 2024-04-18 10:30:50 --> mysqli_sql_exception: Duplicate entry 'junmarkmoreno751@gmail.com' for key 'users.Email' in C:\laragon\www\DWCC2\system\Database\MySQLi\Connection.php:306
Stack trace:
#0 C:\laragon\www\DWCC2\system\Database\MySQLi\Connection.php(306): mysqli->query('INSERT INTO `us...', 0)
#1 C:\laragon\www\DWCC2\system\Database\BaseConnection.php(693): CodeIgniter\Database\MySQLi\Connection->execute('INSERT INTO `us...')
#2 C:\laragon\www\DWCC2\system\Database\BaseConnection.php(607): CodeIgniter\Database\BaseConnection->simpleQuery('INSERT INTO `us...')
#3 C:\laragon\www\DWCC2\system\Database\BaseBuilder.php(2308): CodeIgniter\Database\BaseConnection->query('INSERT INTO `us...', Array, false)
#4 C:\laragon\www\DWCC2\system\Model.php(319): CodeIgniter\Database\BaseBuilder->insert()
#5 C:\laragon\www\DWCC2\system\BaseModel.php(788): CodeIgniter\Model->doInsert(Array)
#6 C:\laragon\www\DWCC2\system\Model.php(715): CodeIgniter\BaseModel->insert(Array, true)
#7 C:\laragon\www\DWCC2\app\Controllers\UserController.php(83): CodeIgniter\Model->insert(Array)
#8 C:\laragon\www\DWCC2\system\CodeIgniter.php(942): App\Controllers\UserController->registerAlumni()
#9 C:\laragon\www\DWCC2\system\CodeIgniter.php(502): CodeIgniter\CodeIgniter->runController(Object(App\Controllers\UserController))
#10 C:\laragon\www\DWCC2\system\CodeIgniter.php(361): CodeIgniter\CodeIgniter->handleRequest(NULL, Object(Config\Cache), false)
#11 C:\laragon\www\DWCC2\public\index.php(79): CodeIgniter\CodeIgniter->run()
#12 C:\laragon\www\DWCC2\system\Commands\Server\rewrite.php(47): require_once('C:\\laragon\\www\\...')
#13 {main}
CRITICAL - 2024-04-18 10:30:50 --> Duplicate entry 'junmarkmoreno751@gmail.com' for key 'users.Email'
in SYSTEMPATH\Database\BaseConnection.php on line 647.
 1 SYSTEMPATH\Database\BaseBuilder.php(2308): CodeIgniter\Database\BaseConnection->query('INSERT INTO `users` (`Username`, `PasswordHash`, `UserType`, `FirstName`, `LastName`, `DateOfBirth`, `Phone`, `Email`, `Status`) VALUES (:Username:, :PasswordHash:, :UserType:, :FirstName:, :LastName:, :DateOfBirth:, :Phone:, :Email:, :Status:)', [...], false)
 2 SYSTEMPATH\Model.php(319): CodeIgniter\Database\BaseBuilder->insert()
 3 SYSTEMPATH\BaseModel.php(788): CodeIgniter\Model->doInsert([...])
 4 SYSTEMPATH\Model.php(715): CodeIgniter\BaseModel->insert([...], true)
 5 APPPATH\Controllers\UserController.php(83): CodeIgniter\Model->insert([...])
 6 SYSTEMPATH\CodeIgniter.php(942): App\Controllers\UserController->registerAlumni()
 7 SYSTEMPATH\CodeIgniter.php(502): CodeIgniter\CodeIgniter->runController(Object(App\Controllers\UserController))
 8 SYSTEMPATH\CodeIgniter.php(361): CodeIgniter\CodeIgniter->handleRequest(null, Object(Config\Cache), false)
 9 FCPATH\index.php(79): CodeIgniter\CodeIgniter->run()
10 SYSTEMPATH\Commands\Server\rewrite.php(47): require_once('C:\\laragon\\www\\DWCC2\\public\\index.php')
CRITICAL - 2024-04-18 10:36:23 --> Trying to access array offset on value of type null
in APPPATH\Controllers\UserController.php on line 447.
 1 APPPATH\Controllers\UserController.php(447): CodeIgniter\Debug\Exceptions->errorHandler(2, 'Trying to access array offset on value of type null', 'C:\\laragon\\www\\DWCC2\\app\\Controllers\\UserController.php', 447)
 2 SYSTEMPATH\CodeIgniter.php(942): App\Controllers\UserController->purchaseTicket('25')
 3 SYSTEMPATH\CodeIgniter.php(502): CodeIgniter\CodeIgniter->runController(Object(App\Controllers\UserController))
 4 SYSTEMPATH\CodeIgniter.php(361): CodeIgniter\CodeIgniter->handleRequest(null, Object(Config\Cache), false)
 5 FCPATH\index.php(79): CodeIgniter\CodeIgniter->run()
 6 SYSTEMPATH\Commands\Server\rewrite.php(47): require_once('C:\\laragon\\www\\DWCC2\\public\\index.php')
CRITICAL - 2024-04-18 10:41:23 --> Trying to access array offset on value of type null
in APPPATH\Controllers\UserController.php on line 447.
 1 APPPATH\Controllers\UserController.php(447): CodeIgniter\Debug\Exceptions->errorHandler(2, 'Trying to access array offset on value of type null', 'C:\\laragon\\www\\DWCC2\\app\\Controllers\\UserController.php', 447)
 2 SYSTEMPATH\CodeIgniter.php(942): App\Controllers\UserController->purchaseTicket('25')
 3 SYSTEMPATH\CodeIgniter.php(502): CodeIgniter\CodeIgniter->runController(Object(App\Controllers\UserController))
 4 SYSTEMPATH\CodeIgniter.php(361): CodeIgniter\CodeIgniter->handleRequest(null, Object(Config\Cache), false)
 5 FCPATH\index.php(79): CodeIgniter\CodeIgniter->run()
 6 SYSTEMPATH\Commands\Server\rewrite.php(47): require_once('C:\\laragon\\www\\DWCC2\\public\\index.php')
CRITICAL - 2024-04-18 10:56:27 --> Trying to access array offset on value of type null
in APPPATH\Controllers\AdminController.php on line 419.
 1 APPPATH\Controllers\AdminController.php(419): CodeIgniter\Debug\Exceptions->errorHandler(2, 'Trying to access array offset on value of type null', 'C:\\laragon\\www\\DWCC2\\app\\Controllers\\AdminController.php', 419)
 2 SYSTEMPATH\CodeIgniter.php(942): App\Controllers\AdminController->approveTicket('46')
 3 SYSTEMPATH\CodeIgniter.php(502): CodeIgniter\CodeIgniter->runController(Object(App\Controllers\AdminController))
 4 SYSTEMPATH\CodeIgniter.php(361): CodeIgniter\CodeIgniter->handleRequest(null, Object(Config\Cache), false)
 5 FCPATH\index.php(79): CodeIgniter\CodeIgniter->run()
 6 SYSTEMPATH\Commands\Server\rewrite.php(47): require_once('C:\\laragon\\www\\DWCC2\\public\\index.php')
CRITICAL - 2024-04-18 10:57:34 --> Trying to access array offset on value of type null
in APPPATH\Controllers\AdminController.php on line 419.
 1 APPPATH\Controllers\AdminController.php(419): CodeIgniter\Debug\Exceptions->errorHandler(2, 'Trying to access array offset on value of type null', 'C:\\laragon\\www\\DWCC2\\app\\Controllers\\AdminController.php', 419)
 2 SYSTEMPATH\CodeIgniter.php(942): App\Controllers\AdminController->approveTicket('46')
 3 SYSTEMPATH\CodeIgniter.php(502): CodeIgniter\CodeIgniter->runController(Object(App\Controllers\AdminController))
 4 SYSTEMPATH\CodeIgniter.php(361): CodeIgniter\CodeIgniter->handleRequest(null, Object(Config\Cache), false)
 5 FCPATH\index.php(79): CodeIgniter\CodeIgniter->run()
 6 SYSTEMPATH\Commands\Server\rewrite.php(47): require_once('C:\\laragon\\www\\DWCC2\\public\\index.php')
CRITICAL - 2024-04-18 10:57:36 --> Trying to access array offset on value of type null
in APPPATH\Controllers\AdminController.php on line 419.
 1 APPPATH\Controllers\AdminController.php(419): CodeIgniter\Debug\Exceptions->errorHandler(2, 'Trying to access array offset on value of type null', 'C:\\laragon\\www\\DWCC2\\app\\Controllers\\AdminController.php', 419)
 2 SYSTEMPATH\CodeIgniter.php(942): App\Controllers\AdminController->approveTicket('46')
 3 SYSTEMPATH\CodeIgniter.php(502): CodeIgniter\CodeIgniter->runController(Object(App\Controllers\AdminController))
 4 SYSTEMPATH\CodeIgniter.php(361): CodeIgniter\CodeIgniter->handleRequest(null, Object(Config\Cache), false)
 5 FCPATH\index.php(79): CodeIgniter\CodeIgniter->run()
 6 SYSTEMPATH\Commands\Server\rewrite.php(47): require_once('C:\\laragon\\www\\DWCC2\\public\\index.php')
CRITICAL - 2024-04-18 11:03:27 --> Trying to access array offset on value of type null
in APPPATH\Controllers\UserController.php on line 447.
 1 APPPATH\Controllers\UserController.php(447): CodeIgniter\Debug\Exceptions->errorHandler(2, 'Trying to access array offset on value of type null', 'C:\\laragon\\www\\DWCC2\\app\\Controllers\\UserController.php', 447)
 2 SYSTEMPATH\CodeIgniter.php(942): App\Controllers\UserController->purchaseTicket('28')
 3 SYSTEMPATH\CodeIgniter.php(502): CodeIgniter\CodeIgniter->runController(Object(App\Controllers\UserController))
 4 SYSTEMPATH\CodeIgniter.php(361): CodeIgniter\CodeIgniter->handleRequest(null, Object(Config\Cache), false)
 5 FCPATH\index.php(79): CodeIgniter\CodeIgniter->run()
 6 SYSTEMPATH\Commands\Server\rewrite.php(47): require_once('C:\\laragon\\www\\DWCC2\\public\\index.php')
CRITICAL - 2024-04-18 13:15:10 --> Invalid file: "login.php"
in SYSTEMPATH\Exceptions\FrameworkException.php on line 39.
 1 SYSTEMPATH\View\View.php(216): CodeIgniter\Exceptions\FrameworkException::forInvalidFile('login.php')
 2 SYSTEMPATH\Common.php(1190): CodeIgniter\View\View->render('login', [], true)
 3 APPPATH\Controllers\UserController.php(19): view('login')
 4 SYSTEMPATH\CodeIgniter.php(942): App\Controllers\UserController->index()
 5 SYSTEMPATH\CodeIgniter.php(502): CodeIgniter\CodeIgniter->runController(Object(App\Controllers\UserController))
 6 SYSTEMPATH\CodeIgniter.php(361): CodeIgniter\CodeIgniter->handleRequest(null, Object(Config\Cache), false)
 7 FCPATH\index.php(79): CodeIgniter\CodeIgniter->run()
 8 SYSTEMPATH\Commands\Server\rewrite.php(47): require_once('C:\\laragon\\www\\DWCC2\\public\\index.php')
CRITICAL - 2024-04-18 13:57:40 --> CodeIgniter\HTTP\RedirectResponse::back(): Argument #1 ($code) must be of type ?int, string given, called in C:\laragon\www\DWCC2\app\Controllers\AdminController.php on line 338
in SYSTEMPATH\HTTP\RedirectResponse.php on line 76.
 1 APPPATH\Controllers\AdminController.php(338): CodeIgniter\HTTP\RedirectResponse->back('/admin')
 2 SYSTEMPATH\CodeIgniter.php(942): App\Controllers\AdminController->approveTicket('49')
 3 SYSTEMPATH\CodeIgniter.php(502): CodeIgniter\CodeIgniter->runController(Object(App\Controllers\AdminController))
 4 SYSTEMPATH\CodeIgniter.php(361): CodeIgniter\CodeIgniter->handleRequest(null, Object(Config\Cache), false)
 5 FCPATH\index.php(79): CodeIgniter\CodeIgniter->run()
 6 SYSTEMPATH\Commands\Server\rewrite.php(47): require_once('C:\\laragon\\www\\DWCC2\\public\\index.php')
CRITICAL - 2024-04-18 14:15:12 --> Trying to access array offset on value of type null
in APPPATH\Controllers\UserController.php on line 447.
 1 APPPATH\Controllers\UserController.php(447): CodeIgniter\Debug\Exceptions->errorHandler(2, 'Trying to access array offset on value of type null', 'C:\\laragon\\www\\DWCC2\\app\\Controllers\\UserController.php', 447)
 2 SYSTEMPATH\CodeIgniter.php(942): App\Controllers\UserController->purchaseTicket('31')
 3 SYSTEMPATH\CodeIgniter.php(502): CodeIgniter\CodeIgniter->runController(Object(App\Controllers\UserController))
 4 SYSTEMPATH\CodeIgniter.php(361): CodeIgniter\CodeIgniter->handleRequest(null, Object(Config\Cache), false)
 5 FCPATH\index.php(79): CodeIgniter\CodeIgniter->run()
 6 SYSTEMPATH\Commands\Server\rewrite.php(47): require_once('C:\\laragon\\www\\DWCC2\\public\\index.php')
CRITICAL - 2024-04-18 14:22:23 --> Trying to access array offset on value of type null
in APPPATH\Controllers\UserController.php on line 447.
 1 APPPATH\Controllers\UserController.php(447): CodeIgniter\Debug\Exceptions->errorHandler(2, 'Trying to access array offset on value of type null', 'C:\\laragon\\www\\DWCC2\\app\\Controllers\\UserController.php', 447)
 2 SYSTEMPATH\CodeIgniter.php(942): App\Controllers\UserController->purchaseTicket('31')
 3 SYSTEMPATH\CodeIgniter.php(502): CodeIgniter\CodeIgniter->runController(Object(App\Controllers\UserController))
 4 SYSTEMPATH\CodeIgniter.php(361): CodeIgniter\CodeIgniter->handleRequest(null, Object(Config\Cache), false)
 5 FCPATH\index.php(79): CodeIgniter\CodeIgniter->run()
 6 SYSTEMPATH\Commands\Server\rewrite.php(47): require_once('C:\\laragon\\www\\DWCC2\\public\\index.php')
CRITICAL - 2024-04-18 14:57:05 --> Trying to access array offset on value of type null
in APPPATH\Controllers\UserController.php on line 447.
 1 APPPATH\Controllers\UserController.php(447): CodeIgniter\Debug\Exceptions->errorHandler(2, 'Trying to access array offset on value of type null', 'C:\\laragon\\www\\DWCC2\\app\\Controllers\\UserController.php', 447)
 2 SYSTEMPATH\CodeIgniter.php(942): App\Controllers\UserController->purchaseTicket('33')
 3 SYSTEMPATH\CodeIgniter.php(502): CodeIgniter\CodeIgniter->runController(Object(App\Controllers\UserController))
 4 SYSTEMPATH\CodeIgniter.php(361): CodeIgniter\CodeIgniter->handleRequest(null, Object(Config\Cache), false)
 5 FCPATH\index.php(79): CodeIgniter\CodeIgniter->run()
 6 SYSTEMPATH\Commands\Server\rewrite.php(47): require_once('C:\\laragon\\www\\DWCC2\\public\\index.php')
CRITICAL - 2024-04-18 15:15:15 --> Maximum execution time of 60 seconds exceeded
in APPPATH\Controllers\AdminController.php on line 330.
 1 [internal function]: CodeIgniter\Debug\Exceptions->shutdownHandler()
CRITICAL - 2024-04-18 15:32:09 --> Undefined variable $event
in APPPATH\Controllers\AdminController.php on line 355.
 1 APPPATH\Controllers\AdminController.php(355): CodeIgniter\Debug\Exceptions->errorHandler(2, 'Undefined variable $event', 'C:\\laragon\\www\\DWCC2\\app\\Controllers\\AdminController.php', 355)
 2 SYSTEMPATH\CodeIgniter.php(942): App\Controllers\AdminController->approveTicket('56')
 3 SYSTEMPATH\CodeIgniter.php(502): CodeIgniter\CodeIgniter->runController(Object(App\Controllers\AdminController))
 4 SYSTEMPATH\CodeIgniter.php(361): CodeIgniter\CodeIgniter->handleRequest(null, Object(Config\Cache), false)
 5 FCPATH\index.php(79): CodeIgniter\CodeIgniter->run()
 6 SYSTEMPATH\Commands\Server\rewrite.php(47): require_once('C:\\laragon\\www\\DWCC2\\public\\index.php')
ERROR - 2024-04-18 15:35:24 --> Email sending failed: You must provide at least one recipient email address.
ERROR - 2024-04-18 15:35:25 --> Email sending failed: You must provide at least one recipient email address.
ERROR - 2024-04-18 15:35:26 --> Email sending failed: You must provide at least one recipient email address.
ERROR - 2024-04-18 15:35:27 --> Email sending failed: You must provide at least one recipient email address.
ERROR - 2024-04-18 15:35:28 --> Email sending failed: You must provide at least one recipient email address.
ERROR - 2024-04-18 15:35:29 --> Email sending failed: You must provide at least one recipient email address.
ERROR - 2024-04-18 15:35:30 --> Email sending failed: You must provide at least one recipient email address.
ERROR - 2024-04-18 15:35:31 --> Email sending failed: You must provide at least one recipient email address.
ERROR - 2024-04-18 15:35:32 --> Email sending failed: You must provide at least one recipient email address.
ERROR - 2024-04-18 15:35:33 --> Email sending failed: You must provide at least one recipient email address.
ERROR - 2024-04-18 15:35:34 --> Email sending failed: You must provide at least one recipient email address.
ERROR - 2024-04-18 15:35:35 --> Email sending failed: You must provide at least one recipient email address.
ERROR - 2024-04-18 15:35:36 --> Email sending failed: You must provide at least one recipient email address.
ERROR - 2024-04-18 15:35:37 --> Email sending failed: You must provide at least one recipient email address.
ERROR - 2024-04-18 15:35:38 --> Email sending failed: You must provide at least one recipient email address.
ERROR - 2024-04-18 15:35:39 --> Email sending failed: You must provide at least one recipient email address.
ERROR - 2024-04-18 15:35:40 --> Email sending failed: You must provide at least one recipient email address.
ERROR - 2024-04-18 15:35:41 --> Email sending failed: You must provide at least one recipient email address.
ERROR - 2024-04-18 15:35:42 --> Email sending failed: You must provide at least one recipient email address.
ERROR - 2024-04-18 15:35:43 --> Email sending failed: You must provide at least one recipient email address.
ERROR - 2024-04-18 15:35:44 --> Email sending failed: You must provide at least one recipient email address.
ERROR - 2024-04-18 15:35:45 --> Email sending failed: You must provide at least one recipient email address.
ERROR - 2024-04-18 15:35:46 --> Email sending failed: You must provide at least one recipient email address.
ERROR - 2024-04-18 15:35:47 --> Email sending failed: You must provide at least one recipient email address.
ERROR - 2024-04-18 15:35:48 --> Email sending failed: You must provide at least one recipient email address.
ERROR - 2024-04-18 15:35:49 --> Email sending failed: You must provide at least one recipient email address.
ERROR - 2024-04-18 15:35:50 --> Email sending failed: You must provide at least one recipient email address.
ERROR - 2024-04-18 15:35:51 --> Email sending failed: You must provide at least one recipient email address.
ERROR - 2024-04-18 15:35:52 --> Email sending failed: You must provide at least one recipient email address.
ERROR - 2024-04-18 15:35:53 --> Email sending failed: You must provide at least one recipient email address.
ERROR - 2024-04-18 15:35:54 --> Email sending failed: You must provide at least one recipient email address.
ERROR - 2024-04-18 15:35:55 --> Email sending failed: You must provide at least one recipient email address.
ERROR - 2024-04-18 15:35:56 --> Email sending failed: You must provide at least one recipient email address.
ERROR - 2024-04-18 15:35:57 --> Email sending failed: You must provide at least one recipient email address.
ERROR - 2024-04-18 15:35:58 --> Email sending failed: You must provide at least one recipient email address.
ERROR - 2024-04-18 15:35:59 --> Email sending failed: You must provide at least one recipient email address.
ERROR - 2024-04-18 15:36:00 --> Email sending failed: You must provide at least one recipient email address.
ERROR - 2024-04-18 15:36:01 --> Email sending failed: You must provide at least one recipient email address.
ERROR - 2024-04-18 15:36:03 --> Email sending failed: You must provide at least one recipient email address.
ERROR - 2024-04-18 15:36:04 --> Email sending failed: You must provide at least one recipient email address.
ERROR - 2024-04-18 15:36:05 --> Email sending failed: You must provide at least one recipient email address.
ERROR - 2024-04-18 15:36:06 --> Email sending failed: You must provide at least one recipient email address.
ERROR - 2024-04-18 15:36:07 --> Email sending failed: You must provide at least one recipient email address.
ERROR - 2024-04-18 15:36:08 --> Email sending failed: You must provide at least one recipient email address.
ERROR - 2024-04-18 15:36:09 --> Email sending failed: You must provide at least one recipient email address.
ERROR - 2024-04-18 15:36:10 --> Email sending failed: You must provide at least one recipient email address.
ERROR - 2024-04-18 15:36:11 --> Email sending failed: You must provide at least one recipient email address.
ERROR - 2024-04-18 15:36:12 --> Email sending failed: You must provide at least one recipient email address.
ERROR - 2024-04-18 15:36:13 --> Email sending failed: You must provide at least one recipient email address.
ERROR - 2024-04-18 15:36:14 --> Email sending failed: You must provide at least one recipient email address.
ERROR - 2024-04-18 15:36:15 --> Email sending failed: You must provide at least one recipient email address.
ERROR - 2024-04-18 15:36:16 --> Email sending failed: You must provide at least one recipient email address.
ERROR - 2024-04-18 15:36:17 --> Email sending failed: You must provide at least one recipient email address.
ERROR - 2024-04-18 15:36:18 --> Email sending failed: You must provide at least one recipient email address.
ERROR - 2024-04-18 15:36:19 --> Email sending failed: You must provide at least one recipient email address.
ERROR - 2024-04-18 15:36:20 --> Email sending failed: You must provide at least one recipient email address.
ERROR - 2024-04-18 15:36:21 --> Email sending failed: You must provide at least one recipient email address.
ERROR - 2024-04-18 15:36:22 --> Email sending failed: You must provide at least one recipient email address.
ERROR - 2024-04-18 15:36:23 --> Email sending failed: You must provide at least one recipient email address.
ERROR - 2024-04-18 15:36:24 --> Email sending failed: You must provide at least one recipient email address.
CRITICAL - 2024-04-18 15:36:25 --> Maximum execution time of 60 seconds exceeded
in APPPATH\Controllers\AdminController.php on line 367.
 1 [internal function]: CodeIgniter\Debug\Exceptions->shutdownHandler()
CRITICAL - 2024-04-18 15:36:32 --> Undefined variable $event
in APPPATH\Controllers\AdminController.php on line 355.
 1 APPPATH\Controllers\AdminController.php(355): CodeIgniter\Debug\Exceptions->errorHandler(2, 'Undefined variable $event', 'C:\\laragon\\www\\DWCC2\\app\\Controllers\\AdminController.php', 355)
 2 SYSTEMPATH\CodeIgniter.php(942): App\Controllers\AdminController->approveTicket('56')
 3 SYSTEMPATH\CodeIgniter.php(502): CodeIgniter\CodeIgniter->runController(Object(App\Controllers\AdminController))
 4 SYSTEMPATH\CodeIgniter.php(361): CodeIgniter\CodeIgniter->handleRequest(null, Object(Config\Cache), false)
 5 FCPATH\index.php(79): CodeIgniter\CodeIgniter->run()
 6 SYSTEMPATH\Commands\Server\rewrite.php(47): require_once('C:\\laragon\\www\\DWCC2\\public\\index.php')
CRITICAL - 2024-04-18 15:49:23 --> Trying to access array offset on value of type null
in APPPATH\Controllers\UserController.php on line 447.
 1 APPPATH\Controllers\UserController.php(447): CodeIgniter\Debug\Exceptions->errorHandler(2, 'Trying to access array offset on value of type null', 'C:\\laragon\\www\\DWCC2\\app\\Controllers\\UserController.php', 447)
 2 SYSTEMPATH\CodeIgniter.php(942): App\Controllers\UserController->purchaseTicket('28')
 3 SYSTEMPATH\CodeIgniter.php(502): CodeIgniter\CodeIgniter->runController(Object(App\Controllers\UserController))
 4 SYSTEMPATH\CodeIgniter.php(361): CodeIgniter\CodeIgniter->handleRequest(null, Object(Config\Cache), false)
 5 FCPATH\index.php(79): CodeIgniter\CodeIgniter->run()
 6 SYSTEMPATH\Commands\Server\rewrite.php(47): require_once('C:\\laragon\\www\\DWCC2\\public\\index.php')
CRITICAL - 2024-04-18 16:14:01 --> Trying to access array offset on value of type null
in APPPATH\Controllers\AdminController.php on line 486.
 1 APPPATH\Controllers\AdminController.php(486): CodeIgniter\Debug\Exceptions->errorHandler(2, 'Trying to access array offset on value of type null', 'C:\\laragon\\www\\DWCC2\\app\\Controllers\\AdminController.php', 486)
 2 SYSTEMPATH\CodeIgniter.php(942): App\Controllers\AdminController->approveTicket('58')
 3 SYSTEMPATH\CodeIgniter.php(502): CodeIgniter\CodeIgniter->runController(Object(App\Controllers\AdminController))
 4 SYSTEMPATH\CodeIgniter.php(361): CodeIgniter\CodeIgniter->handleRequest(null, Object(Config\Cache), false)
 5 FCPATH\index.php(79): CodeIgniter\CodeIgniter->run()
 6 SYSTEMPATH\Commands\Server\rewrite.php(47): require_once('C:\\laragon\\www\\DWCC2\\public\\index.php')
CRITICAL - 2024-04-18 16:26:59 --> Undefined variable $ticketNumber
in APPPATH\Controllers\AdminController.php on line 486.
 1 APPPATH\Controllers\AdminController.php(486): CodeIgniter\Debug\Exceptions->errorHandler(2, 'Undefined variable $ticketNumber', 'C:\\laragon\\www\\DWCC2\\app\\Controllers\\AdminController.php', 486)
 2 SYSTEMPATH\CodeIgniter.php(942): App\Controllers\AdminController->approveTicket('59')
 3 SYSTEMPATH\CodeIgniter.php(502): CodeIgniter\CodeIgniter->runController(Object(App\Controllers\AdminController))
 4 SYSTEMPATH\CodeIgniter.php(361): CodeIgniter\CodeIgniter->handleRequest(null, Object(Config\Cache), false)
 5 FCPATH\index.php(79): CodeIgniter\CodeIgniter->run()
 6 SYSTEMPATH\Commands\Server\rewrite.php(47): require_once('C:\\laragon\\www\\DWCC2\\public\\index.php')
CRITICAL - 2024-04-18 17:05:12 --> Undefined array key "studentCount"
in APPPATH\Views\admin\Display_Avail_Tickets.php on line 81.
 1 APPPATH\Views\admin\Display_Avail_Tickets.php(81): CodeIgniter\Debug\Exceptions->errorHandler(2, 'Undefined array key "studentCount"', 'C:\\laragon\\www\\DWCC2\\app\\Views\\admin\\Display_Avail_Tickets.php', 81)
 2 SYSTEMPATH\View\View.php(228): include('C:\\laragon\\www\\DWCC2\\app\\Views\\admin\\Display_Avail_Tickets.php')
 3 SYSTEMPATH\View\View.php(231): CodeIgniter\View\View->CodeIgniter\View\{closure}()
 4 SYSTEMPATH\Common.php(1190): CodeIgniter\View\View->render('admin/Display_Avail_Tickets', [], true)
 5 APPPATH\Controllers\AdminController.php(321): view('admin/Display_Avail_Tickets', [...])
 6 SYSTEMPATH\CodeIgniter.php(942): App\Controllers\AdminController->showAvailTickets()
 7 SYSTEMPATH\CodeIgniter.php(502): CodeIgniter\CodeIgniter->runController(Object(App\Controllers\AdminController))
 8 SYSTEMPATH\CodeIgniter.php(361): CodeIgniter\CodeIgniter->handleRequest(null, Object(Config\Cache), false)
 9 FCPATH\index.php(79): CodeIgniter\CodeIgniter->run()
10 SYSTEMPATH\Commands\Server\rewrite.php(47): require_once('C:\\laragon\\www\\DWCC2\\public\\index.php')
CRITICAL - 2024-04-18 17:05:19 --> Undefined array key "outsiderCount"
in APPPATH\Views\admin\Display_Avail_Tickets.php on line 99.
 1 APPPATH\Views\admin\Display_Avail_Tickets.php(99): CodeIgniter\Debug\Exceptions->errorHandler(2, 'Undefined array key "outsiderCount"', 'C:\\laragon\\www\\DWCC2\\app\\Views\\admin\\Display_Avail_Tickets.php', 99)
 2 SYSTEMPATH\View\View.php(228): include('C:\\laragon\\www\\DWCC2\\app\\Views\\admin\\Display_Avail_Tickets.php')
 3 SYSTEMPATH\View\View.php(231): CodeIgniter\View\View->CodeIgniter\View\{closure}()
 4 SYSTEMPATH\Common.php(1190): CodeIgniter\View\View->render('admin/Display_Avail_Tickets', [], true)
 5 APPPATH\Controllers\AdminController.php(321): view('admin/Display_Avail_Tickets', [...])
 6 SYSTEMPATH\CodeIgniter.php(942): App\Controllers\AdminController->showAvailTickets()
 7 SYSTEMPATH\CodeIgniter.php(502): CodeIgniter\CodeIgniter->runController(Object(App\Controllers\AdminController))
 8 SYSTEMPATH\CodeIgniter.php(361): CodeIgniter\CodeIgniter->handleRequest(null, Object(Config\Cache), false)
 9 FCPATH\index.php(79): CodeIgniter\CodeIgniter->run()
10 SYSTEMPATH\Commands\Server\rewrite.php(47): require_once('C:\\laragon\\www\\DWCC2\\public\\index.php')
CRITICAL - 2024-04-18 17:13:35 --> Invalid file: "admin/Display_Avail_Tickets.php"
in SYSTEMPATH\Exceptions\FrameworkException.php on line 39.
 1 SYSTEMPATH\View\View.php(216): CodeIgniter\Exceptions\FrameworkException::forInvalidFile('admin/Display_Avail_Tickets.php')
 2 SYSTEMPATH\Common.php(1190): CodeIgniter\View\View->render('admin/Display_Avail_Tickets', [], true)
 3 APPPATH\Controllers\AdminController.php(321): view('admin/Display_Avail_Tickets', [...])
 4 SYSTEMPATH\CodeIgniter.php(942): App\Controllers\AdminController->showAvailTickets()
 5 SYSTEMPATH\CodeIgniter.php(502): CodeIgniter\CodeIgniter->runController(Object(App\Controllers\AdminController))
 6 SYSTEMPATH\CodeIgniter.php(361): CodeIgniter\CodeIgniter->handleRequest(null, Object(Config\Cache), false)
 7 FCPATH\index.php(79): CodeIgniter\CodeIgniter->run()
 8 SYSTEMPATH\Commands\Server\rewrite.php(47): require_once('C:\\laragon\\www\\DWCC2\\public\\index.php')
CRITICAL - 2024-04-18 17:29:55 --> Undefined variable $statusCounts
in APPPATH\Views\admin\Display_Users.php on line 43.
 1 APPPATH\Views\admin\Display_Users.php(43): CodeIgniter\Debug\Exceptions->errorHandler(2, 'Undefined variable $statusCounts', 'C:\\laragon\\www\\DWCC2\\app\\Views\\admin\\Display_Users.php', 43)
 2 SYSTEMPATH\View\View.php(228): include('C:\\laragon\\www\\DWCC2\\app\\Views\\admin\\Display_Users.php')
 3 SYSTEMPATH\View\View.php(231): CodeIgniter\View\View->CodeIgniter\View\{closure}()
 4 SYSTEMPATH\Common.php(1190): CodeIgniter\View\View->render('admin/Display_Users', [], true)
 5 APPPATH\Controllers\AdminController.php(359): view('admin/Display_Users', [...])
 6 SYSTEMPATH\CodeIgniter.php(942): App\Controllers\AdminController->displayUserData()
 7 SYSTEMPATH\CodeIgniter.php(502): CodeIgniter\CodeIgniter->runController(Object(App\Controllers\AdminController))
 8 SYSTEMPATH\CodeIgniter.php(361): CodeIgniter\CodeIgniter->handleRequest(null, Object(Config\Cache), false)
 9 FCPATH\index.php(79): CodeIgniter\CodeIgniter->run()
10 SYSTEMPATH\Commands\Server\rewrite.php(47): require_once('C:\\laragon\\www\\DWCC2\\public\\index.php')
CRITICAL - 2024-04-18 17:32:49 --> Undefined variable $ticket
in APPPATH\Views\admin\Display_Users.php on line 79.
 1 APPPATH\Views\admin\Display_Users.php(79): CodeIgniter\Debug\Exceptions->errorHandler(2, 'Undefined variable $ticket', 'C:\\laragon\\www\\DWCC2\\app\\Views\\admin\\Display_Users.php', 79)
 2 SYSTEMPATH\View\View.php(228): include('C:\\laragon\\www\\DWCC2\\app\\Views\\admin\\Display_Users.php')
 3 SYSTEMPATH\View\View.php(231): CodeIgniter\View\View->CodeIgniter\View\{closure}()
 4 SYSTEMPATH\Common.php(1190): CodeIgniter\View\View->render('admin/Display_Users', [], true)
 5 APPPATH\Controllers\AdminController.php(359): view('admin/Display_Users', [...])
 6 SYSTEMPATH\CodeIgniter.php(942): App\Controllers\AdminController->displayUserData()
 7 SYSTEMPATH\CodeIgniter.php(502): CodeIgniter\CodeIgniter->runController(Object(App\Controllers\AdminController))
 8 SYSTEMPATH\CodeIgniter.php(361): CodeIgniter\CodeIgniter->handleRequest(null, Object(Config\Cache), false)
 9 FCPATH\index.php(79): CodeIgniter\CodeIgniter->run()
10 SYSTEMPATH\Commands\Server\rewrite.php(47): require_once('C:\\laragon\\www\\DWCC2\\public\\index.php')
CRITICAL - 2024-04-18 17:57:13 --> Undefined array key "Email"
in APPPATH\Views\admin\Display_Avail_Tickets.php on line 140.
 1 APPPATH\Views\admin\Display_Avail_Tickets.php(140): CodeIgniter\Debug\Exceptions->errorHandler(2, 'Undefined array key "Email"', 'C:\\laragon\\www\\DWCC2\\app\\Views\\admin\\Display_Avail_Tickets.php', 140)
 2 SYSTEMPATH\View\View.php(228): include('C:\\laragon\\www\\DWCC2\\app\\Views\\admin\\Display_Avail_Tickets.php')
 3 SYSTEMPATH\View\View.php(231): CodeIgniter\View\View->CodeIgniter\View\{closure}()
 4 SYSTEMPATH\Common.php(1190): CodeIgniter\View\View->render('admin/Display_Avail_Tickets', [], true)
 5 APPPATH\Controllers\AdminController.php(321): view('admin/Display_Avail_Tickets', [...])
 6 SYSTEMPATH\CodeIgniter.php(942): App\Controllers\AdminController->showAvailTickets()
 7 SYSTEMPATH\CodeIgniter.php(502): CodeIgniter\CodeIgniter->runController(Object(App\Controllers\AdminController))
 8 SYSTEMPATH\CodeIgniter.php(361): CodeIgniter\CodeIgniter->handleRequest(null, Object(Config\Cache), false)
 9 FCPATH\index.php(79): CodeIgniter\CodeIgniter->run()
10 SYSTEMPATH\Commands\Server\rewrite.php(47): require_once('C:\\laragon\\www\\DWCC2\\public\\index.php')
CRITICAL - 2024-04-18 17:58:59 --> Undefined array key "Email"
in APPPATH\Views\admin\Display_Avail_Tickets.php on line 140.
 1 APPPATH\Views\admin\Display_Avail_Tickets.php(140): CodeIgniter\Debug\Exceptions->errorHandler(2, 'Undefined array key "Email"', 'C:\\laragon\\www\\DWCC2\\app\\Views\\admin\\Display_Avail_Tickets.php', 140)
 2 SYSTEMPATH\View\View.php(228): include('C:\\laragon\\www\\DWCC2\\app\\Views\\admin\\Display_Avail_Tickets.php')
 3 SYSTEMPATH\View\View.php(231): CodeIgniter\View\View->CodeIgniter\View\{closure}()
 4 SYSTEMPATH\Common.php(1190): CodeIgniter\View\View->render('admin/Display_Avail_Tickets', [], true)
 5 APPPATH\Controllers\AdminController.php(321): view('admin/Display_Avail_Tickets', [...])
 6 SYSTEMPATH\CodeIgniter.php(942): App\Controllers\AdminController->showAvailTickets()
 7 SYSTEMPATH\CodeIgniter.php(502): CodeIgniter\CodeIgniter->runController(Object(App\Controllers\AdminController))
 8 SYSTEMPATH\CodeIgniter.php(361): CodeIgniter\CodeIgniter->handleRequest(null, Object(Config\Cache), false)
 9 FCPATH\index.php(79): CodeIgniter\CodeIgniter->run()
10 SYSTEMPATH\Commands\Server\rewrite.php(47): require_once('C:\\laragon\\www\\DWCC2\\public\\index.php')
