CRITICAL - 2024-04-16 00:50:56 --> Trying to access array offset on value of type null
in APPPATH\Controllers\UserController.php on line 210.
 1 APPPATH\Controllers\UserController.php(210): CodeIgniter\Debug\Exceptions->errorHandler(2, 'Trying to access array offset on value of type null', 'C:\\laragon\\www\\DWCC2\\app\\Controllers\\UserController.php', 210)
 2 SYSTEMPATH\CodeIgniter.php(942): App\Controllers\UserController->stud_displayEvents()
 3 SYSTEMPATH\CodeIgniter.php(502): CodeIgniter\CodeIgniter->runController(Object(App\Controllers\UserController))
 4 SYSTEMPATH\CodeIgniter.php(361): CodeIgniter\CodeIgniter->handleRequest(null, Object(Config\Cache), false)
 5 FCPATH\index.php(79): CodeIgniter\CodeIgniter->run()
 6 SYSTEMPATH\Commands\Server\rewrite.php(47): require_once('C:\\laragon\\www\\DWCC2\\public\\index.php')
ERROR - 2024-04-16 02:18:15 --> mysqli_sql_exception: Table 'ticketing.tickettypemodel' doesn't exist in C:\laragon\www\DWCC2\system\Database\MySQLi\Connection.php:306
Stack trace:
#0 C:\laragon\www\DWCC2\system\Database\MySQLi\Connection.php(306): mysqli->query('SELECT `TicketI...', 0)
#1 C:\laragon\www\DWCC2\system\Database\BaseConnection.php(693): CodeIgniter\Database\MySQLi\Connection->execute('SELECT `TicketI...')
#2 C:\laragon\www\DWCC2\system\Database\BaseConnection.php(607): CodeIgniter\Database\BaseConnection->simpleQuery('SELECT `TicketI...')
#3 C:\laragon\www\DWCC2\system\Database\BaseBuilder.php(1615): CodeIgniter\Database\BaseConnection->query('SELECT `TicketI...', Array, false)
#4 C:\laragon\www\DWCC2\system\Model.php(237): CodeIgniter\Database\BaseBuilder->get()
#5 C:\laragon\www\DWCC2\system\BaseModel.php(624): CodeIgniter\Model->doFindAll(0, 0)
#6 C:\laragon\www\DWCC2\app\Controllers\AdminController.php(255): CodeIgniter\BaseModel->findAll()
#7 C:\laragon\www\DWCC2\system\CodeIgniter.php(942): App\Controllers\AdminController->showAvailTickets()
#8 C:\laragon\www\DWCC2\system\CodeIgniter.php(502): CodeIgniter\CodeIgniter->runController(Object(App\Controllers\AdminController))
#9 C:\laragon\www\DWCC2\system\CodeIgniter.php(361): CodeIgniter\CodeIgniter->handleRequest(NULL, Object(Config\Cache), false)
#10 C:\laragon\www\DWCC2\public\index.php(79): CodeIgniter\CodeIgniter->run()
#11 C:\laragon\www\DWCC2\system\Commands\Server\rewrite.php(47): require_once('C:\\laragon\\www\\...')
#12 {main}
CRITICAL - 2024-04-16 02:18:15 --> Table 'ticketing.tickettypemodel' doesn't exist
in SYSTEMPATH\Database\BaseConnection.php on line 647.
 1 SYSTEMPATH\Database\BaseBuilder.php(1615): CodeIgniter\Database\BaseConnection->query('SELECT `TicketID`, `TicketTypeID`, `EventID`, `FirstName`, `LastName`, `Email`, `Phone`, `Ref_Number`, `PaymentProof`, `PurchaseDate`, `Quantity`, `Status`
FROM `ticketpurchases`
JOIN `tickettypemodel` ON `tickettypemodel`.`TicketTypeID` = `ticketpurchasesmodel`.`TicketTypeID`
JOIN `eventmodel` ON `eventmodel`.`EventID` = `ticketpurchasesmodel`.`EventID`
WHERE `UserID` = :UserID:', [...], false)
 2 SYSTEMPATH\Model.php(237): CodeIgniter\Database\BaseBuilder->get()
 3 SYSTEMPATH\BaseModel.php(624): CodeIgniter\Model->doFindAll(0, 0)
 4 APPPATH\Controllers\AdminController.php(255): CodeIgniter\BaseModel->findAll()
 5 SYSTEMPATH\CodeIgniter.php(942): App\Controllers\AdminController->showAvailTickets()
 6 SYSTEMPATH\CodeIgniter.php(502): CodeIgniter\CodeIgniter->runController(Object(App\Controllers\AdminController))
 7 SYSTEMPATH\CodeIgniter.php(361): CodeIgniter\CodeIgniter->handleRequest(null, Object(Config\Cache), false)
 8 FCPATH\index.php(79): CodeIgniter\CodeIgniter->run()
 9 SYSTEMPATH\Commands\Server\rewrite.php(47): require_once('C:\\laragon\\www\\DWCC2\\public\\index.php')
ERROR - 2024-04-16 02:21:22 --> mysqli_sql_exception: Table 'ticketing.tickettypesmodel' doesn't exist in C:\laragon\www\DWCC2\system\Database\MySQLi\Connection.php:306
Stack trace:
#0 C:\laragon\www\DWCC2\system\Database\MySQLi\Connection.php(306): mysqli->query('SELECT `TicketI...', 0)
#1 C:\laragon\www\DWCC2\system\Database\BaseConnection.php(693): CodeIgniter\Database\MySQLi\Connection->execute('SELECT `TicketI...')
#2 C:\laragon\www\DWCC2\system\Database\BaseConnection.php(607): CodeIgniter\Database\BaseConnection->simpleQuery('SELECT `TicketI...')
#3 C:\laragon\www\DWCC2\system\Database\BaseBuilder.php(1615): CodeIgniter\Database\BaseConnection->query('SELECT `TicketI...', Array, false)
#4 C:\laragon\www\DWCC2\system\Model.php(237): CodeIgniter\Database\BaseBuilder->get()
#5 C:\laragon\www\DWCC2\system\BaseModel.php(624): CodeIgniter\Model->doFindAll(0, 0)
#6 C:\laragon\www\DWCC2\app\Controllers\AdminController.php(255): CodeIgniter\BaseModel->findAll()
#7 C:\laragon\www\DWCC2\system\CodeIgniter.php(942): App\Controllers\AdminController->showAvailTickets()
#8 C:\laragon\www\DWCC2\system\CodeIgniter.php(502): CodeIgniter\CodeIgniter->runController(Object(App\Controllers\AdminController))
#9 C:\laragon\www\DWCC2\system\CodeIgniter.php(361): CodeIgniter\CodeIgniter->handleRequest(NULL, Object(Config\Cache), false)
#10 C:\laragon\www\DWCC2\public\index.php(79): CodeIgniter\CodeIgniter->run()
#11 C:\laragon\www\DWCC2\system\Commands\Server\rewrite.php(47): require_once('C:\\laragon\\www\\...')
#12 {main}
CRITICAL - 2024-04-16 02:21:22 --> Table 'ticketing.tickettypesmodel' doesn't exist
in SYSTEMPATH\Database\BaseConnection.php on line 647.
 1 SYSTEMPATH\Database\BaseBuilder.php(1615): CodeIgniter\Database\BaseConnection->query('SELECT `TicketID`, `TicketTypeID`, `EventID`, `FirstName`, `LastName`, `Email`, `Phone`, `Ref_Number`, `PaymentProof`, `PurchaseDate`, `Quantity`, `Status`
FROM `ticketpurchases`
JOIN `tickettypesmodel` ON `tickettypesmodel`.`TicketTypeID` = `ticketpurchasesmodel`.`TicketTypeID`
JOIN `eventmodel` ON `eventmodel`.`EventID` = `ticketpurchasesmodel`.`EventID`
WHERE `UserID` = :UserID:', [...], false)
 2 SYSTEMPATH\Model.php(237): CodeIgniter\Database\BaseBuilder->get()
 3 SYSTEMPATH\BaseModel.php(624): CodeIgniter\Model->doFindAll(0, 0)
 4 APPPATH\Controllers\AdminController.php(255): CodeIgniter\BaseModel->findAll()
 5 SYSTEMPATH\CodeIgniter.php(942): App\Controllers\AdminController->showAvailTickets()
 6 SYSTEMPATH\CodeIgniter.php(502): CodeIgniter\CodeIgniter->runController(Object(App\Controllers\AdminController))
 7 SYSTEMPATH\CodeIgniter.php(361): CodeIgniter\CodeIgniter->handleRequest(null, Object(Config\Cache), false)
 8 FCPATH\index.php(79): CodeIgniter\CodeIgniter->run()
 9 SYSTEMPATH\Commands\Server\rewrite.php(47): require_once('C:\\laragon\\www\\DWCC2\\public\\index.php')
ERROR - 2024-04-16 02:21:56 --> mysqli_sql_exception: Table 'ticketing.eventmodel' doesn't exist in C:\laragon\www\DWCC2\system\Database\MySQLi\Connection.php:306
Stack trace:
#0 C:\laragon\www\DWCC2\system\Database\MySQLi\Connection.php(306): mysqli->query('SELECT `TicketI...', 0)
#1 C:\laragon\www\DWCC2\system\Database\BaseConnection.php(693): CodeIgniter\Database\MySQLi\Connection->execute('SELECT `TicketI...')
#2 C:\laragon\www\DWCC2\system\Database\BaseConnection.php(607): CodeIgniter\Database\BaseConnection->simpleQuery('SELECT `TicketI...')
#3 C:\laragon\www\DWCC2\system\Database\BaseBuilder.php(1615): CodeIgniter\Database\BaseConnection->query('SELECT `TicketI...', Array, false)
#4 C:\laragon\www\DWCC2\system\Model.php(237): CodeIgniter\Database\BaseBuilder->get()
#5 C:\laragon\www\DWCC2\system\BaseModel.php(624): CodeIgniter\Model->doFindAll(0, 0)
#6 C:\laragon\www\DWCC2\app\Controllers\AdminController.php(255): CodeIgniter\BaseModel->findAll()
#7 C:\laragon\www\DWCC2\system\CodeIgniter.php(942): App\Controllers\AdminController->showAvailTickets()
#8 C:\laragon\www\DWCC2\system\CodeIgniter.php(502): CodeIgniter\CodeIgniter->runController(Object(App\Controllers\AdminController))
#9 C:\laragon\www\DWCC2\system\CodeIgniter.php(361): CodeIgniter\CodeIgniter->handleRequest(NULL, Object(Config\Cache), false)
#10 C:\laragon\www\DWCC2\public\index.php(79): CodeIgniter\CodeIgniter->run()
#11 C:\laragon\www\DWCC2\system\Commands\Server\rewrite.php(47): require_once('C:\\laragon\\www\\...')
#12 {main}
CRITICAL - 2024-04-16 02:21:56 --> Table 'ticketing.eventmodel' doesn't exist
in SYSTEMPATH\Database\BaseConnection.php on line 647.
 1 SYSTEMPATH\Database\BaseBuilder.php(1615): CodeIgniter\Database\BaseConnection->query('SELECT `TicketID`, `TicketTypeID`, `EventID`, `FirstName`, `LastName`, `Email`, `Phone`, `Ref_Number`, `PaymentProof`, `PurchaseDate`, `Quantity`, `Status`
FROM `ticketpurchases`
JOIN `tickettypes` ON `tickettypes`.`TicketTypeID` = `ticketpurchasesmodel`.`TicketTypeID`
JOIN `eventmodel` ON `eventmodel`.`EventID` = `ticketpurchasesmodel`.`EventID`
WHERE `UserID` = :UserID:', [...], false)
 2 SYSTEMPATH\Model.php(237): CodeIgniter\Database\BaseBuilder->get()
 3 SYSTEMPATH\BaseModel.php(624): CodeIgniter\Model->doFindAll(0, 0)
 4 APPPATH\Controllers\AdminController.php(255): CodeIgniter\BaseModel->findAll()
 5 SYSTEMPATH\CodeIgniter.php(942): App\Controllers\AdminController->showAvailTickets()
 6 SYSTEMPATH\CodeIgniter.php(502): CodeIgniter\CodeIgniter->runController(Object(App\Controllers\AdminController))
 7 SYSTEMPATH\CodeIgniter.php(361): CodeIgniter\CodeIgniter->handleRequest(null, Object(Config\Cache), false)
 8 FCPATH\index.php(79): CodeIgniter\CodeIgniter->run()
 9 SYSTEMPATH\Commands\Server\rewrite.php(47): require_once('C:\\laragon\\www\\DWCC2\\public\\index.php')
ERROR - 2024-04-16 02:22:18 --> mysqli_sql_exception: Column 'TicketTypeID' in field list is ambiguous in C:\laragon\www\DWCC2\system\Database\MySQLi\Connection.php:306
Stack trace:
#0 C:\laragon\www\DWCC2\system\Database\MySQLi\Connection.php(306): mysqli->query('SELECT `TicketI...', 0)
#1 C:\laragon\www\DWCC2\system\Database\BaseConnection.php(693): CodeIgniter\Database\MySQLi\Connection->execute('SELECT `TicketI...')
#2 C:\laragon\www\DWCC2\system\Database\BaseConnection.php(607): CodeIgniter\Database\BaseConnection->simpleQuery('SELECT `TicketI...')
#3 C:\laragon\www\DWCC2\system\Database\BaseBuilder.php(1615): CodeIgniter\Database\BaseConnection->query('SELECT `TicketI...', Array, false)
#4 C:\laragon\www\DWCC2\system\Model.php(237): CodeIgniter\Database\BaseBuilder->get()
#5 C:\laragon\www\DWCC2\system\BaseModel.php(624): CodeIgniter\Model->doFindAll(0, 0)
#6 C:\laragon\www\DWCC2\app\Controllers\AdminController.php(255): CodeIgniter\BaseModel->findAll()
#7 C:\laragon\www\DWCC2\system\CodeIgniter.php(942): App\Controllers\AdminController->showAvailTickets()
#8 C:\laragon\www\DWCC2\system\CodeIgniter.php(502): CodeIgniter\CodeIgniter->runController(Object(App\Controllers\AdminController))
#9 C:\laragon\www\DWCC2\system\CodeIgniter.php(361): CodeIgniter\CodeIgniter->handleRequest(NULL, Object(Config\Cache), false)
#10 C:\laragon\www\DWCC2\public\index.php(79): CodeIgniter\CodeIgniter->run()
#11 C:\laragon\www\DWCC2\system\Commands\Server\rewrite.php(47): require_once('C:\\laragon\\www\\...')
#12 {main}
CRITICAL - 2024-04-16 02:22:18 --> Column 'TicketTypeID' in field list is ambiguous
in SYSTEMPATH\Database\BaseConnection.php on line 647.
 1 SYSTEMPATH\Database\BaseBuilder.php(1615): CodeIgniter\Database\BaseConnection->query('SELECT `TicketID`, `TicketTypeID`, `EventID`, `FirstName`, `LastName`, `Email`, `Phone`, `Ref_Number`, `PaymentProof`, `PurchaseDate`, `Quantity`, `Status`
FROM `ticketpurchases`
JOIN `tickettypes` ON `tickettypes`.`TicketTypeID` = `ticketpurchasesmodel`.`TicketTypeID`
JOIN `events` ON `events`.`EventID` = `ticketpurchasesmodel`.`EventID`
WHERE `UserID` = :UserID:', [...], false)
 2 SYSTEMPATH\Model.php(237): CodeIgniter\Database\BaseBuilder->get()
 3 SYSTEMPATH\BaseModel.php(624): CodeIgniter\Model->doFindAll(0, 0)
 4 APPPATH\Controllers\AdminController.php(255): CodeIgniter\BaseModel->findAll()
 5 SYSTEMPATH\CodeIgniter.php(942): App\Controllers\AdminController->showAvailTickets()
 6 SYSTEMPATH\CodeIgniter.php(502): CodeIgniter\CodeIgniter->runController(Object(App\Controllers\AdminController))
 7 SYSTEMPATH\CodeIgniter.php(361): CodeIgniter\CodeIgniter->handleRequest(null, Object(Config\Cache), false)
 8 FCPATH\index.php(79): CodeIgniter\CodeIgniter->run()
 9 SYSTEMPATH\Commands\Server\rewrite.php(47): require_once('C:\\laragon\\www\\DWCC2\\public\\index.php')
ERROR - 2024-04-16 02:22:39 --> mysqli_sql_exception: Column 'TicketTypeID' in field list is ambiguous in C:\laragon\www\DWCC2\system\Database\MySQLi\Connection.php:306
Stack trace:
#0 C:\laragon\www\DWCC2\system\Database\MySQLi\Connection.php(306): mysqli->query('SELECT `TicketI...', 0)
#1 C:\laragon\www\DWCC2\system\Database\BaseConnection.php(693): CodeIgniter\Database\MySQLi\Connection->execute('SELECT `TicketI...')
#2 C:\laragon\www\DWCC2\system\Database\BaseConnection.php(607): CodeIgniter\Database\BaseConnection->simpleQuery('SELECT `TicketI...')
#3 C:\laragon\www\DWCC2\system\Database\BaseBuilder.php(1615): CodeIgniter\Database\BaseConnection->query('SELECT `TicketI...', Array, false)
#4 C:\laragon\www\DWCC2\system\Model.php(237): CodeIgniter\Database\BaseBuilder->get()
#5 C:\laragon\www\DWCC2\system\BaseModel.php(624): CodeIgniter\Model->doFindAll(0, 0)
#6 C:\laragon\www\DWCC2\app\Controllers\AdminController.php(255): CodeIgniter\BaseModel->findAll()
#7 C:\laragon\www\DWCC2\system\CodeIgniter.php(942): App\Controllers\AdminController->showAvailTickets()
#8 C:\laragon\www\DWCC2\system\CodeIgniter.php(502): CodeIgniter\CodeIgniter->runController(Object(App\Controllers\AdminController))
#9 C:\laragon\www\DWCC2\system\CodeIgniter.php(361): CodeIgniter\CodeIgniter->handleRequest(NULL, Object(Config\Cache), false)
#10 C:\laragon\www\DWCC2\public\index.php(79): CodeIgniter\CodeIgniter->run()
#11 C:\laragon\www\DWCC2\system\Commands\Server\rewrite.php(47): require_once('C:\\laragon\\www\\...')
#12 {main}
CRITICAL - 2024-04-16 02:22:39 --> Column 'TicketTypeID' in field list is ambiguous
in SYSTEMPATH\Database\BaseConnection.php on line 647.
 1 SYSTEMPATH\Database\BaseBuilder.php(1615): CodeIgniter\Database\BaseConnection->query('SELECT `TicketID`, `TicketTypeID`, `EventID`, `FirstName`, `LastName`, `Email`, `Phone`, `Ref_Number`, `PaymentProof`, `PurchaseDate`, `Quantity`, `Status`
FROM `ticketpurchases`
JOIN `tickettypes` ON `tickettypes`.`TicketTypeID` = `ticketpurchases`.`TicketTypeID`
JOIN `events` ON `events`.`EventID` = `ticketpurchasesmodel`.`EventID`
WHERE `UserID` = :UserID:', [...], false)
 2 SYSTEMPATH\Model.php(237): CodeIgniter\Database\BaseBuilder->get()
 3 SYSTEMPATH\BaseModel.php(624): CodeIgniter\Model->doFindAll(0, 0)
 4 APPPATH\Controllers\AdminController.php(255): CodeIgniter\BaseModel->findAll()
 5 SYSTEMPATH\CodeIgniter.php(942): App\Controllers\AdminController->showAvailTickets()
 6 SYSTEMPATH\CodeIgniter.php(502): CodeIgniter\CodeIgniter->runController(Object(App\Controllers\AdminController))
 7 SYSTEMPATH\CodeIgniter.php(361): CodeIgniter\CodeIgniter->handleRequest(null, Object(Config\Cache), false)
 8 FCPATH\index.php(79): CodeIgniter\CodeIgniter->run()
 9 SYSTEMPATH\Commands\Server\rewrite.php(47): require_once('C:\\laragon\\www\\DWCC2\\public\\index.php')
ERROR - 2024-04-16 02:22:40 --> mysqli_sql_exception: Column 'TicketTypeID' in field list is ambiguous in C:\laragon\www\DWCC2\system\Database\MySQLi\Connection.php:306
Stack trace:
#0 C:\laragon\www\DWCC2\system\Database\MySQLi\Connection.php(306): mysqli->query('SELECT `TicketI...', 0)
#1 C:\laragon\www\DWCC2\system\Database\BaseConnection.php(693): CodeIgniter\Database\MySQLi\Connection->execute('SELECT `TicketI...')
#2 C:\laragon\www\DWCC2\system\Database\BaseConnection.php(607): CodeIgniter\Database\BaseConnection->simpleQuery('SELECT `TicketI...')
#3 C:\laragon\www\DWCC2\system\Database\BaseBuilder.php(1615): CodeIgniter\Database\BaseConnection->query('SELECT `TicketI...', Array, false)
#4 C:\laragon\www\DWCC2\system\Model.php(237): CodeIgniter\Database\BaseBuilder->get()
#5 C:\laragon\www\DWCC2\system\BaseModel.php(624): CodeIgniter\Model->doFindAll(0, 0)
#6 C:\laragon\www\DWCC2\app\Controllers\AdminController.php(255): CodeIgniter\BaseModel->findAll()
#7 C:\laragon\www\DWCC2\system\CodeIgniter.php(942): App\Controllers\AdminController->showAvailTickets()
#8 C:\laragon\www\DWCC2\system\CodeIgniter.php(502): CodeIgniter\CodeIgniter->runController(Object(App\Controllers\AdminController))
#9 C:\laragon\www\DWCC2\system\CodeIgniter.php(361): CodeIgniter\CodeIgniter->handleRequest(NULL, Object(Config\Cache), false)
#10 C:\laragon\www\DWCC2\public\index.php(79): CodeIgniter\CodeIgniter->run()
#11 C:\laragon\www\DWCC2\system\Commands\Server\rewrite.php(47): require_once('C:\\laragon\\www\\...')
#12 {main}
CRITICAL - 2024-04-16 02:22:40 --> Column 'TicketTypeID' in field list is ambiguous
in SYSTEMPATH\Database\BaseConnection.php on line 647.
 1 SYSTEMPATH\Database\BaseBuilder.php(1615): CodeIgniter\Database\BaseConnection->query('SELECT `TicketID`, `TicketTypeID`, `EventID`, `FirstName`, `LastName`, `Email`, `Phone`, `Ref_Number`, `PaymentProof`, `PurchaseDate`, `Quantity`, `Status`
FROM `ticketpurchases`
JOIN `tickettypes` ON `tickettypes`.`TicketTypeID` = `ticketpurchases`.`TicketTypeID`
JOIN `events` ON `events`.`EventID` = `ticketpurchasesmodel`.`EventID`
WHERE `UserID` = :UserID:', [...], false)
 2 SYSTEMPATH\Model.php(237): CodeIgniter\Database\BaseBuilder->get()
 3 SYSTEMPATH\BaseModel.php(624): CodeIgniter\Model->doFindAll(0, 0)
 4 APPPATH\Controllers\AdminController.php(255): CodeIgniter\BaseModel->findAll()
 5 SYSTEMPATH\CodeIgniter.php(942): App\Controllers\AdminController->showAvailTickets()
 6 SYSTEMPATH\CodeIgniter.php(502): CodeIgniter\CodeIgniter->runController(Object(App\Controllers\AdminController))
 7 SYSTEMPATH\CodeIgniter.php(361): CodeIgniter\CodeIgniter->handleRequest(null, Object(Config\Cache), false)
 8 FCPATH\index.php(79): CodeIgniter\CodeIgniter->run()
 9 SYSTEMPATH\Commands\Server\rewrite.php(47): require_once('C:\\laragon\\www\\DWCC2\\public\\index.php')
CRITICAL - 2024-04-16 03:51:57 --> Trying to access array offset on value of type null
in APPPATH\Controllers\UserController.php on line 210.
 1 APPPATH\Controllers\UserController.php(210): CodeIgniter\Debug\Exceptions->errorHandler(2, 'Trying to access array offset on value of type null', 'C:\\laragon\\www\\DWCC2\\app\\Controllers\\UserController.php', 210)
 2 SYSTEMPATH\CodeIgniter.php(942): App\Controllers\UserController->stud_displayEvents()
 3 SYSTEMPATH\CodeIgniter.php(502): CodeIgniter\CodeIgniter->runController(Object(App\Controllers\UserController))
 4 SYSTEMPATH\CodeIgniter.php(361): CodeIgniter\CodeIgniter->handleRequest(null, Object(Config\Cache), false)
 5 FCPATH\index.php(79): CodeIgniter\CodeIgniter->run()
 6 SYSTEMPATH\Commands\Server\rewrite.php(47): require_once('C:\\laragon\\www\\DWCC2\\public\\index.php')
CRITICAL - 2024-04-16 04:50:21 --> Undefined array key "TicketPurchaseID"
in APPPATH\Views\admin\Display_Avail_Tickets.php on line 243.
 1 APPPATH\Views\admin\Display_Avail_Tickets.php(243): CodeIgniter\Debug\Exceptions->errorHandler(2, 'Undefined array key "TicketPurchaseID"', 'C:\\laragon\\www\\DWCC2\\app\\Views\\admin\\Display_Avail_Tickets.php', 243)
 2 SYSTEMPATH\View\View.php(228): include('C:\\laragon\\www\\DWCC2\\app\\Views\\admin\\Display_Avail_Tickets.php')
 3 SYSTEMPATH\View\View.php(231): CodeIgniter\View\View->CodeIgniter\View\{closure}()
 4 SYSTEMPATH\Common.php(1190): CodeIgniter\View\View->render('admin/Display_Avail_Tickets', [], true)
 5 APPPATH\Controllers\AdminController.php(279): view('admin/Display_Avail_Tickets', [...])
 6 SYSTEMPATH\CodeIgniter.php(942): App\Controllers\AdminController->showAvailTickets()
 7 SYSTEMPATH\CodeIgniter.php(502): CodeIgniter\CodeIgniter->runController(Object(App\Controllers\AdminController))
 8 SYSTEMPATH\CodeIgniter.php(361): CodeIgniter\CodeIgniter->handleRequest(null, Object(Config\Cache), false)
 9 FCPATH\index.php(79): CodeIgniter\CodeIgniter->run()
10 SYSTEMPATH\Commands\Server\rewrite.php(47): require_once('C:\\laragon\\www\\DWCC2\\public\\index.php')
CRITICAL - 2024-04-16 04:51:07 --> Undefined array key "TicketPurchaseID"
in APPPATH\Views\admin\Display_Avail_Tickets.php on line 243.
 1 APPPATH\Views\admin\Display_Avail_Tickets.php(243): CodeIgniter\Debug\Exceptions->errorHandler(2, 'Undefined array key "TicketPurchaseID"', 'C:\\laragon\\www\\DWCC2\\app\\Views\\admin\\Display_Avail_Tickets.php', 243)
 2 SYSTEMPATH\View\View.php(228): include('C:\\laragon\\www\\DWCC2\\app\\Views\\admin\\Display_Avail_Tickets.php')
 3 SYSTEMPATH\View\View.php(231): CodeIgniter\View\View->CodeIgniter\View\{closure}()
 4 SYSTEMPATH\Common.php(1190): CodeIgniter\View\View->render('admin/Display_Avail_Tickets', [], true)
 5 APPPATH\Controllers\AdminController.php(279): view('admin/Display_Avail_Tickets', [...])
 6 SYSTEMPATH\CodeIgniter.php(942): App\Controllers\AdminController->showAvailTickets()
 7 SYSTEMPATH\CodeIgniter.php(502): CodeIgniter\CodeIgniter->runController(Object(App\Controllers\AdminController))
 8 SYSTEMPATH\CodeIgniter.php(361): CodeIgniter\CodeIgniter->handleRequest(null, Object(Config\Cache), false)
 9 FCPATH\index.php(79): CodeIgniter\CodeIgniter->run()
10 SYSTEMPATH\Commands\Server\rewrite.php(47): require_once('C:\\laragon\\www\\DWCC2\\public\\index.php')
CRITICAL - 2024-04-16 04:56:01 --> Undefined array key "TicketPurchaseID"
in APPPATH\Views\admin\Display_Avail_Tickets.php on line 243.
 1 APPPATH\Views\admin\Display_Avail_Tickets.php(243): CodeIgniter\Debug\Exceptions->errorHandler(2, 'Undefined array key "TicketPurchaseID"', 'C:\\laragon\\www\\DWCC2\\app\\Views\\admin\\Display_Avail_Tickets.php', 243)
 2 SYSTEMPATH\View\View.php(228): include('C:\\laragon\\www\\DWCC2\\app\\Views\\admin\\Display_Avail_Tickets.php')
 3 SYSTEMPATH\View\View.php(231): CodeIgniter\View\View->CodeIgniter\View\{closure}()
 4 SYSTEMPATH\Common.php(1190): CodeIgniter\View\View->render('admin/Display_Avail_Tickets', [], true)
 5 APPPATH\Controllers\AdminController.php(279): view('admin/Display_Avail_Tickets', [...])
 6 SYSTEMPATH\CodeIgniter.php(942): App\Controllers\AdminController->showAvailTickets()
 7 SYSTEMPATH\CodeIgniter.php(502): CodeIgniter\CodeIgniter->runController(Object(App\Controllers\AdminController))
 8 SYSTEMPATH\CodeIgniter.php(361): CodeIgniter\CodeIgniter->handleRequest(null, Object(Config\Cache), false)
 9 FCPATH\index.php(79): CodeIgniter\CodeIgniter->run()
10 SYSTEMPATH\Commands\Server\rewrite.php(47): require_once('C:\\laragon\\www\\DWCC2\\public\\index.php')
CRITICAL - 2024-04-16 04:56:05 --> Undefined array key "TicketPurchaseID"
in APPPATH\Views\admin\Display_Avail_Tickets.php on line 243.
 1 APPPATH\Views\admin\Display_Avail_Tickets.php(243): CodeIgniter\Debug\Exceptions->errorHandler(2, 'Undefined array key "TicketPurchaseID"', 'C:\\laragon\\www\\DWCC2\\app\\Views\\admin\\Display_Avail_Tickets.php', 243)
 2 SYSTEMPATH\View\View.php(228): include('C:\\laragon\\www\\DWCC2\\app\\Views\\admin\\Display_Avail_Tickets.php')
 3 SYSTEMPATH\View\View.php(231): CodeIgniter\View\View->CodeIgniter\View\{closure}()
 4 SYSTEMPATH\Common.php(1190): CodeIgniter\View\View->render('admin/Display_Avail_Tickets', [], true)
 5 APPPATH\Controllers\AdminController.php(279): view('admin/Display_Avail_Tickets', [...])
 6 SYSTEMPATH\CodeIgniter.php(942): App\Controllers\AdminController->showAvailTickets()
 7 SYSTEMPATH\CodeIgniter.php(502): CodeIgniter\CodeIgniter->runController(Object(App\Controllers\AdminController))
 8 SYSTEMPATH\CodeIgniter.php(361): CodeIgniter\CodeIgniter->handleRequest(null, Object(Config\Cache), false)
 9 FCPATH\index.php(79): CodeIgniter\CodeIgniter->run()
10 SYSTEMPATH\Commands\Server\rewrite.php(47): require_once('C:\\laragon\\www\\DWCC2\\public\\index.php')
CRITICAL - 2024-04-16 04:58:50 --> Undefined array key "PurchaseID "
in APPPATH\Views\admin\Display_Avail_Tickets.php on line 201.
 1 APPPATH\Views\admin\Display_Avail_Tickets.php(201): CodeIgniter\Debug\Exceptions->errorHandler(2, 'Undefined array key "PurchaseID "', 'C:\\laragon\\www\\DWCC2\\app\\Views\\admin\\Display_Avail_Tickets.php', 201)
 2 SYSTEMPATH\View\View.php(228): include('C:\\laragon\\www\\DWCC2\\app\\Views\\admin\\Display_Avail_Tickets.php')
 3 SYSTEMPATH\View\View.php(231): CodeIgniter\View\View->CodeIgniter\View\{closure}()
 4 SYSTEMPATH\Common.php(1190): CodeIgniter\View\View->render('admin/Display_Avail_Tickets', [], true)
 5 APPPATH\Controllers\AdminController.php(279): view('admin/Display_Avail_Tickets', [...])
 6 SYSTEMPATH\CodeIgniter.php(942): App\Controllers\AdminController->showAvailTickets()
 7 SYSTEMPATH\CodeIgniter.php(502): CodeIgniter\CodeIgniter->runController(Object(App\Controllers\AdminController))
 8 SYSTEMPATH\CodeIgniter.php(361): CodeIgniter\CodeIgniter->handleRequest(null, Object(Config\Cache), false)
 9 FCPATH\index.php(79): CodeIgniter\CodeIgniter->run()
10 SYSTEMPATH\Commands\Server\rewrite.php(47): require_once('C:\\laragon\\www\\DWCC2\\public\\index.php')
CRITICAL - 2024-04-16 09:25:05 --> Undefined array key "TicketType"
in APPPATH\Views\admin\Display_Avail_Tickets.php on line 204.
 1 APPPATH\Views\admin\Display_Avail_Tickets.php(204): CodeIgniter\Debug\Exceptions->errorHandler(2, 'Undefined array key "TicketType"', 'C:\\laragon\\www\\DWCC2\\app\\Views\\admin\\Display_Avail_Tickets.php', 204)
 2 SYSTEMPATH\View\View.php(228): include('C:\\laragon\\www\\DWCC2\\app\\Views\\admin\\Display_Avail_Tickets.php')
 3 SYSTEMPATH\View\View.php(231): CodeIgniter\View\View->CodeIgniter\View\{closure}()
 4 SYSTEMPATH\Common.php(1190): CodeIgniter\View\View->render('admin/Display_Avail_Tickets', [], true)
 5 APPPATH\Controllers\AdminController.php(279): view('admin/Display_Avail_Tickets', [...])
 6 SYSTEMPATH\CodeIgniter.php(942): App\Controllers\AdminController->showAvailTickets()
 7 SYSTEMPATH\CodeIgniter.php(502): CodeIgniter\CodeIgniter->runController(Object(App\Controllers\AdminController))
 8 SYSTEMPATH\CodeIgniter.php(361): CodeIgniter\CodeIgniter->handleRequest(null, Object(Config\Cache), false)
 9 FCPATH\index.php(79): CodeIgniter\CodeIgniter->run()
10 SYSTEMPATH\Commands\Server\rewrite.php(47): require_once('C:\\laragon\\www\\DWCC2\\public\\index.php')
CRITICAL - 2024-04-16 09:27:02 --> Undefined array key "EventName"
in APPPATH\Views\admin\Display_Avail_Tickets.php on line 205.
 1 APPPATH\Views\admin\Display_Avail_Tickets.php(205): CodeIgniter\Debug\Exceptions->errorHandler(2, 'Undefined array key "EventName"', 'C:\\laragon\\www\\DWCC2\\app\\Views\\admin\\Display_Avail_Tickets.php', 205)
 2 SYSTEMPATH\View\View.php(228): include('C:\\laragon\\www\\DWCC2\\app\\Views\\admin\\Display_Avail_Tickets.php')
 3 SYSTEMPATH\View\View.php(231): CodeIgniter\View\View->CodeIgniter\View\{closure}()
 4 SYSTEMPATH\Common.php(1190): CodeIgniter\View\View->render('admin/Display_Avail_Tickets', [], true)
 5 APPPATH\Controllers\AdminController.php(279): view('admin/Display_Avail_Tickets', [...])
 6 SYSTEMPATH\CodeIgniter.php(942): App\Controllers\AdminController->showAvailTickets()
 7 SYSTEMPATH\CodeIgniter.php(502): CodeIgniter\CodeIgniter->runController(Object(App\Controllers\AdminController))
 8 SYSTEMPATH\CodeIgniter.php(361): CodeIgniter\CodeIgniter->handleRequest(null, Object(Config\Cache), false)
 9 FCPATH\index.php(79): CodeIgniter\CodeIgniter->run()
10 SYSTEMPATH\Commands\Server\rewrite.php(47): require_once('C:\\laragon\\www\\DWCC2\\public\\index.php')
CRITICAL - 2024-04-16 09:27:16 --> Undefined array key "EventName"
in APPPATH\Views\admin\Display_Avail_Tickets.php on line 205.
 1 APPPATH\Views\admin\Display_Avail_Tickets.php(205): CodeIgniter\Debug\Exceptions->errorHandler(2, 'Undefined array key "EventName"', 'C:\\laragon\\www\\DWCC2\\app\\Views\\admin\\Display_Avail_Tickets.php', 205)
 2 SYSTEMPATH\View\View.php(228): include('C:\\laragon\\www\\DWCC2\\app\\Views\\admin\\Display_Avail_Tickets.php')
 3 SYSTEMPATH\View\View.php(231): CodeIgniter\View\View->CodeIgniter\View\{closure}()
 4 SYSTEMPATH\Common.php(1190): CodeIgniter\View\View->render('admin/Display_Avail_Tickets', [], true)
 5 APPPATH\Controllers\AdminController.php(279): view('admin/Display_Avail_Tickets', [...])
 6 SYSTEMPATH\CodeIgniter.php(942): App\Controllers\AdminController->showAvailTickets()
 7 SYSTEMPATH\CodeIgniter.php(502): CodeIgniter\CodeIgniter->runController(Object(App\Controllers\AdminController))
 8 SYSTEMPATH\CodeIgniter.php(361): CodeIgniter\CodeIgniter->handleRequest(null, Object(Config\Cache), false)
 9 FCPATH\index.php(79): CodeIgniter\CodeIgniter->run()
10 SYSTEMPATH\Commands\Server\rewrite.php(47): require_once('C:\\laragon\\www\\DWCC2\\public\\index.php')
CRITICAL - 2024-04-16 09:29:02 --> Undefined array key "TicketType"
in APPPATH\Views\admin\Display_Avail_Tickets.php on line 204.
 1 APPPATH\Views\admin\Display_Avail_Tickets.php(204): CodeIgniter\Debug\Exceptions->errorHandler(2, 'Undefined array key "TicketType"', 'C:\\laragon\\www\\DWCC2\\app\\Views\\admin\\Display_Avail_Tickets.php', 204)
 2 SYSTEMPATH\View\View.php(228): include('C:\\laragon\\www\\DWCC2\\app\\Views\\admin\\Display_Avail_Tickets.php')
 3 SYSTEMPATH\View\View.php(231): CodeIgniter\View\View->CodeIgniter\View\{closure}()
 4 SYSTEMPATH\Common.php(1190): CodeIgniter\View\View->render('admin/Display_Avail_Tickets', [], true)
 5 APPPATH\Controllers\AdminController.php(279): view('admin/Display_Avail_Tickets', [...])
 6 SYSTEMPATH\CodeIgniter.php(942): App\Controllers\AdminController->showAvailTickets()
 7 SYSTEMPATH\CodeIgniter.php(502): CodeIgniter\CodeIgniter->runController(Object(App\Controllers\AdminController))
 8 SYSTEMPATH\CodeIgniter.php(361): CodeIgniter\CodeIgniter->handleRequest(null, Object(Config\Cache), false)
 9 FCPATH\index.php(79): CodeIgniter\CodeIgniter->run()
10 SYSTEMPATH\Commands\Server\rewrite.php(47): require_once('C:\\laragon\\www\\DWCC2\\public\\index.php')
CRITICAL - 2024-04-16 09:29:16 --> Undefined array key "EventName"
in APPPATH\Views\admin\Display_Avail_Tickets.php on line 205.
 1 APPPATH\Views\admin\Display_Avail_Tickets.php(205): CodeIgniter\Debug\Exceptions->errorHandler(2, 'Undefined array key "EventName"', 'C:\\laragon\\www\\DWCC2\\app\\Views\\admin\\Display_Avail_Tickets.php', 205)
 2 SYSTEMPATH\View\View.php(228): include('C:\\laragon\\www\\DWCC2\\app\\Views\\admin\\Display_Avail_Tickets.php')
 3 SYSTEMPATH\View\View.php(231): CodeIgniter\View\View->CodeIgniter\View\{closure}()
 4 SYSTEMPATH\Common.php(1190): CodeIgniter\View\View->render('admin/Display_Avail_Tickets', [], true)
 5 APPPATH\Controllers\AdminController.php(279): view('admin/Display_Avail_Tickets', [...])
 6 SYSTEMPATH\CodeIgniter.php(942): App\Controllers\AdminController->showAvailTickets()
 7 SYSTEMPATH\CodeIgniter.php(502): CodeIgniter\CodeIgniter->runController(Object(App\Controllers\AdminController))
 8 SYSTEMPATH\CodeIgniter.php(361): CodeIgniter\CodeIgniter->handleRequest(null, Object(Config\Cache), false)
 9 FCPATH\index.php(79): CodeIgniter\CodeIgniter->run()
10 SYSTEMPATH\Commands\Server\rewrite.php(47): require_once('C:\\laragon\\www\\DWCC2\\public\\index.php')
CRITICAL - 2024-04-16 09:29:25 --> Undefined array key "TicketType"
in APPPATH\Views\admin\Display_Avail_Tickets.php on line 204.
 1 APPPATH\Views\admin\Display_Avail_Tickets.php(204): CodeIgniter\Debug\Exceptions->errorHandler(2, 'Undefined array key "TicketType"', 'C:\\laragon\\www\\DWCC2\\app\\Views\\admin\\Display_Avail_Tickets.php', 204)
 2 SYSTEMPATH\View\View.php(228): include('C:\\laragon\\www\\DWCC2\\app\\Views\\admin\\Display_Avail_Tickets.php')
 3 SYSTEMPATH\View\View.php(231): CodeIgniter\View\View->CodeIgniter\View\{closure}()
 4 SYSTEMPATH\Common.php(1190): CodeIgniter\View\View->render('admin/Display_Avail_Tickets', [], true)
 5 APPPATH\Controllers\AdminController.php(279): view('admin/Display_Avail_Tickets', [...])
 6 SYSTEMPATH\CodeIgniter.php(942): App\Controllers\AdminController->showAvailTickets()
 7 SYSTEMPATH\CodeIgniter.php(502): CodeIgniter\CodeIgniter->runController(Object(App\Controllers\AdminController))
 8 SYSTEMPATH\CodeIgniter.php(361): CodeIgniter\CodeIgniter->handleRequest(null, Object(Config\Cache), false)
 9 FCPATH\index.php(79): CodeIgniter\CodeIgniter->run()
10 SYSTEMPATH\Commands\Server\rewrite.php(47): require_once('C:\\laragon\\www\\DWCC2\\public\\index.php')
CRITICAL - 2024-04-16 09:29:40 --> Undefined array key "TicketType"
in APPPATH\Views\admin\Display_Avail_Tickets.php on line 204.
 1 APPPATH\Views\admin\Display_Avail_Tickets.php(204): CodeIgniter\Debug\Exceptions->errorHandler(2, 'Undefined array key "TicketType"', 'C:\\laragon\\www\\DWCC2\\app\\Views\\admin\\Display_Avail_Tickets.php', 204)
 2 SYSTEMPATH\View\View.php(228): include('C:\\laragon\\www\\DWCC2\\app\\Views\\admin\\Display_Avail_Tickets.php')
 3 SYSTEMPATH\View\View.php(231): CodeIgniter\View\View->CodeIgniter\View\{closure}()
 4 SYSTEMPATH\Common.php(1190): CodeIgniter\View\View->render('admin/Display_Avail_Tickets', [], true)
 5 APPPATH\Controllers\AdminController.php(279): view('admin/Display_Avail_Tickets', [...])
 6 SYSTEMPATH\CodeIgniter.php(942): App\Controllers\AdminController->showAvailTickets()
 7 SYSTEMPATH\CodeIgniter.php(502): CodeIgniter\CodeIgniter->runController(Object(App\Controllers\AdminController))
 8 SYSTEMPATH\CodeIgniter.php(361): CodeIgniter\CodeIgniter->handleRequest(null, Object(Config\Cache), false)
 9 FCPATH\index.php(79): CodeIgniter\CodeIgniter->run()
10 SYSTEMPATH\Commands\Server\rewrite.php(47): require_once('C:\\laragon\\www\\DWCC2\\public\\index.php')
CRITICAL - 2024-04-16 09:31:34 --> Undefined array key "TicketType"
in APPPATH\Views\admin\Display_Avail_Tickets.php on line 204.
 1 APPPATH\Views\admin\Display_Avail_Tickets.php(204): CodeIgniter\Debug\Exceptions->errorHandler(2, 'Undefined array key "TicketType"', 'C:\\laragon\\www\\DWCC2\\app\\Views\\admin\\Display_Avail_Tickets.php', 204)
 2 SYSTEMPATH\View\View.php(228): include('C:\\laragon\\www\\DWCC2\\app\\Views\\admin\\Display_Avail_Tickets.php')
 3 SYSTEMPATH\View\View.php(231): CodeIgniter\View\View->CodeIgniter\View\{closure}()
 4 SYSTEMPATH\Common.php(1190): CodeIgniter\View\View->render('admin/Display_Avail_Tickets', [], true)
 5 APPPATH\Controllers\AdminController.php(279): view('admin/Display_Avail_Tickets', [...])
 6 SYSTEMPATH\CodeIgniter.php(942): App\Controllers\AdminController->showAvailTickets()
 7 SYSTEMPATH\CodeIgniter.php(502): CodeIgniter\CodeIgniter->runController(Object(App\Controllers\AdminController))
 8 SYSTEMPATH\CodeIgniter.php(361): CodeIgniter\CodeIgniter->handleRequest(null, Object(Config\Cache), false)
 9 FCPATH\index.php(79): CodeIgniter\CodeIgniter->run()
10 SYSTEMPATH\Commands\Server\rewrite.php(47): require_once('C:\\laragon\\www\\DWCC2\\public\\index.php')
CRITICAL - 2024-04-16 09:31:35 --> Undefined array key "TicketType"
in APPPATH\Views\admin\Display_Avail_Tickets.php on line 204.
 1 APPPATH\Views\admin\Display_Avail_Tickets.php(204): CodeIgniter\Debug\Exceptions->errorHandler(2, 'Undefined array key "TicketType"', 'C:\\laragon\\www\\DWCC2\\app\\Views\\admin\\Display_Avail_Tickets.php', 204)
 2 SYSTEMPATH\View\View.php(228): include('C:\\laragon\\www\\DWCC2\\app\\Views\\admin\\Display_Avail_Tickets.php')
 3 SYSTEMPATH\View\View.php(231): CodeIgniter\View\View->CodeIgniter\View\{closure}()
 4 SYSTEMPATH\Common.php(1190): CodeIgniter\View\View->render('admin/Display_Avail_Tickets', [], true)
 5 APPPATH\Controllers\AdminController.php(279): view('admin/Display_Avail_Tickets', [...])
 6 SYSTEMPATH\CodeIgniter.php(942): App\Controllers\AdminController->showAvailTickets()
 7 SYSTEMPATH\CodeIgniter.php(502): CodeIgniter\CodeIgniter->runController(Object(App\Controllers\AdminController))
 8 SYSTEMPATH\CodeIgniter.php(361): CodeIgniter\CodeIgniter->handleRequest(null, Object(Config\Cache), false)
 9 FCPATH\index.php(79): CodeIgniter\CodeIgniter->run()
10 SYSTEMPATH\Commands\Server\rewrite.php(47): require_once('C:\\laragon\\www\\DWCC2\\public\\index.php')
CRITICAL - 2024-04-16 09:31:46 --> Undefined array key "EventName"
in APPPATH\Views\admin\Display_Avail_Tickets.php on line 205.
 1 APPPATH\Views\admin\Display_Avail_Tickets.php(205): CodeIgniter\Debug\Exceptions->errorHandler(2, 'Undefined array key "EventName"', 'C:\\laragon\\www\\DWCC2\\app\\Views\\admin\\Display_Avail_Tickets.php', 205)
 2 SYSTEMPATH\View\View.php(228): include('C:\\laragon\\www\\DWCC2\\app\\Views\\admin\\Display_Avail_Tickets.php')
 3 SYSTEMPATH\View\View.php(231): CodeIgniter\View\View->CodeIgniter\View\{closure}()
 4 SYSTEMPATH\Common.php(1190): CodeIgniter\View\View->render('admin/Display_Avail_Tickets', [], true)
 5 APPPATH\Controllers\AdminController.php(279): view('admin/Display_Avail_Tickets', [...])
 6 SYSTEMPATH\CodeIgniter.php(942): App\Controllers\AdminController->showAvailTickets()
 7 SYSTEMPATH\CodeIgniter.php(502): CodeIgniter\CodeIgniter->runController(Object(App\Controllers\AdminController))
 8 SYSTEMPATH\CodeIgniter.php(361): CodeIgniter\CodeIgniter->handleRequest(null, Object(Config\Cache), false)
 9 FCPATH\index.php(79): CodeIgniter\CodeIgniter->run()
10 SYSTEMPATH\Commands\Server\rewrite.php(47): require_once('C:\\laragon\\www\\DWCC2\\public\\index.php')
CRITICAL - 2024-04-16 09:32:14 --> Undefined array key "TicketType"
in APPPATH\Views\admin\Display_Avail_Tickets.php on line 204.
 1 APPPATH\Views\admin\Display_Avail_Tickets.php(204): CodeIgniter\Debug\Exceptions->errorHandler(2, 'Undefined array key "TicketType"', 'C:\\laragon\\www\\DWCC2\\app\\Views\\admin\\Display_Avail_Tickets.php', 204)
 2 SYSTEMPATH\View\View.php(228): include('C:\\laragon\\www\\DWCC2\\app\\Views\\admin\\Display_Avail_Tickets.php')
 3 SYSTEMPATH\View\View.php(231): CodeIgniter\View\View->CodeIgniter\View\{closure}()
 4 SYSTEMPATH\Common.php(1190): CodeIgniter\View\View->render('admin/Display_Avail_Tickets', [], true)
 5 APPPATH\Controllers\AdminController.php(279): view('admin/Display_Avail_Tickets', [...])
 6 SYSTEMPATH\CodeIgniter.php(942): App\Controllers\AdminController->showAvailTickets()
 7 SYSTEMPATH\CodeIgniter.php(502): CodeIgniter\CodeIgniter->runController(Object(App\Controllers\AdminController))
 8 SYSTEMPATH\CodeIgniter.php(361): CodeIgniter\CodeIgniter->handleRequest(null, Object(Config\Cache), false)
 9 FCPATH\index.php(79): CodeIgniter\CodeIgniter->run()
10 SYSTEMPATH\Commands\Server\rewrite.php(47): require_once('C:\\laragon\\www\\DWCC2\\public\\index.php')
CRITICAL - 2024-04-16 09:34:36 --> Undefined array key "TicketType"
in APPPATH\Views\admin\Display_Avail_Tickets.php on line 204.
 1 APPPATH\Views\admin\Display_Avail_Tickets.php(204): CodeIgniter\Debug\Exceptions->errorHandler(2, 'Undefined array key "TicketType"', 'C:\\laragon\\www\\DWCC2\\app\\Views\\admin\\Display_Avail_Tickets.php', 204)
 2 SYSTEMPATH\View\View.php(228): include('C:\\laragon\\www\\DWCC2\\app\\Views\\admin\\Display_Avail_Tickets.php')
 3 SYSTEMPATH\View\View.php(231): CodeIgniter\View\View->CodeIgniter\View\{closure}()
 4 SYSTEMPATH\Common.php(1190): CodeIgniter\View\View->render('admin/Display_Avail_Tickets', [], true)
 5 APPPATH\Controllers\AdminController.php(279): view('admin/Display_Avail_Tickets', [...])
 6 SYSTEMPATH\CodeIgniter.php(942): App\Controllers\AdminController->showAvailTickets()
 7 SYSTEMPATH\CodeIgniter.php(502): CodeIgniter\CodeIgniter->runController(Object(App\Controllers\AdminController))
 8 SYSTEMPATH\CodeIgniter.php(361): CodeIgniter\CodeIgniter->handleRequest(null, Object(Config\Cache), false)
 9 FCPATH\index.php(79): CodeIgniter\CodeIgniter->run()
10 SYSTEMPATH\Commands\Server\rewrite.php(47): require_once('C:\\laragon\\www\\DWCC2\\public\\index.php')
CRITICAL - 2024-04-16 09:35:52 --> Undefined array key "TicketType"
in APPPATH\Views\admin\Display_Avail_Tickets.php on line 204.
 1 APPPATH\Views\admin\Display_Avail_Tickets.php(204): CodeIgniter\Debug\Exceptions->errorHandler(2, 'Undefined array key "TicketType"', 'C:\\laragon\\www\\DWCC2\\app\\Views\\admin\\Display_Avail_Tickets.php', 204)
 2 SYSTEMPATH\View\View.php(228): include('C:\\laragon\\www\\DWCC2\\app\\Views\\admin\\Display_Avail_Tickets.php')
 3 SYSTEMPATH\View\View.php(231): CodeIgniter\View\View->CodeIgniter\View\{closure}()
 4 SYSTEMPATH\Common.php(1190): CodeIgniter\View\View->render('admin/Display_Avail_Tickets', [], true)
 5 APPPATH\Controllers\AdminController.php(279): view('admin/Display_Avail_Tickets', [...])
 6 SYSTEMPATH\CodeIgniter.php(942): App\Controllers\AdminController->showAvailTickets()
 7 SYSTEMPATH\CodeIgniter.php(502): CodeIgniter\CodeIgniter->runController(Object(App\Controllers\AdminController))
 8 SYSTEMPATH\CodeIgniter.php(361): CodeIgniter\CodeIgniter->handleRequest(null, Object(Config\Cache), false)
 9 FCPATH\index.php(79): CodeIgniter\CodeIgniter->run()
10 SYSTEMPATH\Commands\Server\rewrite.php(47): require_once('C:\\laragon\\www\\DWCC2\\public\\index.php')
CRITICAL - 2024-04-16 09:37:54 --> Undefined array key "TicketType"
in APPPATH\Views\admin\Display_Avail_Tickets.php on line 204.
 1 APPPATH\Views\admin\Display_Avail_Tickets.php(204): CodeIgniter\Debug\Exceptions->errorHandler(2, 'Undefined array key "TicketType"', 'C:\\laragon\\www\\DWCC2\\app\\Views\\admin\\Display_Avail_Tickets.php', 204)
 2 SYSTEMPATH\View\View.php(228): include('C:\\laragon\\www\\DWCC2\\app\\Views\\admin\\Display_Avail_Tickets.php')
 3 SYSTEMPATH\View\View.php(231): CodeIgniter\View\View->CodeIgniter\View\{closure}()
 4 SYSTEMPATH\Common.php(1190): CodeIgniter\View\View->render('admin/Display_Avail_Tickets', [], true)
 5 APPPATH\Controllers\AdminController.php(279): view('admin/Display_Avail_Tickets', [...])
 6 SYSTEMPATH\CodeIgniter.php(942): App\Controllers\AdminController->showAvailTickets()
 7 SYSTEMPATH\CodeIgniter.php(502): CodeIgniter\CodeIgniter->runController(Object(App\Controllers\AdminController))
 8 SYSTEMPATH\CodeIgniter.php(361): CodeIgniter\CodeIgniter->handleRequest(null, Object(Config\Cache), false)
 9 FCPATH\index.php(79): CodeIgniter\CodeIgniter->run()
10 SYSTEMPATH\Commands\Server\rewrite.php(47): require_once('C:\\laragon\\www\\DWCC2\\public\\index.php')
CRITICAL - 2024-04-16 10:03:30 --> Undefined array key "TicketType"
in APPPATH\Views\admin\Display_Avail_Tickets.php on line 204.
 1 APPPATH\Views\admin\Display_Avail_Tickets.php(204): CodeIgniter\Debug\Exceptions->errorHandler(2, 'Undefined array key "TicketType"', 'C:\\laragon\\www\\DWCC2\\app\\Views\\admin\\Display_Avail_Tickets.php', 204)
 2 SYSTEMPATH\View\View.php(228): include('C:\\laragon\\www\\DWCC2\\app\\Views\\admin\\Display_Avail_Tickets.php')
 3 SYSTEMPATH\View\View.php(231): CodeIgniter\View\View->CodeIgniter\View\{closure}()
 4 SYSTEMPATH\Common.php(1190): CodeIgniter\View\View->render('admin/Display_Avail_Tickets', [], true)
 5 APPPATH\Controllers\AdminController.php(279): view('admin/Display_Avail_Tickets', [...])
 6 SYSTEMPATH\CodeIgniter.php(942): App\Controllers\AdminController->showAvailTickets()
 7 SYSTEMPATH\CodeIgniter.php(502): CodeIgniter\CodeIgniter->runController(Object(App\Controllers\AdminController))
 8 SYSTEMPATH\CodeIgniter.php(361): CodeIgniter\CodeIgniter->handleRequest(null, Object(Config\Cache), false)
 9 FCPATH\index.php(79): CodeIgniter\CodeIgniter->run()
10 SYSTEMPATH\Commands\Server\rewrite.php(47): require_once('C:\\laragon\\www\\DWCC2\\public\\index.php')
CRITICAL - 2024-04-16 10:03:32 --> Undefined array key "TicketType"
in APPPATH\Views\admin\Display_Avail_Tickets.php on line 204.
 1 APPPATH\Views\admin\Display_Avail_Tickets.php(204): CodeIgniter\Debug\Exceptions->errorHandler(2, 'Undefined array key "TicketType"', 'C:\\laragon\\www\\DWCC2\\app\\Views\\admin\\Display_Avail_Tickets.php', 204)
 2 SYSTEMPATH\View\View.php(228): include('C:\\laragon\\www\\DWCC2\\app\\Views\\admin\\Display_Avail_Tickets.php')
 3 SYSTEMPATH\View\View.php(231): CodeIgniter\View\View->CodeIgniter\View\{closure}()
 4 SYSTEMPATH\Common.php(1190): CodeIgniter\View\View->render('admin/Display_Avail_Tickets', [], true)
 5 APPPATH\Controllers\AdminController.php(279): view('admin/Display_Avail_Tickets', [...])
 6 SYSTEMPATH\CodeIgniter.php(942): App\Controllers\AdminController->showAvailTickets()
 7 SYSTEMPATH\CodeIgniter.php(502): CodeIgniter\CodeIgniter->runController(Object(App\Controllers\AdminController))
 8 SYSTEMPATH\CodeIgniter.php(361): CodeIgniter\CodeIgniter->handleRequest(null, Object(Config\Cache), false)
 9 FCPATH\index.php(79): CodeIgniter\CodeIgniter->run()
10 SYSTEMPATH\Commands\Server\rewrite.php(47): require_once('C:\\laragon\\www\\DWCC2\\public\\index.php')
CRITICAL - 2024-04-16 10:09:32 --> Undefined variable $data
in APPPATH\Views\admin\Display_Avail_Tickets.php on line 185.
 1 APPPATH\Views\admin\Display_Avail_Tickets.php(185): CodeIgniter\Debug\Exceptions->errorHandler(2, 'Undefined variable $data', 'C:\\laragon\\www\\DWCC2\\app\\Views\\admin\\Display_Avail_Tickets.php', 185)
 2 SYSTEMPATH\View\View.php(228): include('C:\\laragon\\www\\DWCC2\\app\\Views\\admin\\Display_Avail_Tickets.php')
 3 SYSTEMPATH\View\View.php(231): CodeIgniter\View\View->CodeIgniter\View\{closure}()
 4 SYSTEMPATH\Common.php(1190): CodeIgniter\View\View->render('admin/Display_Avail_Tickets', [], true)
 5 APPPATH\Controllers\AdminController.php(284): view('admin/Display_Avail_Tickets', [...])
 6 SYSTEMPATH\CodeIgniter.php(942): App\Controllers\AdminController->showAvailTickets()
 7 SYSTEMPATH\CodeIgniter.php(502): CodeIgniter\CodeIgniter->runController(Object(App\Controllers\AdminController))
 8 SYSTEMPATH\CodeIgniter.php(361): CodeIgniter\CodeIgniter->handleRequest(null, Object(Config\Cache), false)
 9 FCPATH\index.php(79): CodeIgniter\CodeIgniter->run()
10 SYSTEMPATH\Commands\Server\rewrite.php(47): require_once('C:\\laragon\\www\\DWCC2\\public\\index.php')
CRITICAL - 2024-04-16 10:11:42 --> Undefined array key "TicketType"
in APPPATH\Views\admin\Display_Avail_Tickets.php on line 204.
 1 APPPATH\Views\admin\Display_Avail_Tickets.php(204): CodeIgniter\Debug\Exceptions->errorHandler(2, 'Undefined array key "TicketType"', 'C:\\laragon\\www\\DWCC2\\app\\Views\\admin\\Display_Avail_Tickets.php', 204)
 2 SYSTEMPATH\View\View.php(228): include('C:\\laragon\\www\\DWCC2\\app\\Views\\admin\\Display_Avail_Tickets.php')
 3 SYSTEMPATH\View\View.php(231): CodeIgniter\View\View->CodeIgniter\View\{closure}()
 4 SYSTEMPATH\Common.php(1190): CodeIgniter\View\View->render('admin/Display_Avail_Tickets', [], true)
 5 APPPATH\Controllers\AdminController.php(285): view('admin/Display_Avail_Tickets', [...])
 6 SYSTEMPATH\CodeIgniter.php(942): App\Controllers\AdminController->showAvailTickets()
 7 SYSTEMPATH\CodeIgniter.php(502): CodeIgniter\CodeIgniter->runController(Object(App\Controllers\AdminController))
 8 SYSTEMPATH\CodeIgniter.php(361): CodeIgniter\CodeIgniter->handleRequest(null, Object(Config\Cache), false)
 9 FCPATH\index.php(79): CodeIgniter\CodeIgniter->run()
10 SYSTEMPATH\Commands\Server\rewrite.php(47): require_once('C:\\laragon\\www\\DWCC2\\public\\index.php')
CRITICAL - 2024-04-16 10:12:07 --> Undefined array key "EventName"
in APPPATH\Views\admin\Display_Avail_Tickets.php on line 205.
 1 APPPATH\Views\admin\Display_Avail_Tickets.php(205): CodeIgniter\Debug\Exceptions->errorHandler(2, 'Undefined array key "EventName"', 'C:\\laragon\\www\\DWCC2\\app\\Views\\admin\\Display_Avail_Tickets.php', 205)
 2 SYSTEMPATH\View\View.php(228): include('C:\\laragon\\www\\DWCC2\\app\\Views\\admin\\Display_Avail_Tickets.php')
 3 SYSTEMPATH\View\View.php(231): CodeIgniter\View\View->CodeIgniter\View\{closure}()
 4 SYSTEMPATH\Common.php(1190): CodeIgniter\View\View->render('admin/Display_Avail_Tickets', [], true)
 5 APPPATH\Controllers\AdminController.php(285): view('admin/Display_Avail_Tickets', [...])
 6 SYSTEMPATH\CodeIgniter.php(942): App\Controllers\AdminController->showAvailTickets()
 7 SYSTEMPATH\CodeIgniter.php(502): CodeIgniter\CodeIgniter->runController(Object(App\Controllers\AdminController))
 8 SYSTEMPATH\CodeIgniter.php(361): CodeIgniter\CodeIgniter->handleRequest(null, Object(Config\Cache), false)
 9 FCPATH\index.php(79): CodeIgniter\CodeIgniter->run()
10 SYSTEMPATH\Commands\Server\rewrite.php(47): require_once('C:\\laragon\\www\\DWCC2\\public\\index.php')
CRITICAL - 2024-04-16 10:15:42 --> Undefined variable $data
in APPPATH\Views\admin\Display_Avail_Tickets.php on line 185.
 1 APPPATH\Views\admin\Display_Avail_Tickets.php(185): CodeIgniter\Debug\Exceptions->errorHandler(2, 'Undefined variable $data', 'C:\\laragon\\www\\DWCC2\\app\\Views\\admin\\Display_Avail_Tickets.php', 185)
 2 SYSTEMPATH\View\View.php(228): include('C:\\laragon\\www\\DWCC2\\app\\Views\\admin\\Display_Avail_Tickets.php')
 3 SYSTEMPATH\View\View.php(231): CodeIgniter\View\View->CodeIgniter\View\{closure}()
 4 SYSTEMPATH\Common.php(1190): CodeIgniter\View\View->render('admin/Display_Avail_Tickets', [], true)
 5 APPPATH\Controllers\AdminController.php(279): view('admin/Display_Avail_Tickets', [...])
 6 SYSTEMPATH\CodeIgniter.php(942): App\Controllers\AdminController->showAvailTickets()
 7 SYSTEMPATH\CodeIgniter.php(502): CodeIgniter\CodeIgniter->runController(Object(App\Controllers\AdminController))
 8 SYSTEMPATH\CodeIgniter.php(361): CodeIgniter\CodeIgniter->handleRequest(null, Object(Config\Cache), false)
 9 FCPATH\index.php(79): CodeIgniter\CodeIgniter->run()
10 SYSTEMPATH\Commands\Server\rewrite.php(47): require_once('C:\\laragon\\www\\DWCC2\\public\\index.php')
CRITICAL - 2024-04-16 10:16:18 --> Undefined array key "EventName"
in APPPATH\Views\admin\Display_Avail_Tickets.php on line 205.
 1 APPPATH\Views\admin\Display_Avail_Tickets.php(205): CodeIgniter\Debug\Exceptions->errorHandler(2, 'Undefined array key "EventName"', 'C:\\laragon\\www\\DWCC2\\app\\Views\\admin\\Display_Avail_Tickets.php', 205)
 2 SYSTEMPATH\View\View.php(228): include('C:\\laragon\\www\\DWCC2\\app\\Views\\admin\\Display_Avail_Tickets.php')
 3 SYSTEMPATH\View\View.php(231): CodeIgniter\View\View->CodeIgniter\View\{closure}()
 4 SYSTEMPATH\Common.php(1190): CodeIgniter\View\View->render('admin/Display_Avail_Tickets', [], true)
 5 APPPATH\Controllers\AdminController.php(279): view('admin/Display_Avail_Tickets', [...])
 6 SYSTEMPATH\CodeIgniter.php(942): App\Controllers\AdminController->showAvailTickets()
 7 SYSTEMPATH\CodeIgniter.php(502): CodeIgniter\CodeIgniter->runController(Object(App\Controllers\AdminController))
 8 SYSTEMPATH\CodeIgniter.php(361): CodeIgniter\CodeIgniter->handleRequest(null, Object(Config\Cache), false)
 9 FCPATH\index.php(79): CodeIgniter\CodeIgniter->run()
10 SYSTEMPATH\Commands\Server\rewrite.php(47): require_once('C:\\laragon\\www\\DWCC2\\public\\index.php')
ERROR - 2024-04-16 10:17:25 --> mysqli_sql_exception: Unknown column 'ticketpurchases.TicketType' in 'field list' in C:\laragon\www\DWCC2\system\Database\MySQLi\Connection.php:306
Stack trace:
#0 C:\laragon\www\DWCC2\system\Database\MySQLi\Connection.php(306): mysqli->query('SELECT `ticketp...', 0)
#1 C:\laragon\www\DWCC2\system\Database\BaseConnection.php(693): CodeIgniter\Database\MySQLi\Connection->execute('SELECT `ticketp...')
#2 C:\laragon\www\DWCC2\system\Database\BaseConnection.php(607): CodeIgniter\Database\BaseConnection->simpleQuery('SELECT `ticketp...')
#3 C:\laragon\www\DWCC2\system\Database\BaseBuilder.php(1615): CodeIgniter\Database\BaseConnection->query('SELECT `ticketp...', Array, false)
#4 C:\laragon\www\DWCC2\system\Model.php(237): CodeIgniter\Database\BaseBuilder->get()
#5 C:\laragon\www\DWCC2\system\BaseModel.php(624): CodeIgniter\Model->doFindAll(0, 0)
#6 C:\laragon\www\DWCC2\app\Controllers\AdminController.php(255): CodeIgniter\BaseModel->findAll()
#7 C:\laragon\www\DWCC2\system\CodeIgniter.php(942): App\Controllers\AdminController->showAvailTickets()
#8 C:\laragon\www\DWCC2\system\CodeIgniter.php(502): CodeIgniter\CodeIgniter->runController(Object(App\Controllers\AdminController))
#9 C:\laragon\www\DWCC2\system\CodeIgniter.php(361): CodeIgniter\CodeIgniter->handleRequest(NULL, Object(Config\Cache), false)
#10 C:\laragon\www\DWCC2\public\index.php(79): CodeIgniter\CodeIgniter->run()
#11 C:\laragon\www\DWCC2\system\Commands\Server\rewrite.php(47): require_once('C:\\laragon\\www\\...')
#12 {main}
CRITICAL - 2024-04-16 10:17:25 --> Unknown column 'ticketpurchases.TicketType' in 'field list'
in SYSTEMPATH\Database\BaseConnection.php on line 647.
 1 SYSTEMPATH\Database\BaseBuilder.php(1615): CodeIgniter\Database\BaseConnection->query('SELECT `ticketpurchases`.`PurchaseID`, `ticketpurchases`.`TicketID`, `ticketpurchases`.`TicketType` as `TicketTypeID`, `ticketpurchases`.`EventID`, `ticketpurchases`.`FirstName`, `ticketpurchases`.`LastName`, `ticketpurchases`.`Email`, `ticketpurchases`.`Phone`, `ticketpurchases`.`Ref_Number`, `ticketpurchases`.`PaymentProof`, `ticketpurchases`.`PurchaseDate`, `ticketpurchases`.`Quantity`, `ticketpurchases`.`Status`
FROM `ticketpurchases`
JOIN `tickettypes` ON `tickettypes`.`TicketTypeID` = `ticketpurchases`.`TicketTypeID`
JOIN `events` ON `events`.`EventID` = `ticketpurchases`.`EventID`
WHERE `UserID` = :UserID:', [...], false)
 2 SYSTEMPATH\Model.php(237): CodeIgniter\Database\BaseBuilder->get()
 3 SYSTEMPATH\BaseModel.php(624): CodeIgniter\Model->doFindAll(0, 0)
 4 APPPATH\Controllers\AdminController.php(255): CodeIgniter\BaseModel->findAll()
 5 SYSTEMPATH\CodeIgniter.php(942): App\Controllers\AdminController->showAvailTickets()
 6 SYSTEMPATH\CodeIgniter.php(502): CodeIgniter\CodeIgniter->runController(Object(App\Controllers\AdminController))
 7 SYSTEMPATH\CodeIgniter.php(361): CodeIgniter\CodeIgniter->handleRequest(null, Object(Config\Cache), false)
 8 FCPATH\index.php(79): CodeIgniter\CodeIgniter->run()
 9 SYSTEMPATH\Commands\Server\rewrite.php(47): require_once('C:\\laragon\\www\\DWCC2\\public\\index.php')
CRITICAL - 2024-04-16 10:17:35 --> Undefined array key "TicketTypeID"
in APPPATH\Views\admin\Display_Avail_Tickets.php on line 204.
 1 APPPATH\Views\admin\Display_Avail_Tickets.php(204): CodeIgniter\Debug\Exceptions->errorHandler(2, 'Undefined array key "TicketTypeID"', 'C:\\laragon\\www\\DWCC2\\app\\Views\\admin\\Display_Avail_Tickets.php', 204)
 2 SYSTEMPATH\View\View.php(228): include('C:\\laragon\\www\\DWCC2\\app\\Views\\admin\\Display_Avail_Tickets.php')
 3 SYSTEMPATH\View\View.php(231): CodeIgniter\View\View->CodeIgniter\View\{closure}()
 4 SYSTEMPATH\Common.php(1190): CodeIgniter\View\View->render('admin/Display_Avail_Tickets', [], true)
 5 APPPATH\Controllers\AdminController.php(279): view('admin/Display_Avail_Tickets', [...])
 6 SYSTEMPATH\CodeIgniter.php(942): App\Controllers\AdminController->showAvailTickets()
 7 SYSTEMPATH\CodeIgniter.php(502): CodeIgniter\CodeIgniter->runController(Object(App\Controllers\AdminController))
 8 SYSTEMPATH\CodeIgniter.php(361): CodeIgniter\CodeIgniter->handleRequest(null, Object(Config\Cache), false)
 9 FCPATH\index.php(79): CodeIgniter\CodeIgniter->run()
10 SYSTEMPATH\Commands\Server\rewrite.php(47): require_once('C:\\laragon\\www\\DWCC2\\public\\index.php')
CRITICAL - 2024-04-16 10:17:47 --> Undefined array key "EventName"
in APPPATH\Views\admin\Display_Avail_Tickets.php on line 205.
 1 APPPATH\Views\admin\Display_Avail_Tickets.php(205): CodeIgniter\Debug\Exceptions->errorHandler(2, 'Undefined array key "EventName"', 'C:\\laragon\\www\\DWCC2\\app\\Views\\admin\\Display_Avail_Tickets.php', 205)
 2 SYSTEMPATH\View\View.php(228): include('C:\\laragon\\www\\DWCC2\\app\\Views\\admin\\Display_Avail_Tickets.php')
 3 SYSTEMPATH\View\View.php(231): CodeIgniter\View\View->CodeIgniter\View\{closure}()
 4 SYSTEMPATH\Common.php(1190): CodeIgniter\View\View->render('admin/Display_Avail_Tickets', [], true)
 5 APPPATH\Controllers\AdminController.php(279): view('admin/Display_Avail_Tickets', [...])
 6 SYSTEMPATH\CodeIgniter.php(942): App\Controllers\AdminController->showAvailTickets()
 7 SYSTEMPATH\CodeIgniter.php(502): CodeIgniter\CodeIgniter->runController(Object(App\Controllers\AdminController))
 8 SYSTEMPATH\CodeIgniter.php(361): CodeIgniter\CodeIgniter->handleRequest(null, Object(Config\Cache), false)
 9 FCPATH\index.php(79): CodeIgniter\CodeIgniter->run()
10 SYSTEMPATH\Commands\Server\rewrite.php(47): require_once('C:\\laragon\\www\\DWCC2\\public\\index.php')
CRITICAL - 2024-04-16 10:17:59 --> Undefined array key "EventName"
in APPPATH\Views\admin\Display_Avail_Tickets.php on line 205.
 1 APPPATH\Views\admin\Display_Avail_Tickets.php(205): CodeIgniter\Debug\Exceptions->errorHandler(2, 'Undefined array key "EventName"', 'C:\\laragon\\www\\DWCC2\\app\\Views\\admin\\Display_Avail_Tickets.php', 205)
 2 SYSTEMPATH\View\View.php(228): include('C:\\laragon\\www\\DWCC2\\app\\Views\\admin\\Display_Avail_Tickets.php')
 3 SYSTEMPATH\View\View.php(231): CodeIgniter\View\View->CodeIgniter\View\{closure}()
 4 SYSTEMPATH\Common.php(1190): CodeIgniter\View\View->render('admin/Display_Avail_Tickets', [], true)
 5 APPPATH\Controllers\AdminController.php(279): view('admin/Display_Avail_Tickets', [...])
 6 SYSTEMPATH\CodeIgniter.php(942): App\Controllers\AdminController->showAvailTickets()
 7 SYSTEMPATH\CodeIgniter.php(502): CodeIgniter\CodeIgniter->runController(Object(App\Controllers\AdminController))
 8 SYSTEMPATH\CodeIgniter.php(361): CodeIgniter\CodeIgniter->handleRequest(null, Object(Config\Cache), false)
 9 FCPATH\index.php(79): CodeIgniter\CodeIgniter->run()
10 SYSTEMPATH\Commands\Server\rewrite.php(47): require_once('C:\\laragon\\www\\DWCC2\\public\\index.php')
CRITICAL - 2024-04-16 10:19:43 --> Undefined variable $userData
in APPPATH\Views\admin\Display_Avail_Tickets.php on line 185.
 1 APPPATH\Views\admin\Display_Avail_Tickets.php(185): CodeIgniter\Debug\Exceptions->errorHandler(2, 'Undefined variable $userData', 'C:\\laragon\\www\\DWCC2\\app\\Views\\admin\\Display_Avail_Tickets.php', 185)
 2 SYSTEMPATH\View\View.php(228): include('C:\\laragon\\www\\DWCC2\\app\\Views\\admin\\Display_Avail_Tickets.php')
 3 SYSTEMPATH\View\View.php(231): CodeIgniter\View\View->CodeIgniter\View\{closure}()
 4 SYSTEMPATH\Common.php(1190): CodeIgniter\View\View->render('admin/Display_Avail_Tickets', [], true)
 5 APPPATH\Controllers\AdminController.php(279): view('admin/Display_Avail_Tickets', [...])
 6 SYSTEMPATH\CodeIgniter.php(942): App\Controllers\AdminController->showAvailTickets()
 7 SYSTEMPATH\CodeIgniter.php(502): CodeIgniter\CodeIgniter->runController(Object(App\Controllers\AdminController))
 8 SYSTEMPATH\CodeIgniter.php(361): CodeIgniter\CodeIgniter->handleRequest(null, Object(Config\Cache), false)
 9 FCPATH\index.php(79): CodeIgniter\CodeIgniter->run()
10 SYSTEMPATH\Commands\Server\rewrite.php(47): require_once('C:\\laragon\\www\\DWCC2\\public\\index.php')
CRITICAL - 2024-04-16 10:21:30 --> Undefined array key "TicketType"
in APPPATH\Views\admin\Display_Avail_Tickets.php on line 204.
 1 APPPATH\Views\admin\Display_Avail_Tickets.php(204): CodeIgniter\Debug\Exceptions->errorHandler(2, 'Undefined array key "TicketType"', 'C:\\laragon\\www\\DWCC2\\app\\Views\\admin\\Display_Avail_Tickets.php', 204)
 2 SYSTEMPATH\View\View.php(228): include('C:\\laragon\\www\\DWCC2\\app\\Views\\admin\\Display_Avail_Tickets.php')
 3 SYSTEMPATH\View\View.php(231): CodeIgniter\View\View->CodeIgniter\View\{closure}()
 4 SYSTEMPATH\Common.php(1190): CodeIgniter\View\View->render('admin/Display_Avail_Tickets', [], true)
 5 APPPATH\Controllers\AdminController.php(279): view('admin/Display_Avail_Tickets', [...])
 6 SYSTEMPATH\CodeIgniter.php(942): App\Controllers\AdminController->showAvailTickets()
 7 SYSTEMPATH\CodeIgniter.php(502): CodeIgniter\CodeIgniter->runController(Object(App\Controllers\AdminController))
 8 SYSTEMPATH\CodeIgniter.php(361): CodeIgniter\CodeIgniter->handleRequest(null, Object(Config\Cache), false)
 9 FCPATH\index.php(79): CodeIgniter\CodeIgniter->run()
10 SYSTEMPATH\Commands\Server\rewrite.php(47): require_once('C:\\laragon\\www\\DWCC2\\public\\index.php')
CRITICAL - 2024-04-16 10:21:48 --> Undefined array key "TicketType"
in APPPATH\Views\admin\Display_Avail_Tickets.php on line 204.
 1 APPPATH\Views\admin\Display_Avail_Tickets.php(204): CodeIgniter\Debug\Exceptions->errorHandler(2, 'Undefined array key "TicketType"', 'C:\\laragon\\www\\DWCC2\\app\\Views\\admin\\Display_Avail_Tickets.php', 204)
 2 SYSTEMPATH\View\View.php(228): include('C:\\laragon\\www\\DWCC2\\app\\Views\\admin\\Display_Avail_Tickets.php')
 3 SYSTEMPATH\View\View.php(231): CodeIgniter\View\View->CodeIgniter\View\{closure}()
 4 SYSTEMPATH\Common.php(1190): CodeIgniter\View\View->render('admin/Display_Avail_Tickets', [], true)
 5 APPPATH\Controllers\AdminController.php(279): view('admin/Display_Avail_Tickets', [...])
 6 SYSTEMPATH\CodeIgniter.php(942): App\Controllers\AdminController->showAvailTickets()
 7 SYSTEMPATH\CodeIgniter.php(502): CodeIgniter\CodeIgniter->runController(Object(App\Controllers\AdminController))
 8 SYSTEMPATH\CodeIgniter.php(361): CodeIgniter\CodeIgniter->handleRequest(null, Object(Config\Cache), false)
 9 FCPATH\index.php(79): CodeIgniter\CodeIgniter->run()
10 SYSTEMPATH\Commands\Server\rewrite.php(47): require_once('C:\\laragon\\www\\DWCC2\\public\\index.php')
CRITICAL - 2024-04-16 10:24:52 --> syntax error, unexpected token "return", expecting "function" or "const"
in APPPATH\Controllers\AdminController.php on line 279.
 1 SYSTEMPATH\Autoloader\Autoloader.php(291): CodeIgniter\Autoloader\Autoloader->includeFile('C:\\laragon\\www\\DWCC2\\app\\Controllers\\AdminController.php')
 2 SYSTEMPATH\Autoloader\Autoloader.php(269): CodeIgniter\Autoloader\Autoloader->loadInNamespace('App\\Controllers\\AdminController')
 3 [internal function]: CodeIgniter\Autoloader\Autoloader->loadClass('App\\Controllers\\AdminController')
 4 SYSTEMPATH\CodeIgniter.php(900): class_exists('\\App\\Controllers\\AdminController', true)
 5 SYSTEMPATH\CodeIgniter.php(489): CodeIgniter\CodeIgniter->startController()
 6 SYSTEMPATH\CodeIgniter.php(361): CodeIgniter\CodeIgniter->handleRequest(null, Object(Config\Cache), false)
 7 FCPATH\index.php(79): CodeIgniter\CodeIgniter->run()
 8 SYSTEMPATH\Commands\Server\rewrite.php(47): require_once('C:\\laragon\\www\\DWCC2\\public\\index.php')
CRITICAL - 2024-04-16 10:38:01 --> Trying to access array offset on value of type null
in APPPATH\Controllers\UserController.php on line 210.
 1 APPPATH\Controllers\UserController.php(210): CodeIgniter\Debug\Exceptions->errorHandler(2, 'Trying to access array offset on value of type null', 'C:\\laragon\\www\\DWCC2\\app\\Controllers\\UserController.php', 210)
 2 SYSTEMPATH\CodeIgniter.php(942): App\Controllers\UserController->stud_displayEvents()
 3 SYSTEMPATH\CodeIgniter.php(502): CodeIgniter\CodeIgniter->runController(Object(App\Controllers\UserController))
 4 SYSTEMPATH\CodeIgniter.php(361): CodeIgniter\CodeIgniter->handleRequest(null, Object(Config\Cache), false)
 5 FCPATH\index.php(79): CodeIgniter\CodeIgniter->run()
 6 SYSTEMPATH\Commands\Server\rewrite.php(47): require_once('C:\\laragon\\www\\DWCC2\\public\\index.php')
CRITICAL - 2024-04-16 10:55:54 --> Undefined variable $ticket
in APPPATH\Views\admin\Display_Avail_Tickets.php on line 173.
 1 APPPATH\Views\admin\Display_Avail_Tickets.php(173): CodeIgniter\Debug\Exceptions->errorHandler(2, 'Undefined variable $ticket', 'C:\\laragon\\www\\DWCC2\\app\\Views\\admin\\Display_Avail_Tickets.php', 173)
 2 SYSTEMPATH\View\View.php(228): include('C:\\laragon\\www\\DWCC2\\app\\Views\\admin\\Display_Avail_Tickets.php')
 3 SYSTEMPATH\View\View.php(231): CodeIgniter\View\View->CodeIgniter\View\{closure}()
 4 SYSTEMPATH\Common.php(1190): CodeIgniter\View\View->render('admin/Display_Avail_Tickets', [], true)
 5 APPPATH\Controllers\AdminController.php(279): view('admin/Display_Avail_Tickets', [...])
 6 SYSTEMPATH\CodeIgniter.php(942): App\Controllers\AdminController->showAvailTickets()
 7 SYSTEMPATH\CodeIgniter.php(502): CodeIgniter\CodeIgniter->runController(Object(App\Controllers\AdminController))
 8 SYSTEMPATH\CodeIgniter.php(361): CodeIgniter\CodeIgniter->handleRequest(null, Object(Config\Cache), false)
 9 FCPATH\index.php(79): CodeIgniter\CodeIgniter->run()
10 SYSTEMPATH\Commands\Server\rewrite.php(47): require_once('C:\\laragon\\www\\DWCC2\\public\\index.php')
CRITICAL - 2024-04-16 15:16:49 --> Trying to access array offset on value of type null
in APPPATH\Controllers\UserController.php on line 450.
 1 APPPATH\Controllers\UserController.php(450): CodeIgniter\Debug\Exceptions->errorHandler(2, 'Trying to access array offset on value of type null', 'C:\\laragon\\www\\DWCC2\\app\\Controllers\\UserController.php', 450)
 2 SYSTEMPATH\CodeIgniter.php(942): App\Controllers\UserController->purchaseTicket('29')
 3 SYSTEMPATH\CodeIgniter.php(502): CodeIgniter\CodeIgniter->runController(Object(App\Controllers\UserController))
 4 SYSTEMPATH\CodeIgniter.php(361): CodeIgniter\CodeIgniter->handleRequest(null, Object(Config\Cache), false)
 5 FCPATH\index.php(79): CodeIgniter\CodeIgniter->run()
 6 SYSTEMPATH\Commands\Server\rewrite.php(47): require_once('C:\\laragon\\www\\DWCC2\\public\\index.php')
CRITICAL - 2024-04-16 15:26:00 --> Trying to access array offset on value of type null
in APPPATH\Controllers\UserController.php on line 450.
 1 APPPATH\Controllers\UserController.php(450): CodeIgniter\Debug\Exceptions->errorHandler(2, 'Trying to access array offset on value of type null', 'C:\\laragon\\www\\DWCC2\\app\\Controllers\\UserController.php', 450)
 2 SYSTEMPATH\CodeIgniter.php(942): App\Controllers\UserController->purchaseTicket('31')
 3 SYSTEMPATH\CodeIgniter.php(502): CodeIgniter\CodeIgniter->runController(Object(App\Controllers\UserController))
 4 SYSTEMPATH\CodeIgniter.php(361): CodeIgniter\CodeIgniter->handleRequest(null, Object(Config\Cache), false)
 5 FCPATH\index.php(79): CodeIgniter\CodeIgniter->run()
 6 SYSTEMPATH\Commands\Server\rewrite.php(47): require_once('C:\\laragon\\www\\DWCC2\\public\\index.php')
CRITICAL - 2024-04-16 15:30:39 --> Trying to access array offset on value of type null
in APPPATH\Controllers\UserController.php on line 355.
 1 APPPATH\Controllers\UserController.php(355): CodeIgniter\Debug\Exceptions->errorHandler(2, 'Trying to access array offset on value of type null', 'C:\\laragon\\www\\DWCC2\\app\\Controllers\\UserController.php', 355)
 2 SYSTEMPATH\CodeIgniter.php(942): App\Controllers\UserController->purchaseTicket('33')
 3 SYSTEMPATH\CodeIgniter.php(502): CodeIgniter\CodeIgniter->runController(Object(App\Controllers\UserController))
 4 SYSTEMPATH\CodeIgniter.php(361): CodeIgniter\CodeIgniter->handleRequest(null, Object(Config\Cache), false)
 5 FCPATH\index.php(79): CodeIgniter\CodeIgniter->run()
 6 SYSTEMPATH\Commands\Server\rewrite.php(47): require_once('C:\\laragon\\www\\DWCC2\\public\\index.php')
CRITICAL - 2024-04-16 15:32:26 --> Trying to access array offset on value of type null
in APPPATH\Controllers\UserController.php on line 355.
 1 APPPATH\Controllers\UserController.php(355): CodeIgniter\Debug\Exceptions->errorHandler(2, 'Trying to access array offset on value of type null', 'C:\\laragon\\www\\DWCC2\\app\\Controllers\\UserController.php', 355)
 2 SYSTEMPATH\CodeIgniter.php(942): App\Controllers\UserController->purchaseTicket('33')
 3 SYSTEMPATH\CodeIgniter.php(502): CodeIgniter\CodeIgniter->runController(Object(App\Controllers\UserController))
 4 SYSTEMPATH\CodeIgniter.php(361): CodeIgniter\CodeIgniter->handleRequest(null, Object(Config\Cache), false)
 5 FCPATH\index.php(79): CodeIgniter\CodeIgniter->run()
 6 SYSTEMPATH\Commands\Server\rewrite.php(47): require_once('C:\\laragon\\www\\DWCC2\\public\\index.php')
CRITICAL - 2024-04-16 15:33:04 --> Trying to access array offset on value of type null
in APPPATH\Controllers\UserController.php on line 450.
 1 APPPATH\Controllers\UserController.php(450): CodeIgniter\Debug\Exceptions->errorHandler(2, 'Trying to access array offset on value of type null', 'C:\\laragon\\www\\DWCC2\\app\\Controllers\\UserController.php', 450)
 2 SYSTEMPATH\CodeIgniter.php(942): App\Controllers\UserController->purchaseTicket('33')
 3 SYSTEMPATH\CodeIgniter.php(502): CodeIgniter\CodeIgniter->runController(Object(App\Controllers\UserController))
 4 SYSTEMPATH\CodeIgniter.php(361): CodeIgniter\CodeIgniter->handleRequest(null, Object(Config\Cache), false)
 5 FCPATH\index.php(79): CodeIgniter\CodeIgniter->run()
 6 SYSTEMPATH\Commands\Server\rewrite.php(47): require_once('C:\\laragon\\www\\DWCC2\\public\\index.php')
CRITICAL - 2024-04-16 16:41:24 --> Class "BaconQrCode\Renderer\Image\Png" not found
in APPPATH\Controllers\AdminController.php on line 310.
 1 SYSTEMPATH\CodeIgniter.php(942): App\Controllers\AdminController->approveTicket('40')
 2 SYSTEMPATH\CodeIgniter.php(502): CodeIgniter\CodeIgniter->runController(Object(App\Controllers\AdminController))
 3 SYSTEMPATH\CodeIgniter.php(361): CodeIgniter\CodeIgniter->handleRequest(null, Object(Config\Cache), false)
 4 FCPATH\index.php(79): CodeIgniter\CodeIgniter->run()
 5 SYSTEMPATH\Commands\Server\rewrite.php(47): require_once('C:\\laragon\\www\\DWCC2\\public\\index.php')
CRITICAL - 2024-04-16 16:42:06 --> Class "BaconQrCode\Renderer\Image\Png" not found
in APPPATH\Controllers\AdminController.php on line 310.
 1 SYSTEMPATH\CodeIgniter.php(942): App\Controllers\AdminController->approveTicket('40')
 2 SYSTEMPATH\CodeIgniter.php(502): CodeIgniter\CodeIgniter->runController(Object(App\Controllers\AdminController))
 3 SYSTEMPATH\CodeIgniter.php(361): CodeIgniter\CodeIgniter->handleRequest(null, Object(Config\Cache), false)
 4 FCPATH\index.php(79): CodeIgniter\CodeIgniter->run()
 5 SYSTEMPATH\Commands\Server\rewrite.php(47): require_once('C:\\laragon\\www\\DWCC2\\public\\index.php')
