CRITICAL - 2024-04-12 20:23:29 --> Call to undefined method App\Controllers\UserController::respond()
in APPPATH\Controllers\UserController.php on line 203.
 1 SYSTEMPATH\CodeIgniter.php(942): App\Controllers\UserController->fn_login()
 2 SYSTEMPATH\CodeIgniter.php(502): CodeIgniter\CodeIgniter->runController(Object(App\Controllers\UserController))
 3 SYSTEMPATH\CodeIgniter.php(361): CodeIgniter\CodeIgniter->handleRequest(null, Object(Config\Cache), false)
 4 FCPATH\index.php(79): CodeIgniter\CodeIgniter->run()
 5 SYSTEMPATH\Commands\Server\rewrite.php(47): require_once('C:\\laragon\\www\\DWCC2\\public\\index.php')
CRITICAL - 2024-04-12 20:40:02 --> Object of class App\Models\UsersModel could not be converted to string
in APPPATH\Controllers\UserController.php on line 113.
 1 SYSTEMPATH\CodeIgniter.php(942): App\Controllers\UserController->fn_login()
 2 SYSTEMPATH\CodeIgniter.php(502): CodeIgniter\CodeIgniter->runController(Object(App\Controllers\UserController))
 3 SYSTEMPATH\CodeIgniter.php(361): CodeIgniter\CodeIgniter->handleRequest(null, Object(Config\Cache), false)
 4 FCPATH\index.php(79): CodeIgniter\CodeIgniter->run()
 5 SYSTEMPATH\Commands\Server\rewrite.php(47): require_once('C:\\laragon\\www\\DWCC2\\public\\index.php')
CRITICAL - 2024-04-12 20:40:41 --> Object of class App\Models\UsersModel could not be converted to string
in APPPATH\Controllers\UserController.php on line 113.
 1 SYSTEMPATH\CodeIgniter.php(942): App\Controllers\UserController->fn_login()
 2 SYSTEMPATH\CodeIgniter.php(502): CodeIgniter\CodeIgniter->runController(Object(App\Controllers\UserController))
 3 SYSTEMPATH\CodeIgniter.php(361): CodeIgniter\CodeIgniter->handleRequest(null, Object(Config\Cache), false)
 4 FCPATH\index.php(79): CodeIgniter\CodeIgniter->run()
 5 SYSTEMPATH\Commands\Server\rewrite.php(47): require_once('C:\\laragon\\www\\DWCC2\\public\\index.php')
CRITICAL - 2024-04-12 20:40:42 --> Object of class App\Models\UsersModel could not be converted to string
in APPPATH\Controllers\UserController.php on line 113.
 1 SYSTEMPATH\CodeIgniter.php(942): App\Controllers\UserController->fn_login()
 2 SYSTEMPATH\CodeIgniter.php(502): CodeIgniter\CodeIgniter->runController(Object(App\Controllers\UserController))
 3 SYSTEMPATH\CodeIgniter.php(361): CodeIgniter\CodeIgniter->handleRequest(null, Object(Config\Cache), false)
 4 FCPATH\index.php(79): CodeIgniter\CodeIgniter->run()
 5 SYSTEMPATH\Commands\Server\rewrite.php(47): require_once('C:\\laragon\\www\\DWCC2\\public\\index.php')
CRITICAL - 2024-04-12 21:48:52 --> Class "App\Controllers\UserModel" not found
in APPPATH\Controllers\UserController.php on line 111.
 1 SYSTEMPATH\CodeIgniter.php(942): App\Controllers\UserController->fn_login()
 2 SYSTEMPATH\CodeIgniter.php(502): CodeIgniter\CodeIgniter->runController(Object(App\Controllers\UserController))
 3 SYSTEMPATH\CodeIgniter.php(361): CodeIgniter\CodeIgniter->handleRequest(null, Object(Config\Cache), false)
 4 FCPATH\index.php(79): CodeIgniter\CodeIgniter->run()
 5 SYSTEMPATH\Commands\Server\rewrite.php(47): require_once('C:\\laragon\\www\\DWCC2\\public\\index.php')
CRITICAL - 2024-04-12 21:49:00 --> Call to undefined method App\Controllers\UserController::respond()
in APPPATH\Controllers\UserController.php on line 159.
 1 SYSTEMPATH\CodeIgniter.php(942): App\Controllers\UserController->fn_login()
 2 SYSTEMPATH\CodeIgniter.php(502): CodeIgniter\CodeIgniter->runController(Object(App\Controllers\UserController))
 3 SYSTEMPATH\CodeIgniter.php(361): CodeIgniter\CodeIgniter->handleRequest(null, Object(Config\Cache), false)
 4 FCPATH\index.php(79): CodeIgniter\CodeIgniter->run()
 5 SYSTEMPATH\Commands\Server\rewrite.php(47): require_once('C:\\laragon\\www\\DWCC2\\public\\index.php')
