CRITICAL - 2024-04-17 07:17:28 --> You need to install the imagick extension to use this back end
in VENDORPATH\bacon\bacon-qr-code\src\Renderer\Image\ImagickImageBackEnd.php on line 64.
 1 APPPATH\Controllers\AdminController.php(320): BaconQrCode\Renderer\Image\ImagickImageBackEnd->__construct()
 2 SYSTEMPATH\CodeIgniter.php(942): App\Controllers\AdminController->approveTicket('33')
 3 SYSTEMPATH\CodeIgniter.php(502): CodeIgniter\CodeIgniter->runController(Object(App\Controllers\AdminController))
 4 SYSTEMPATH\CodeIgniter.php(361): CodeIgniter\CodeIgniter->handleRequest(null, Object(Config\Cache), false)
 5 FCPATH\index.php(79): CodeIgniter\CodeIgniter->run()
 6 SYSTEMPATH\Commands\Server\rewrite.php(47): require_once('C:\\laragon\\www\\DWCC2\\public\\index.php')
CRITICAL - 2024-04-17 07:20:36 --> BaconQrCode\Renderer\ImageRenderer::__construct(): Argument #2 ($imageBackEnd) must be of type BaconQrCode\Renderer\Image\ImageBackEndInterface, null given, called in C:\laragon\www\DWCC2\app\Controllers\AdminController.php on line 321
in VENDORPATH\bacon\bacon-qr-code\src\Renderer\ImageRenderer.php on line 26.
 1 APPPATH\Controllers\AdminController.php(321): BaconQrCode\Renderer\ImageRenderer->__construct(Object(BaconQrCode\Renderer\RendererStyle\RendererStyle), null, Object(BaconQrCode\Renderer\RendererStyle\RendererStyle))
 2 SYSTEMPATH\CodeIgniter.php(942): App\Controllers\AdminController->approveTicket('33')
 3 SYSTEMPATH\CodeIgniter.php(502): CodeIgniter\CodeIgniter->runController(Object(App\Controllers\AdminController))
 4 SYSTEMPATH\CodeIgniter.php(361): CodeIgniter\CodeIgniter->handleRequest(null, Object(Config\Cache), false)
 5 FCPATH\index.php(79): CodeIgniter\CodeIgniter->run()
 6 SYSTEMPATH\Commands\Server\rewrite.php(47): require_once('C:\\laragon\\www\\DWCC2\\public\\index.php')
CRITICAL - 2024-04-17 07:22:13 --> You need to install the imagick extension to use this back end
in VENDORPATH\bacon\bacon-qr-code\src\Renderer\Image\ImagickImageBackEnd.php on line 64.
 1 APPPATH\Controllers\AdminController.php(320): BaconQrCode\Renderer\Image\ImagickImageBackEnd->__construct()
 2 SYSTEMPATH\CodeIgniter.php(942): App\Controllers\AdminController->approveTicket('33')
 3 SYSTEMPATH\CodeIgniter.php(502): CodeIgniter\CodeIgniter->runController(Object(App\Controllers\AdminController))
 4 SYSTEMPATH\CodeIgniter.php(361): CodeIgniter\CodeIgniter->handleRequest(null, Object(Config\Cache), false)
 5 FCPATH\index.php(79): CodeIgniter\CodeIgniter->run()
 6 SYSTEMPATH\Commands\Server\rewrite.php(47): require_once('C:\\laragon\\www\\DWCC2\\public\\index.php')
CRITICAL - 2024-04-17 07:23:21 --> Class "BaconQrCode\Renderer\Image\Png" not found
in APPPATH\Controllers\AdminController.php on line 319.
 1 SYSTEMPATH\CodeIgniter.php(942): App\Controllers\AdminController->approveTicket('33')
 2 SYSTEMPATH\CodeIgniter.php(502): CodeIgniter\CodeIgniter->runController(Object(App\Controllers\AdminController))
 3 SYSTEMPATH\CodeIgniter.php(361): CodeIgniter\CodeIgniter->handleRequest(null, Object(Config\Cache), false)
 4 FCPATH\index.php(79): CodeIgniter\CodeIgniter->run()
 5 SYSTEMPATH\Commands\Server\rewrite.php(47): require_once('C:\\laragon\\www\\DWCC2\\public\\index.php')
CRITICAL - 2024-04-17 07:29:27 --> Class "BaconQrCode\Renderer\Image\Png" not found
in APPPATH\Controllers\AdminController.php on line 319.
 1 SYSTEMPATH\CodeIgniter.php(942): App\Controllers\AdminController->approveTicket('33')
 2 SYSTEMPATH\CodeIgniter.php(502): CodeIgniter\CodeIgniter->runController(Object(App\Controllers\AdminController))
 3 SYSTEMPATH\CodeIgniter.php(361): CodeIgniter\CodeIgniter->handleRequest(null, Object(Config\Cache), false)
 4 FCPATH\index.php(79): CodeIgniter\CodeIgniter->run()
 5 SYSTEMPATH\Commands\Server\rewrite.php(47): require_once('C:\\laragon\\www\\DWCC2\\public\\index.php')
CRITICAL - 2024-04-17 07:35:27 --> file_put_contents(C:\laragon\www\DWCC2\writable\uploads/payments/qrcode_34.svg): Failed to open stream: No such file or directory
in APPPATH\Controllers\AdminController.php on line 332.
 1 [internal function]: CodeIgniter\Debug\Exceptions->errorHandler(2, 'file_put_contents(C:\\laragon\\www\\DWCC2\\writable\\uploads/payments/qrcode_34.svg): Failed to open stream: No such file or directory', 'C:\\laragon\\www\\DWCC2\\app\\Controllers\\AdminController.php', 332)
 2 APPPATH\Controllers\AdminController.php(332): file_put_contents('C:\\laragon\\www\\DWCC2\\writable\\uploads/payments/qrcode_34.svg', '<?xml version="1.0" encoding="UTF-8"?>
<svg xmlns="http://www.w3.org/2000/svg" version="1.1" width="400" height="400" viewBox="0 0 400 400"><rect x="0" y="0" width="400" height="400" fill="#fefefe"/><g transform="scale(10.811)"><g transform="translate(4,4)"><path fill-rule="evenodd" d="M9 0L9 1L8 1L8 2L9 2L9 3L8 3L8 4L9 4L9 5L8 5L8 7L9 7L9 8L6 8L6 9L5 9L5 8L0 8L0 11L1 11L1 12L0 12L0 15L2 15L2 16L0 16L0 21L1 21L1 17L2 17L2 16L5 16L5 17L4 17L4 18L6 18L6 19L5 19L5 21L8 21L8 23L9 23L9 22L10 22L10 25L9 25L9 24L8 24L8 29L11 29L11 28L12 28L12 29L15 29L15 27L16 27L16 28L17 28L17 27L16 27L16 26L17 26L17 25L18 25L18 26L19 26L19 27L18 27L18 28L22 28L22 29L23 29L23 28L24 28L24 29L27 29L27 28L28 28L28 26L29 26L29 25L28 25L28 26L27 26L27 28L26 28L26 26L22 26L22 25L25 25L25 24L26 24L26 25L27 25L27 24L26 24L26 23L25 23L25 20L26 20L26 22L27 22L27 21L28 21L28 22L29 22L29 19L28 19L28 18L29 18L29 17L28 17L28 16L29 16L29 15L27 15L27 14L26 14L26 15L25 15L25 13L28 13L28 11L27 11L27 12L26 12L26 8L25 8L25 9L24 9L24 8L23 8L23 9L22 9L22 8L21 8L21 4L18 4L18 3L19 3L19 2L18 2L18 1L20 1L20 3L21 3L21 0L17 0L17 2L18 2L18 3L17 3L17 4L18 4L18 5L20 5L20 7L19 7L19 6L18 6L18 7L19 7L19 8L21 8L21 9L20 9L20 10L21 10L21 13L22 13L22 14L21 14L21 15L20 15L20 16L19 16L19 18L20 18L20 16L21 16L21 20L20 20L20 19L18 19L18 20L17 20L17 17L18 17L18 16L17 16L17 17L16 17L16 16L15 16L15 17L14 17L14 16L13 16L13 15L16 15L16 14L17 14L17 13L18 13L18 15L19 15L19 14L20 14L20 13L18 13L18 12L20 12L20 11L19 11L19 10L17 10L17 9L18 9L18 8L15 8L15 9L14 9L14 8L13 8L13 6L14 6L14 7L15 7L15 6L16 6L16 7L17 7L17 6L16 6L16 5L15 5L15 6L14 6L14 5L12 5L12 4L14 4L14 3L13 3L13 2L14 2L14 1L15 1L15 2L16 2L16 1L15 1L15 0L13 0L13 1L12 1L12 0L11 0L11 1L10 1L10 0ZM11 1L11 2L10 2L10 3L9 3L9 4L10 4L10 5L9 5L9 7L10 7L10 8L9 8L9 10L10 10L10 8L11 8L11 9L13 9L13 10L11 10L11 11L13 11L13 12L10 12L10 13L9 13L9 14L10 14L10 15L9 15L9 16L8 16L8 17L6 17L6 18L8 18L8 17L10 17L10 18L9 18L9 21L10 21L10 22L11 22L11 23L12 23L12 22L16 22L16 21L17 21L17 24L18 24L18 25L19 25L19 26L20 26L20 27L22 27L22 28L23 28L23 27L22 27L22 26L21 26L21 25L20 25L20 23L19 23L19 22L20 22L20 20L18 20L18 21L17 21L17 20L15 20L15 21L12 21L12 20L14 20L14 19L15 19L15 18L16 18L16 17L15 17L15 18L14 18L14 17L13 17L13 16L12 16L12 14L11 14L11 13L13 13L13 14L14 14L14 13L15 13L15 14L16 14L16 13L17 13L17 12L18 12L18 11L17 11L17 12L16 12L16 13L15 13L15 11L13 11L13 10L14 10L14 9L13 9L13 8L12 8L12 5L11 5L11 4L12 4L12 3L11 3L11 2L12 2L12 1ZM15 3L15 4L16 4L16 3ZM10 6L10 7L11 7L11 6ZM27 8L27 9L28 9L28 10L29 10L29 9L28 9L28 8ZM1 9L1 10L2 10L2 9ZM6 9L6 10L4 10L4 12L3 12L3 11L2 11L2 13L1 13L1 14L2 14L2 13L5 13L5 14L4 14L4 15L5 15L5 16L7 16L7 15L8 15L8 12L9 12L9 11L6 11L6 10L8 10L8 9ZM15 9L15 10L16 10L16 9ZM23 9L23 10L22 10L22 11L24 11L24 9ZM5 12L5 13L7 13L7 12ZM13 12L13 13L14 13L14 12ZM22 12L22 13L24 13L24 12ZM6 14L6 15L7 15L7 14ZM23 15L23 16L22 16L22 17L24 17L24 16L25 16L25 18L27 18L27 17L26 17L26 16L27 16L27 15L26 15L26 16L25 16L25 15ZM11 17L11 18L12 18L12 19L10 19L10 20L12 20L12 19L13 19L13 17ZM2 18L2 19L3 19L3 21L4 21L4 19L3 19L3 18ZM22 18L22 19L23 19L23 18ZM6 19L6 20L8 20L8 19ZM26 19L26 20L28 20L28 19ZM11 21L11 22L12 22L12 21ZM18 21L18 22L19 22L19 21ZM21 21L21 24L24 24L24 21ZM22 22L22 23L23 23L23 22ZM13 23L13 24L14 24L14 25L12 25L12 24L11 24L11 25L10 25L10 27L9 27L9 28L10 28L10 27L12 27L12 26L14 26L14 25L15 25L15 26L16 26L16 25L15 25L15 23ZM11 25L11 26L12 26L12 25ZM13 27L13 28L14 28L14 27ZM24 27L24 28L25 28L25 27ZM0 0L0 7L7 7L7 0ZM1 1L1 6L6 6L6 1ZM2 2L2 5L5 5L5 2ZM22 0L22 7L29 7L29 0ZM23 1L23 6L28 6L28 1ZM24 2L24 5L27 5L27 2ZM0 22L0 29L7 29L7 22ZM1 23L1 28L6 28L6 23ZM2 24L2 27L5 27L5 24Z" fill="#000000"/></g></g></svg>
')
 3 SYSTEMPATH\CodeIgniter.php(942): App\Controllers\AdminController->approveTicket('34')
 4 SYSTEMPATH\CodeIgniter.php(502): CodeIgniter\CodeIgniter->runController(Object(App\Controllers\AdminController))
 5 SYSTEMPATH\CodeIgniter.php(361): CodeIgniter\CodeIgniter->handleRequest(null, Object(Config\Cache), false)
 6 FCPATH\index.php(79): CodeIgniter\CodeIgniter->run()
 7 SYSTEMPATH\Commands\Server\rewrite.php(47): require_once('C:\\laragon\\www\\DWCC2\\public\\index.php')
CRITICAL - 2024-04-17 07:41:28 --> Call to undefined function App\Controllers\public_path()
in APPPATH\Controllers\AdminController.php on line 327.
 1 SYSTEMPATH\CodeIgniter.php(942): App\Controllers\AdminController->approveTicket('34')
 2 SYSTEMPATH\CodeIgniter.php(502): CodeIgniter\CodeIgniter->runController(Object(App\Controllers\AdminController))
 3 SYSTEMPATH\CodeIgniter.php(361): CodeIgniter\CodeIgniter->handleRequest(null, Object(Config\Cache), false)
 4 FCPATH\index.php(79): CodeIgniter\CodeIgniter->run()
 5 SYSTEMPATH\Commands\Server\rewrite.php(47): require_once('C:\\laragon\\www\\DWCC2\\public\\index.php')
CRITICAL - 2024-04-17 07:41:56 --> Call to undefined function App\Controllers\public_path()
in APPPATH\Controllers\AdminController.php on line 327.
 1 SYSTEMPATH\CodeIgniter.php(942): App\Controllers\AdminController->approveTicket('34')
 2 SYSTEMPATH\CodeIgniter.php(502): CodeIgniter\CodeIgniter->runController(Object(App\Controllers\AdminController))
 3 SYSTEMPATH\CodeIgniter.php(361): CodeIgniter\CodeIgniter->handleRequest(null, Object(Config\Cache), false)
 4 FCPATH\index.php(79): CodeIgniter\CodeIgniter->run()
 5 SYSTEMPATH\Commands\Server\rewrite.php(47): require_once('C:\\laragon\\www\\DWCC2\\public\\index.php')
CRITICAL - 2024-04-17 07:43:32 --> Class "App\Controllers\File" not found
in APPPATH\Controllers\AdminController.php on line 330.
 1 SYSTEMPATH\CodeIgniter.php(942): App\Controllers\AdminController->approveTicket('34')
 2 SYSTEMPATH\CodeIgniter.php(502): CodeIgniter\CodeIgniter->runController(Object(App\Controllers\AdminController))
 3 SYSTEMPATH\CodeIgniter.php(361): CodeIgniter\CodeIgniter->handleRequest(null, Object(Config\Cache), false)
 4 FCPATH\index.php(79): CodeIgniter\CodeIgniter->run()
 5 SYSTEMPATH\Commands\Server\rewrite.php(47): require_once('C:\\laragon\\www\\DWCC2\\public\\index.php')
CRITICAL - 2024-04-17 07:43:47 --> file_put_contents(C:\laragon\www\DWCC2\writable\uploads/payments/qrcode_34.svg): Failed to open stream: No such file or directory
in APPPATH\Controllers\AdminController.php on line 332.
 1 [internal function]: CodeIgniter\Debug\Exceptions->errorHandler(2, 'file_put_contents(C:\\laragon\\www\\DWCC2\\writable\\uploads/payments/qrcode_34.svg): Failed to open stream: No such file or directory', 'C:\\laragon\\www\\DWCC2\\app\\Controllers\\AdminController.php', 332)
 2 APPPATH\Controllers\AdminController.php(332): file_put_contents('C:\\laragon\\www\\DWCC2\\writable\\uploads/payments/qrcode_34.svg', '<?xml version="1.0" encoding="UTF-8"?>
<svg xmlns="http://www.w3.org/2000/svg" version="1.1" width="400" height="400" viewBox="0 0 400 400"><rect x="0" y="0" width="400" height="400" fill="#fefefe"/><g transform="scale(10.811)"><g transform="translate(4,4)"><path fill-rule="evenodd" d="M9 0L9 1L8 1L8 2L9 2L9 3L8 3L8 4L9 4L9 5L8 5L8 7L9 7L9 8L6 8L6 9L5 9L5 8L0 8L0 10L1 10L1 11L0 11L0 12L3 12L3 13L2 13L2 16L6 16L6 17L8 17L8 16L6 16L6 15L7 15L7 14L8 14L8 15L10 15L10 14L8 14L8 13L7 13L7 12L6 12L6 11L9 11L9 13L10 13L10 12L12 12L12 13L11 13L11 14L12 14L12 15L11 15L11 16L12 16L12 17L11 17L11 18L12 18L12 17L14 17L14 18L15 18L15 19L14 19L14 20L13 20L13 19L9 19L9 18L10 18L10 17L9 17L9 18L8 18L8 19L7 19L7 18L4 18L4 17L0 17L0 21L1 21L1 18L2 18L2 21L3 21L3 19L4 19L4 21L5 21L5 19L7 19L7 20L6 20L6 21L8 21L8 23L10 23L10 24L12 24L12 25L9 25L9 24L8 24L8 29L9 29L9 27L10 27L10 26L12 26L12 27L14 27L14 28L12 28L12 29L15 29L15 27L16 27L16 28L17 28L17 27L16 27L16 26L17 26L17 25L18 25L18 26L19 26L19 27L18 27L18 28L22 28L22 29L23 29L23 28L24 28L24 29L27 29L27 28L28 28L28 26L29 26L29 25L28 25L28 26L27 26L27 28L26 28L26 26L22 26L22 25L25 25L25 24L26 24L26 25L27 25L27 24L26 24L26 23L25 23L25 20L26 20L26 22L27 22L27 21L28 21L28 22L29 22L29 19L28 19L28 18L29 18L29 17L28 17L28 16L29 16L29 15L27 15L27 14L26 14L26 15L25 15L25 13L28 13L28 11L27 11L27 12L26 12L26 8L25 8L25 9L24 9L24 8L23 8L23 9L22 9L22 8L21 8L21 4L18 4L18 3L19 3L19 2L18 2L18 1L20 1L20 3L21 3L21 0L17 0L17 2L18 2L18 3L17 3L17 4L18 4L18 5L20 5L20 7L19 7L19 6L18 6L18 7L19 7L19 8L21 8L21 9L20 9L20 10L21 10L21 13L22 13L22 14L21 14L21 15L20 15L20 16L19 16L19 18L20 18L20 16L21 16L21 20L20 20L20 19L18 19L18 20L17 20L17 17L18 17L18 16L17 16L17 17L16 17L16 16L15 16L15 17L14 17L14 16L13 16L13 15L16 15L16 14L17 14L17 13L18 13L18 15L19 15L19 14L20 14L20 13L18 13L18 12L20 12L20 11L19 11L19 10L17 10L17 9L18 9L18 8L15 8L15 9L14 9L14 8L13 8L13 6L14 6L14 7L15 7L15 6L16 6L16 7L17 7L17 6L16 6L16 5L15 5L15 6L14 6L14 5L13 5L13 4L14 4L14 3L13 3L13 2L14 2L14 1L15 1L15 2L16 2L16 1L15 1L15 0L13 0L13 2L12 2L12 3L13 3L13 4L11 4L11 5L12 5L12 7L11 7L11 6L10 6L10 7L9 7L9 5L10 5L10 4L9 4L9 3L10 3L10 2L9 2L9 1L10 1L10 0ZM11 0L11 1L12 1L12 0ZM15 3L15 4L16 4L16 3ZM10 7L10 8L9 8L9 9L8 9L8 10L10 10L10 8L11 8L11 9L12 9L12 10L11 10L11 11L12 11L12 12L14 12L14 13L12 13L12 14L14 14L14 13L15 13L15 14L16 14L16 13L17 13L17 12L18 12L18 11L17 11L17 12L16 12L16 13L15 13L15 11L12 11L12 10L14 10L14 9L12 9L12 8L11 8L11 7ZM27 8L27 9L28 9L28 10L29 10L29 9L28 9L28 8ZM1 9L1 10L2 10L2 11L3 11L3 12L4 12L4 13L3 13L3 15L5 15L5 14L7 14L7 13L6 13L6 12L4 12L4 11L5 11L5 9L3 9L3 10L2 10L2 9ZM6 9L6 10L7 10L7 9ZM15 9L15 10L16 10L16 9ZM23 9L23 10L22 10L22 11L24 11L24 9ZM22 12L22 13L24 13L24 12ZM0 13L0 15L1 15L1 13ZM23 15L23 16L22 16L22 17L24 17L24 16L25 16L25 18L27 18L27 17L26 17L26 16L27 16L27 15L26 15L26 16L25 16L25 15ZM15 17L15 18L16 18L16 17ZM22 18L22 19L23 19L23 18ZM26 19L26 20L28 20L28 19ZM10 20L10 21L13 21L13 22L16 22L16 21L17 21L17 24L18 24L18 25L19 25L19 26L20 26L20 27L22 27L22 28L23 28L23 27L22 27L22 26L21 26L21 25L20 25L20 23L19 23L19 22L20 22L20 20L18 20L18 21L17 21L17 20L15 20L15 21L13 21L13 20ZM18 21L18 22L19 22L19 21ZM21 21L21 24L24 24L24 21ZM10 22L10 23L12 23L12 22ZM22 22L22 23L23 23L23 22ZM13 23L13 24L14 24L14 25L12 25L12 26L14 26L14 25L15 25L15 26L16 26L16 25L15 25L15 23ZM24 27L24 28L25 28L25 27ZM0 0L0 7L7 7L7 0ZM1 1L1 6L6 6L6 1ZM2 2L2 5L5 5L5 2ZM22 0L22 7L29 7L29 0ZM23 1L23 6L28 6L28 1ZM24 2L24 5L27 5L27 2ZM0 22L0 29L7 29L7 22ZM1 23L1 28L6 28L6 23ZM2 24L2 27L5 27L5 24Z" fill="#000000"/></g></g></svg>
')
 3 SYSTEMPATH\CodeIgniter.php(942): App\Controllers\AdminController->approveTicket('34')
 4 SYSTEMPATH\CodeIgniter.php(502): CodeIgniter\CodeIgniter->runController(Object(App\Controllers\AdminController))
 5 SYSTEMPATH\CodeIgniter.php(361): CodeIgniter\CodeIgniter->handleRequest(null, Object(Config\Cache), false)
 6 FCPATH\index.php(79): CodeIgniter\CodeIgniter->run()
 7 SYSTEMPATH\Commands\Server\rewrite.php(47): require_once('C:\\laragon\\www\\DWCC2\\public\\index.php')
CRITICAL - 2024-04-17 07:44:25 --> file_put_contents(C:\laragon\www\DWCC2\uploads/payments/qrcode_34.svg): Failed to open stream: No such file or directory
in APPPATH\Controllers\AdminController.php on line 332.
 1 [internal function]: CodeIgniter\Debug\Exceptions->errorHandler(2, 'file_put_contents(C:\\laragon\\www\\DWCC2\\uploads/payments/qrcode_34.svg): Failed to open stream: No such file or directory', 'C:\\laragon\\www\\DWCC2\\app\\Controllers\\AdminController.php', 332)
 2 APPPATH\Controllers\AdminController.php(332): file_put_contents('C:\\laragon\\www\\DWCC2\\uploads/payments/qrcode_34.svg', '<?xml version="1.0" encoding="UTF-8"?>
<svg xmlns="http://www.w3.org/2000/svg" version="1.1" width="400" height="400" viewBox="0 0 400 400"><rect x="0" y="0" width="400" height="400" fill="#fefefe"/><g transform="scale(10.811)"><g transform="translate(4,4)"><path fill-rule="evenodd" d="M8 0L8 1L9 1L9 6L8 6L8 8L9 8L9 6L10 6L10 7L11 7L11 6L12 6L12 8L11 8L11 10L10 10L10 9L9 9L9 10L8 10L8 9L7 9L7 8L6 8L6 9L5 9L5 8L3 8L3 9L4 9L4 10L6 10L6 11L7 11L7 12L3 12L3 10L1 10L1 9L2 9L2 8L0 8L0 10L1 10L1 11L0 11L0 12L1 12L1 13L0 13L0 21L2 21L2 20L4 20L4 21L5 21L5 20L4 20L4 19L5 19L5 18L6 18L6 19L7 19L7 20L6 20L6 21L8 21L8 22L9 22L9 24L8 24L8 26L9 26L9 24L11 24L11 26L10 26L10 27L8 27L8 29L9 29L9 28L10 28L10 29L14 29L14 28L11 28L11 26L12 26L12 27L13 27L13 26L14 26L14 27L15 27L15 28L16 28L16 27L17 27L17 25L16 25L16 24L14 24L14 25L13 25L13 24L12 24L12 23L14 23L14 22L15 22L15 23L17 23L17 24L18 24L18 22L19 22L19 23L20 23L20 24L19 24L19 25L18 25L18 26L21 26L21 25L25 25L25 26L23 26L23 27L22 27L22 29L26 29L26 28L27 28L27 27L28 27L28 28L29 28L29 23L27 23L27 22L28 22L28 20L29 20L29 18L27 18L27 19L26 19L26 20L25 20L25 16L27 16L27 17L28 17L28 16L27 16L27 14L28 14L28 15L29 15L29 14L28 14L28 13L29 13L29 11L28 11L28 12L27 12L27 13L25 13L25 12L26 12L26 11L27 11L27 10L28 10L28 9L29 9L29 8L28 8L28 9L24 9L24 10L23 10L23 11L24 11L24 12L20 12L20 11L22 11L22 10L20 10L20 11L19 11L19 10L18 10L18 11L17 11L17 10L16 10L16 7L17 7L17 6L18 6L18 7L19 7L19 6L18 6L18 5L20 5L20 7L21 7L21 5L20 5L20 4L21 4L21 2L20 2L20 1L19 1L19 0L18 0L18 1L17 1L17 0L16 0L16 1L17 1L17 2L16 2L16 4L17 4L17 5L16 5L16 7L15 7L15 6L14 6L14 5L15 5L15 3L14 3L14 2L15 2L15 1L14 1L14 2L13 2L13 1L12 1L12 3L11 3L11 2L10 2L10 1L11 1L11 0ZM18 1L18 2L17 2L17 3L18 3L18 4L20 4L20 3L18 3L18 2L19 2L19 1ZM12 3L12 4L10 4L10 5L12 5L12 4L13 4L13 5L14 5L14 4L13 4L13 3ZM13 6L13 7L14 7L14 6ZM12 8L12 9L13 9L13 10L12 10L12 11L9 11L9 12L8 12L8 13L6 13L6 14L5 14L5 13L4 13L4 14L5 14L5 15L6 15L6 16L5 16L5 17L3 17L3 18L2 18L2 16L3 16L3 14L1 14L1 15L2 15L2 16L1 16L1 18L2 18L2 19L4 19L4 18L5 18L5 17L6 17L6 18L7 18L7 19L9 19L9 22L11 22L11 20L12 20L12 21L13 21L13 22L14 22L14 20L15 20L15 21L16 21L16 22L18 22L18 21L19 21L19 22L20 22L20 21L19 21L19 20L20 20L20 19L19 19L19 16L22 16L22 17L20 17L20 18L23 18L23 19L24 19L24 17L23 17L23 16L25 16L25 15L23 15L23 14L22 14L22 15L21 15L21 14L20 14L20 13L19 13L19 12L17 12L17 11L15 11L15 8ZM17 8L17 9L18 9L18 8ZM19 8L19 9L20 9L20 8ZM22 8L22 9L23 9L23 8ZM6 9L6 10L7 10L7 11L8 11L8 10L7 10L7 9ZM13 10L13 11L12 11L12 12L9 12L9 13L8 13L8 14L10 14L10 13L11 13L11 14L12 14L12 15L13 15L13 14L14 14L14 16L13 16L13 17L12 17L12 16L11 16L11 15L10 15L10 16L11 16L11 17L12 17L12 18L10 18L10 17L8 17L8 16L6 16L6 17L7 17L7 18L10 18L10 20L11 20L11 19L12 19L12 20L14 20L14 19L16 19L16 21L18 21L18 20L19 20L19 19L18 19L18 17L17 17L17 19L16 19L16 16L17 16L17 12L14 12L14 13L12 13L12 12L13 12L13 11L14 11L14 10ZM2 12L2 13L3 13L3 12ZM14 13L14 14L15 14L15 13ZM18 13L18 15L20 15L20 14L19 14L19 13ZM6 14L6 15L7 15L7 14ZM13 17L13 18L12 18L12 19L13 19L13 18L14 18L14 17ZM17 19L17 20L18 20L18 19ZM21 19L21 20L22 20L22 19ZM21 21L21 24L24 24L24 21ZM25 21L25 23L26 23L26 25L28 25L28 24L27 24L27 23L26 23L26 22L27 22L27 21ZM22 22L22 23L23 23L23 22ZM12 25L12 26L13 26L13 25ZM14 25L14 26L15 26L15 25ZM25 26L25 27L24 27L24 28L25 28L25 27L27 27L27 26ZM18 27L18 28L17 28L17 29L18 29L18 28L20 28L20 29L21 29L21 28L20 28L20 27ZM0 0L0 7L7 7L7 0ZM1 1L1 6L6 6L6 1ZM2 2L2 5L5 5L5 2ZM22 0L22 7L29 7L29 0ZM23 1L23 6L28 6L28 1ZM24 2L24 5L27 5L27 2ZM0 22L0 29L7 29L7 22ZM1 23L1 28L6 28L6 23ZM2 24L2 27L5 27L5 24Z" fill="#000000"/></g></g></svg>
')
 3 SYSTEMPATH\CodeIgniter.php(942): App\Controllers\AdminController->approveTicket('34')
 4 SYSTEMPATH\CodeIgniter.php(502): CodeIgniter\CodeIgniter->runController(Object(App\Controllers\AdminController))
 5 SYSTEMPATH\CodeIgniter.php(361): CodeIgniter\CodeIgniter->handleRequest(null, Object(Config\Cache), false)
 6 FCPATH\index.php(79): CodeIgniter\CodeIgniter->run()
 7 SYSTEMPATH\Commands\Server\rewrite.php(47): require_once('C:\\laragon\\www\\DWCC2\\public\\index.php')
CRITICAL - 2024-04-17 07:46:38 --> file_put_contents(C:\laragon\www\DWCC2\writable\uploads/payments/qrcode_34.svg): Failed to open stream: No such file or directory
in APPPATH\Controllers\AdminController.php on line 332.
 1 [internal function]: CodeIgniter\Debug\Exceptions->errorHandler(2, 'file_put_contents(C:\\laragon\\www\\DWCC2\\writable\\uploads/payments/qrcode_34.svg): Failed to open stream: No such file or directory', 'C:\\laragon\\www\\DWCC2\\app\\Controllers\\AdminController.php', 332)
 2 APPPATH\Controllers\AdminController.php(332): file_put_contents('C:\\laragon\\www\\DWCC2\\writable\\uploads/payments/qrcode_34.svg', '<?xml version="1.0" encoding="UTF-8"?>
<svg xmlns="http://www.w3.org/2000/svg" version="1.1" width="400" height="400" viewBox="0 0 400 400"><rect x="0" y="0" width="400" height="400" fill="#fefefe"/><g transform="scale(10.811)"><g transform="translate(4,4)"><path fill-rule="evenodd" d="M10 0L10 1L8 1L8 2L9 2L9 3L8 3L8 4L9 4L9 5L8 5L8 7L9 7L9 8L6 8L6 9L5 9L5 8L0 8L0 16L1 16L1 17L0 17L0 21L1 21L1 18L2 18L2 20L3 20L3 21L4 21L4 20L5 20L5 19L8 19L8 18L10 18L10 19L9 19L9 20L8 20L8 23L9 23L9 24L8 24L8 29L10 29L10 28L11 28L11 27L9 27L9 26L13 26L13 27L14 27L14 28L12 28L12 29L15 29L15 27L16 27L16 28L17 28L17 27L16 27L16 26L17 26L17 25L18 25L18 26L19 26L19 27L18 27L18 28L22 28L22 29L23 29L23 28L24 28L24 29L27 29L27 28L28 28L28 26L29 26L29 25L28 25L28 26L27 26L27 28L26 28L26 26L22 26L22 25L25 25L25 24L26 24L26 25L27 25L27 24L26 24L26 23L25 23L25 20L26 20L26 22L27 22L27 21L28 21L28 22L29 22L29 19L28 19L28 18L29 18L29 17L28 17L28 16L29 16L29 15L27 15L27 14L26 14L26 15L25 15L25 13L28 13L28 11L27 11L27 12L26 12L26 8L25 8L25 9L24 9L24 8L23 8L23 9L22 9L22 8L21 8L21 4L18 4L18 3L19 3L19 2L18 2L18 1L20 1L20 3L21 3L21 0L17 0L17 2L18 2L18 3L17 3L17 4L18 4L18 5L20 5L20 7L19 7L19 6L18 6L18 7L19 7L19 8L21 8L21 9L20 9L20 10L21 10L21 13L22 13L22 14L21 14L21 15L20 15L20 16L19 16L19 18L20 18L20 16L21 16L21 20L20 20L20 19L18 19L18 20L17 20L17 17L18 17L18 16L17 16L17 17L16 17L16 16L15 16L15 17L14 17L14 16L13 16L13 15L16 15L16 14L17 14L17 13L18 13L18 15L19 15L19 14L20 14L20 13L18 13L18 12L20 12L20 11L19 11L19 10L17 10L17 9L18 9L18 8L15 8L15 9L14 9L14 8L13 8L13 6L14 6L14 7L15 7L15 6L16 6L16 7L17 7L17 6L16 6L16 5L15 5L15 6L14 6L14 5L13 5L13 6L12 6L12 8L10 8L10 7L11 7L11 6L10 6L10 7L9 7L9 5L10 5L10 4L9 4L9 3L10 3L10 1L12 1L12 2L11 2L11 3L12 3L12 4L11 4L11 5L12 5L12 4L14 4L14 3L13 3L13 2L14 2L14 1L15 1L15 2L16 2L16 1L15 1L15 0ZM15 3L15 4L16 4L16 3ZM9 8L9 10L10 10L10 8ZM12 8L12 9L13 9L13 10L11 10L11 12L10 12L10 14L9 14L9 11L8 11L8 10L7 10L7 9L6 9L6 10L7 10L7 11L6 11L6 12L7 12L7 13L5 13L5 14L9 14L9 17L10 17L10 15L11 15L11 17L12 17L12 18L11 18L11 19L10 19L10 21L9 21L9 22L10 22L10 23L11 23L11 24L10 24L10 25L13 25L13 26L14 26L14 25L15 25L15 26L16 26L16 25L15 25L15 23L13 23L13 22L16 22L16 21L17 21L17 24L18 24L18 25L19 25L19 26L20 26L20 27L22 27L22 28L23 28L23 27L22 27L22 26L21 26L21 25L20 25L20 23L19 23L19 22L20 22L20 20L18 20L18 21L17 21L17 20L15 20L15 21L12 21L12 20L14 20L14 19L15 19L15 18L16 18L16 17L15 17L15 18L14 18L14 17L12 17L12 15L13 15L13 14L14 14L14 13L15 13L15 14L16 14L16 13L17 13L17 12L18 12L18 11L17 11L17 12L16 12L16 13L15 13L15 11L13 11L13 10L14 10L14 9L13 9L13 8ZM27 8L27 9L28 9L28 10L29 10L29 9L28 9L28 8ZM2 9L2 10L1 10L1 12L2 12L2 13L1 13L1 14L2 14L2 15L1 15L1 16L2 16L2 15L3 15L3 14L4 14L4 12L3 12L3 11L2 11L2 10L4 10L4 11L5 11L5 9ZM15 9L15 10L16 10L16 9ZM23 9L23 10L22 10L22 11L24 11L24 9ZM13 12L13 13L11 13L11 14L13 14L13 13L14 13L14 12ZM22 12L22 13L24 13L24 12ZM2 13L2 14L3 14L3 13ZM6 15L6 16L4 16L4 18L3 18L3 20L4 20L4 19L5 19L5 18L7 18L7 17L6 17L6 16L8 16L8 15ZM23 15L23 16L22 16L22 17L24 17L24 16L25 16L25 18L27 18L27 17L26 17L26 16L27 16L27 15L26 15L26 16L25 16L25 15ZM22 18L22 19L23 19L23 18ZM26 19L26 20L28 20L28 19ZM6 20L6 21L7 21L7 20ZM10 21L10 22L12 22L12 21ZM18 21L18 22L19 22L19 21ZM21 21L21 24L24 24L24 21ZM22 22L22 23L23 23L23 22ZM13 24L13 25L14 25L14 24ZM24 27L24 28L25 28L25 27ZM0 0L0 7L7 7L7 0ZM1 1L1 6L6 6L6 1ZM2 2L2 5L5 5L5 2ZM22 0L22 7L29 7L29 0ZM23 1L23 6L28 6L28 1ZM24 2L24 5L27 5L27 2ZM0 22L0 29L7 29L7 22ZM1 23L1 28L6 28L6 23ZM2 24L2 27L5 27L5 24Z" fill="#000000"/></g></g></svg>
')
 3 SYSTEMPATH\CodeIgniter.php(942): App\Controllers\AdminController->approveTicket('34')
 4 SYSTEMPATH\CodeIgniter.php(502): CodeIgniter\CodeIgniter->runController(Object(App\Controllers\AdminController))
 5 SYSTEMPATH\CodeIgniter.php(361): CodeIgniter\CodeIgniter->handleRequest(null, Object(Config\Cache), false)
 6 FCPATH\index.php(79): CodeIgniter\CodeIgniter->run()
 7 SYSTEMPATH\Commands\Server\rewrite.php(47): require_once('C:\\laragon\\www\\DWCC2\\public\\index.php')
CRITICAL - 2024-04-17 07:54:54 --> file_put_contents(C:\laragon\www\DWCC2\writable\uploads/qrcodes/qrcode_34.svg): Failed to open stream: No such file or directory
in APPPATH\Controllers\AdminController.php on line 332.
 1 [internal function]: CodeIgniter\Debug\Exceptions->errorHandler(2, 'file_put_contents(C:\\laragon\\www\\DWCC2\\writable\\uploads/qrcodes/qrcode_34.svg): Failed to open stream: No such file or directory', 'C:\\laragon\\www\\DWCC2\\app\\Controllers\\AdminController.php', 332)
 2 APPPATH\Controllers\AdminController.php(332): file_put_contents('C:\\laragon\\www\\DWCC2\\writable\\uploads/qrcodes/qrcode_34.svg', '<?xml version="1.0" encoding="UTF-8"?>
<svg xmlns="http://www.w3.org/2000/svg" version="1.1" width="400" height="400" viewBox="0 0 400 400"><rect x="0" y="0" width="400" height="400" fill="#fefefe"/><g transform="scale(10.811)"><g transform="translate(4,4)"><path fill-rule="evenodd" d="M8 0L8 4L9 4L9 3L10 3L10 4L11 4L11 5L12 5L12 8L13 8L13 5L14 5L14 7L15 7L15 5L16 5L16 4L17 4L17 3L18 3L18 5L19 5L19 6L18 6L18 7L17 7L17 6L16 6L16 9L15 9L15 8L14 8L14 9L11 9L11 6L10 6L10 5L8 5L8 7L9 7L9 9L8 9L8 10L9 10L9 12L6 12L6 13L2 13L2 14L1 14L1 15L0 15L0 18L1 18L1 16L2 16L2 14L3 14L3 15L4 15L4 14L6 14L6 15L7 15L7 14L8 14L8 13L9 13L9 12L10 12L10 10L11 10L11 12L12 12L12 11L15 11L15 12L14 12L14 13L11 13L11 14L10 14L10 15L9 15L9 17L7 17L7 16L6 16L6 17L7 17L7 18L6 18L6 19L5 19L5 17L4 17L4 16L3 16L3 18L2 18L2 20L0 20L0 21L4 21L4 20L6 20L6 21L8 21L8 22L9 22L9 21L10 21L10 22L11 22L11 23L8 23L8 25L9 25L9 27L8 27L8 29L10 29L10 28L12 28L12 26L13 26L13 25L11 25L11 24L13 24L13 23L15 23L15 24L14 24L14 25L15 25L15 27L17 27L17 28L18 28L18 27L19 27L19 29L23 29L23 27L20 27L20 26L21 26L21 25L25 25L25 27L24 27L24 29L25 29L25 28L26 28L26 26L27 26L27 29L28 29L28 28L29 28L29 25L28 25L28 24L29 24L29 20L28 20L28 21L27 21L27 22L28 22L28 24L27 24L27 25L26 25L26 23L25 23L25 22L26 22L26 19L29 19L29 17L28 17L28 18L27 18L27 17L26 17L26 15L27 15L27 16L28 16L28 15L29 15L29 14L28 14L28 13L25 13L25 12L26 12L26 10L28 10L28 11L27 11L27 12L29 12L29 8L25 8L25 9L24 9L24 8L23 8L23 9L22 9L22 10L21 10L21 12L20 12L20 11L19 11L19 13L18 13L18 11L17 11L17 13L15 13L15 12L16 12L16 10L17 10L17 9L18 9L18 8L19 8L19 10L20 10L20 9L21 9L21 6L20 6L20 5L19 5L19 3L18 3L18 1L19 1L19 2L20 2L20 3L21 3L21 2L20 2L20 1L19 1L19 0L17 0L17 2L16 2L16 3L15 3L15 4L14 4L14 3L10 3L10 2L11 2L11 1L12 1L12 2L13 2L13 1L12 1L12 0L11 0L11 1L10 1L10 2L9 2L9 0ZM15 0L15 1L14 1L14 2L15 2L15 1L16 1L16 0ZM9 6L9 7L10 7L10 6ZM19 6L19 7L20 7L20 6ZM0 8L0 9L2 9L2 8ZM4 8L4 9L3 9L3 10L0 10L0 12L1 12L1 11L2 11L2 12L3 12L3 10L4 10L4 11L5 11L5 9L7 9L7 8ZM14 9L14 10L15 10L15 9ZM23 9L23 10L24 10L24 11L22 11L22 12L21 12L21 13L24 13L24 12L25 12L25 10L26 10L26 9L25 9L25 10L24 10L24 9ZM6 10L6 11L7 11L7 10ZM6 13L6 14L7 14L7 13ZM14 13L14 14L15 14L15 13ZM17 13L17 14L18 14L18 15L19 15L19 16L18 16L18 17L17 17L17 16L16 16L16 15L10 15L10 16L11 16L11 17L12 17L12 18L13 18L13 21L12 21L12 20L11 20L11 21L12 21L12 23L13 23L13 21L15 21L15 20L14 20L14 19L15 19L15 17L17 17L17 18L16 18L16 21L17 21L17 22L16 22L16 24L15 24L15 25L16 25L16 24L17 24L17 22L18 22L18 21L19 21L19 19L20 19L20 20L21 20L21 18L22 18L22 17L24 17L24 16L23 16L23 15L26 15L26 14L22 14L22 16L21 16L21 18L20 18L20 15L21 15L21 14L20 14L20 13L19 13L19 14L18 14L18 13ZM27 14L27 15L28 15L28 14ZM12 16L12 17L13 17L13 18L14 18L14 17L15 17L15 16L14 16L14 17L13 17L13 16ZM9 17L9 19L6 19L6 20L10 20L10 19L11 19L11 18L10 18L10 17ZM3 18L3 20L4 20L4 18ZM17 18L17 21L18 21L18 19L19 19L19 18ZM23 18L23 19L22 19L22 20L25 20L25 18ZM21 21L21 24L24 24L24 21ZM22 22L22 23L23 23L23 22ZM19 23L19 24L18 24L18 25L17 25L17 26L18 26L18 25L19 25L19 24L20 24L20 23ZM9 24L9 25L10 25L10 24ZM14 28L14 29L16 29L16 28ZM0 0L0 7L7 7L7 0ZM1 1L1 6L6 6L6 1ZM2 2L2 5L5 5L5 2ZM22 0L22 7L29 7L29 0ZM23 1L23 6L28 6L28 1ZM24 2L24 5L27 5L27 2ZM0 22L0 29L7 29L7 22ZM1 23L1 28L6 28L6 23ZM2 24L2 27L5 27L5 24Z" fill="#000000"/></g></g></svg>
')
 3 SYSTEMPATH\CodeIgniter.php(942): App\Controllers\AdminController->approveTicket('34')
 4 SYSTEMPATH\CodeIgniter.php(502): CodeIgniter\CodeIgniter->runController(Object(App\Controllers\AdminController))
 5 SYSTEMPATH\CodeIgniter.php(361): CodeIgniter\CodeIgniter->handleRequest(null, Object(Config\Cache), false)
 6 FCPATH\index.php(79): CodeIgniter\CodeIgniter->run()
 7 SYSTEMPATH\Commands\Server\rewrite.php(47): require_once('C:\\laragon\\www\\DWCC2\\public\\index.php')
CRITICAL - 2024-04-17 07:57:23 --> file_put_contents(C:\laragon\www\DWCC2\uploads/qrcode36.svg): Failed to open stream: No such file or directory
in APPPATH\Controllers\AdminController.php on line 330.
 1 [internal function]: CodeIgniter\Debug\Exceptions->errorHandler(2, 'file_put_contents(C:\\laragon\\www\\DWCC2\\uploads/qrcode36.svg): Failed to open stream: No such file or directory', 'C:\\laragon\\www\\DWCC2\\app\\Controllers\\AdminController.php', 330)
 2 APPPATH\Controllers\AdminController.php(330): file_put_contents('C:\\laragon\\www\\DWCC2\\uploads/qrcode36.svg', '<?xml version="1.0" encoding="UTF-8"?>
<svg xmlns="http://www.w3.org/2000/svg" version="1.1" width="400" height="400" viewBox="0 0 400 400"><rect x="0" y="0" width="400" height="400" fill="#fefefe"/><g transform="scale(10.811)"><g transform="translate(4,4)"><path fill-rule="evenodd" d="M9 0L9 1L8 1L8 2L9 2L9 3L8 3L8 4L9 4L9 5L8 5L8 7L9 7L9 8L6 8L6 9L5 9L5 8L0 8L0 9L3 9L3 10L4 10L4 11L5 11L5 10L6 10L6 11L7 11L7 10L6 10L6 9L9 9L9 8L10 8L10 10L8 10L8 12L9 12L9 14L8 14L8 13L7 13L7 12L6 12L6 13L7 13L7 14L6 14L6 15L7 15L7 16L4 16L4 17L5 17L5 19L7 19L7 20L6 20L6 21L8 21L8 23L9 23L9 22L10 22L10 21L9 21L9 20L10 20L10 17L7 17L7 16L10 16L10 12L12 12L12 13L11 13L11 14L12 14L12 15L11 15L11 16L12 16L12 17L11 17L11 18L12 18L12 17L14 17L14 18L15 18L15 19L14 19L14 20L13 20L13 19L11 19L11 20L13 20L13 21L11 21L11 22L13 22L13 23L15 23L15 25L14 25L14 24L12 24L12 25L11 25L11 23L10 23L10 25L9 25L9 24L8 24L8 29L10 29L10 27L9 27L9 26L10 26L10 25L11 25L11 26L12 26L12 28L13 28L13 29L14 29L14 28L13 28L13 26L15 26L15 27L16 27L16 28L17 28L17 27L16 27L16 26L17 26L17 25L18 25L18 26L19 26L19 27L18 27L18 28L22 28L22 29L23 29L23 28L24 28L24 29L27 29L27 28L28 28L28 26L29 26L29 25L28 25L28 26L27 26L27 28L26 28L26 26L22 26L22 25L25 25L25 24L26 24L26 25L27 25L27 24L26 24L26 23L25 23L25 20L26 20L26 22L27 22L27 21L28 21L28 22L29 22L29 19L28 19L28 18L29 18L29 17L28 17L28 16L29 16L29 15L27 15L27 14L26 14L26 15L25 15L25 13L28 13L28 11L27 11L27 12L26 12L26 8L25 8L25 9L24 9L24 8L23 8L23 9L22 9L22 8L21 8L21 4L18 4L18 3L19 3L19 2L18 2L18 1L20 1L20 3L21 3L21 0L17 0L17 2L18 2L18 3L17 3L17 4L18 4L18 5L20 5L20 7L19 7L19 6L18 6L18 7L19 7L19 8L21 8L21 9L20 9L20 10L21 10L21 13L22 13L22 14L21 14L21 15L20 15L20 16L19 16L19 18L20 18L20 16L21 16L21 20L20 20L20 19L18 19L18 20L17 20L17 17L18 17L18 16L17 16L17 17L16 17L16 16L15 16L15 17L14 17L14 16L13 16L13 15L16 15L16 14L17 14L17 13L18 13L18 15L19 15L19 14L20 14L20 13L18 13L18 12L20 12L20 11L19 11L19 10L17 10L17 9L18 9L18 8L15 8L15 9L14 9L14 8L13 8L13 6L14 6L14 7L15 7L15 6L16 6L16 7L17 7L17 6L16 6L16 5L15 5L15 6L14 6L14 5L13 5L13 6L12 6L12 7L11 7L11 6L10 6L10 7L9 7L9 5L10 5L10 4L9 4L9 3L12 3L12 4L11 4L11 5L12 5L12 4L14 4L14 3L12 3L12 2L14 2L14 1L15 1L15 2L16 2L16 1L15 1L15 0ZM10 1L10 2L12 2L12 1ZM15 3L15 4L16 4L16 3ZM10 7L10 8L11 8L11 9L13 9L13 10L14 10L14 9L13 9L13 8L11 8L11 7ZM27 8L27 9L28 9L28 10L29 10L29 9L28 9L28 8ZM15 9L15 10L16 10L16 9ZM23 9L23 10L22 10L22 11L24 11L24 9ZM1 10L1 11L0 11L0 13L1 13L1 12L2 12L2 13L4 13L4 12L3 12L3 11L2 11L2 10ZM11 10L11 11L12 11L12 12L14 12L14 13L12 13L12 14L14 14L14 13L15 13L15 14L16 14L16 13L17 13L17 12L18 12L18 11L17 11L17 12L16 12L16 13L15 13L15 11L12 11L12 10ZM22 12L22 13L24 13L24 12ZM4 14L4 15L5 15L5 14ZM0 15L0 16L1 16L1 17L0 17L0 21L1 21L1 18L2 18L2 17L3 17L3 16L2 16L2 15ZM23 15L23 16L22 16L22 17L24 17L24 16L25 16L25 18L27 18L27 17L26 17L26 16L27 16L27 15L26 15L26 16L25 16L25 15ZM6 17L6 18L7 18L7 19L8 19L8 20L9 20L9 18L7 18L7 17ZM15 17L15 18L16 18L16 17ZM3 18L3 19L2 19L2 21L4 21L4 20L3 20L3 19L4 19L4 18ZM22 18L22 19L23 19L23 18ZM26 19L26 20L28 20L28 19ZM15 20L15 21L13 21L13 22L16 22L16 21L17 21L17 24L18 24L18 25L19 25L19 26L20 26L20 27L22 27L22 28L23 28L23 27L22 27L22 26L20 26L20 23L19 23L19 22L20 22L20 20L18 20L18 21L17 21L17 20ZM18 21L18 22L19 22L19 21ZM21 21L21 24L24 24L24 21ZM22 22L22 23L23 23L23 22ZM12 25L12 26L13 26L13 25ZM15 25L15 26L16 26L16 25ZM24 27L24 28L25 28L25 27ZM0 0L0 7L7 7L7 0ZM1 1L1 6L6 6L6 1ZM2 2L2 5L5 5L5 2ZM22 0L22 7L29 7L29 0ZM23 1L23 6L28 6L28 1ZM24 2L24 5L27 5L27 2ZM0 22L0 29L7 29L7 22ZM1 23L1 28L6 28L6 23ZM2 24L2 27L5 27L5 24Z" fill="#000000"/></g></g></svg>
')
 3 SYSTEMPATH\CodeIgniter.php(942): App\Controllers\AdminController->approveTicket('36')
 4 SYSTEMPATH\CodeIgniter.php(502): CodeIgniter\CodeIgniter->runController(Object(App\Controllers\AdminController))
 5 SYSTEMPATH\CodeIgniter.php(361): CodeIgniter\CodeIgniter->handleRequest(null, Object(Config\Cache), false)
 6 FCPATH\index.php(79): CodeIgniter\CodeIgniter->run()
 7 SYSTEMPATH\Commands\Server\rewrite.php(47): require_once('C:\\laragon\\www\\DWCC2\\public\\index.php')
CRITICAL - 2024-04-17 08:06:15 --> Class "Intervention\Image\Facades\Image" not found
in APPPATH\Controllers\AdminController.php on line 339.
 1 SYSTEMPATH\CodeIgniter.php(942): App\Controllers\AdminController->approveTicket('39')
 2 SYSTEMPATH\CodeIgniter.php(502): CodeIgniter\CodeIgniter->runController(Object(App\Controllers\AdminController))
 3 SYSTEMPATH\CodeIgniter.php(361): CodeIgniter\CodeIgniter->handleRequest(null, Object(Config\Cache), false)
 4 FCPATH\index.php(79): CodeIgniter\CodeIgniter->run()
 5 SYSTEMPATH\Commands\Server\rewrite.php(47): require_once('C:\\laragon\\www\\DWCC2\\public\\index.php')
CRITICAL - 2024-04-17 08:13:36 --> Class "Intervention\Image\ImageManagerStatic" not found
in APPPATH\Controllers\AdminController.php on line 341.
 1 SYSTEMPATH\CodeIgniter.php(942): App\Controllers\AdminController->approveTicket('39')
 2 SYSTEMPATH\CodeIgniter.php(502): CodeIgniter\CodeIgniter->runController(Object(App\Controllers\AdminController))
 3 SYSTEMPATH\CodeIgniter.php(361): CodeIgniter\CodeIgniter->handleRequest(null, Object(Config\Cache), false)
 4 FCPATH\index.php(79): CodeIgniter\CodeIgniter->run()
 5 SYSTEMPATH\Commands\Server\rewrite.php(47): require_once('C:\\laragon\\www\\DWCC2\\public\\index.php')
CRITICAL - 2024-04-17 08:17:23 --> The supplied file is not a supported image type.
in SYSTEMPATH\Images\Image.php on line 105.
 1 SYSTEMPATH\Images\Image.php(105): CodeIgniter\Images\Exceptions\ImageException::forFileNotSupported()
 2 SYSTEMPATH\Images\Handlers\BaseHandler.php(150): CodeIgniter\Images\Image->getProperties(false)
 3 APPPATH\Controllers\AdminController.php(344): CodeIgniter\Images\Handlers\BaseHandler->withFile('C:\\laragon\\www\\DWCC2\\public/uploads/qrcodes/qrcode_39.svg')
 4 SYSTEMPATH\CodeIgniter.php(942): App\Controllers\AdminController->approveTicket('39')
 5 SYSTEMPATH\CodeIgniter.php(502): CodeIgniter\CodeIgniter->runController(Object(App\Controllers\AdminController))
 6 SYSTEMPATH\CodeIgniter.php(361): CodeIgniter\CodeIgniter->handleRequest(null, Object(Config\Cache), false)
 7 FCPATH\index.php(79): CodeIgniter\CodeIgniter->run()
 8 SYSTEMPATH\Commands\Server\rewrite.php(47): require_once('C:\\laragon\\www\\DWCC2\\public\\index.php')
CRITICAL - 2024-04-17 08:51:16 --> You need to install the imagick extension to use this back end
in VENDORPATH\bacon\bacon-qr-code\src\Renderer\Image\ImagickImageBackEnd.php on line 64.
 1 APPPATH\Controllers\AdminController.php(324): BaconQrCode\Renderer\Image\ImagickImageBackEnd->__construct()
 2 SYSTEMPATH\CodeIgniter.php(942): App\Controllers\AdminController->approveTicket('38')
 3 SYSTEMPATH\CodeIgniter.php(502): CodeIgniter\CodeIgniter->runController(Object(App\Controllers\AdminController))
 4 SYSTEMPATH\CodeIgniter.php(361): CodeIgniter\CodeIgniter->handleRequest(null, Object(Config\Cache), false)
 5 FCPATH\index.php(79): CodeIgniter\CodeIgniter->run()
 6 SYSTEMPATH\Commands\Server\rewrite.php(47): require_once('C:\\laragon\\www\\DWCC2\\public\\index.php')
CRITICAL - 2024-04-17 09:08:23 --> You need to install the imagick extension to use this back end
in VENDORPATH\bacon\bacon-qr-code\src\Renderer\Image\ImagickImageBackEnd.php on line 64.
 1 APPPATH\Controllers\AdminController.php(324): BaconQrCode\Renderer\Image\ImagickImageBackEnd->__construct()
 2 SYSTEMPATH\CodeIgniter.php(942): App\Controllers\AdminController->approveTicket('36')
 3 SYSTEMPATH\CodeIgniter.php(502): CodeIgniter\CodeIgniter->runController(Object(App\Controllers\AdminController))
 4 SYSTEMPATH\CodeIgniter.php(361): CodeIgniter\CodeIgniter->handleRequest(null, Object(Config\Cache), false)
 5 FCPATH\index.php(79): CodeIgniter\CodeIgniter->run()
 6 SYSTEMPATH\Commands\Server\rewrite.php(47): require_once('C:\\laragon\\www\\DWCC2\\public\\index.php')
